02:50:54 **** Build of configuration Debug for project PN532 ****
make -j8 all 
arm-none-eabi-gcc "../Drivers/STM32F4xx_HAL_Driver/Src/stm32f4xx_hal.c" -mcpu=cortex-m4 -std=gnu11 -g3 -DDEBUG -DUSE_HAL_DRIVER -DSTM32F411xE -c -I../Core/Inc -I../Drivers/STM32F4xx_HAL_Driver/Inc -I../Drivers/STM32F4xx_HAL_Driver/Inc/Legacy -I../Drivers/CMSIS/Device/ST/STM32F4xx/Include -I../Drivers/CMSIS/Include -O0 -ffunction-sections -fdata-sections -Wall -fstack-usage -fcyclomatic-complexity -MMD -MP -MF"Drivers/STM32F4xx_HAL_Driver/Src/stm32f4xx_hal.d" -MT"Drivers/STM32F4xx_HAL_Driver/Src/stm32f4xx_hal.o" --specs=nano.specs -mfpu=fpv4-sp-d16 -mfloat-abi=hard -mthumb -o "Drivers/STM32F4xx_HAL_Driver/Src/stm32f4xx_hal.o"
arm-none-eabi-gcc "../Drivers/STM32F4xx_HAL_Driver/Src/stm32f4xx_hal_cortex.c" -mcpu=cortex-m4 -std=gnu11 -g3 -DDEBUG -DUSE_HAL_DRIVER -DSTM32F411xE -c -I../Core/Inc -I../Drivers/STM32F4xx_HAL_Driver/Inc -I../Drivers/STM32F4xx_HAL_Driver/Inc/Legacy -I../Drivers/CMSIS/Device/ST/STM32F4xx/Include -I../Drivers/CMSIS/Include -O0 -ffunction-sections -fdata-sections -Wall -fstack-usage -fcyclomatic-complexity -MMD -MP -MF"Drivers/STM32F4xx_HAL_Driver/Src/stm32f4xx_hal_cortex.d" -MT"Drivers/STM32F4xx_HAL_Driver/Src/stm32f4xx_hal_cortex.o" --specs=nano.specs -mfpu=fpv4-sp-d16 -mfloat-abi=hard -mthumb -o "Drivers/STM32F4xx_HAL_Driver/Src/stm32f4xx_hal_cortex.o"
arm-none-eabi-gcc "../Drivers/STM32F4xx_HAL_Driver/Src/stm32f4xx_hal_dma.c" -mcpu=cortex-m4 -std=gnu11 -g3 -DDEBUG -DUSE_HAL_DRIVER -DSTM32F411xE -c -I../Core/Inc -I../Drivers/STM32F4xx_HAL_Driver/Inc -I../Drivers/STM32F4xx_HAL_Driver/Inc/Legacy -I../Drivers/CMSIS/Device/ST/STM32F4xx/Include -I../Drivers/CMSIS/Include -O0 -ffunction-sections -fdata-sections -Wall -fstack-usage -fcyclomatic-complexity -MMD -MP -MF"Drivers/STM32F4xx_HAL_Driver/Src/stm32f4xx_hal_dma.d" -MT"Drivers/STM32F4xx_HAL_Driver/Src/stm32f4xx_hal_dma.o" --specs=nano.specs -mfpu=fpv4-sp-d16 -mfloat-abi=hard -mthumb -o "Drivers/STM32F4xx_HAL_Driver/Src/stm32f4xx_hal_dma.o"
arm-none-eabi-gcc "../Drivers/STM32F4xx_HAL_Driver/Src/stm32f4xx_hal_dma_ex.c" -mcpu=cortex-m4 -std=gnu11 -g3 -DDEBUG -DUSE_HAL_DRIVER -DSTM32F411xE -c -I../Core/Inc -I../Drivers/STM32F4xx_HAL_Driver/Inc -I../Drivers/STM32F4xx_HAL_Driver/Inc/Legacy -I../Drivers/CMSIS/Device/ST/STM32F4xx/Include -I../Drivers/CMSIS/Include -O0 -ffunction-sections -fdata-sections -Wall -fstack-usage -fcyclomatic-complexity -MMD -MP -MF"Drivers/STM32F4xx_HAL_Driver/Src/stm32f4xx_hal_dma_ex.d" -MT"Drivers/STM32F4xx_HAL_Driver/Src/stm32f4xx_hal_dma_ex.o" --specs=nano.specs -mfpu=fpv4-sp-d16 -mfloat-abi=hard -mthumb -o "Drivers/STM32F4xx_HAL_Driver/Src/stm32f4xx_hal_dma_ex.o"
arm-none-eabi-gcc "../Drivers/STM32F4xx_HAL_Driver/Src/stm32f4xx_hal_exti.c" -mcpu=cortex-m4 -std=gnu11 -g3 -DDEBUG -DUSE_HAL_DRIVER -DSTM32F411xE -c -I../Core/Inc -I../Drivers/STM32F4xx_HAL_Driver/Inc -I../Drivers/STM32F4xx_HAL_Driver/Inc/Legacy -I../Drivers/CMSIS/Device/ST/STM32F4xx/Include -I../Drivers/CMSIS/Include -O0 -ffunction-sections -fdata-sections -Wall -fstack-usage -fcyclomatic-complexity -MMD -MP -MF"Drivers/STM32F4xx_HAL_Driver/Src/stm32f4xx_hal_exti.d" -MT"Drivers/STM32F4xx_HAL_Driver/Src/stm32f4xx_hal_exti.o" --specs=nano.specs -mfpu=fpv4-sp-d16 -mfloat-abi=hard -mthumb -o "Drivers/STM32F4xx_HAL_Driver/Src/stm32f4xx_hal_exti.o"
arm-none-eabi-gcc "../Drivers/STM32F4xx_HAL_Driver/Src/stm32f4xx_hal_flash.c" -mcpu=cortex-m4 -std=gnu11 -g3 -DDEBUG -DUSE_HAL_DRIVER -DSTM32F411xE -c -I../Core/Inc -I../Drivers/STM32F4xx_HAL_Driver/Inc -I../Drivers/STM32F4xx_HAL_Driver/Inc/Legacy -I../Drivers/CMSIS/Device/ST/STM32F4xx/Include -I../Drivers/CMSIS/Include -O0 -ffunction-sections -fdata-sections -Wall -fstack-usage -fcyclomatic-complexity -MMD -MP -MF"Drivers/STM32F4xx_HAL_Driver/Src/stm32f4xx_hal_flash.d" -MT"Drivers/STM32F4xx_HAL_Driver/Src/stm32f4xx_hal_flash.o" --specs=nano.specs -mfpu=fpv4-sp-d16 -mfloat-abi=hard -mthumb -o "Drivers/STM32F4xx_HAL_Driver/Src/stm32f4xx_hal_flash.o"
arm-none-eabi-gcc "../Drivers/STM32F4xx_HAL_Driver/Src/stm32f4xx_hal_flash_ex.c" -mcpu=cortex-m4 -std=gnu11 -g3 -DDEBUG -DUSE_HAL_DRIVER -DSTM32F411xE -c -I../Core/Inc -I../Drivers/STM32F4xx_HAL_Driver/Inc -I../Drivers/STM32F4xx_HAL_Driver/Inc/Legacy -I../Drivers/CMSIS/Device/ST/STM32F4xx/Include -I../Drivers/CMSIS/Include -O0 -ffunction-sections -fdata-sections -Wall -fstack-usage -fcyclomatic-complexity -MMD -MP -MF"Drivers/STM32F4xx_HAL_Driver/Src/stm32f4xx_hal_flash_ex.d" -MT"Drivers/STM32F4xx_HAL_Driver/Src/stm32f4xx_hal_flash_ex.o" --specs=nano.specs -mfpu=fpv4-sp-d16 -mfloat-abi=hard -mthumb -o "Drivers/STM32F4xx_HAL_Driver/Src/stm32f4xx_hal_flash_ex.o"
arm-none-eabi-gcc "../Drivers/STM32F4xx_HAL_Driver/Src/stm32f4xx_hal_flash_ramfunc.c" -mcpu=cortex-m4 -std=gnu11 -g3 -DDEBUG -DUSE_HAL_DRIVER -DSTM32F411xE -c -I../Core/Inc -I../Drivers/STM32F4xx_HAL_Driver/Inc -I../Drivers/STM32F4xx_HAL_Driver/Inc/Legacy -I../Drivers/CMSIS/Device/ST/STM32F4xx/Include -I../Drivers/CMSIS/Include -O0 -ffunction-sections -fdata-sections -Wall -fstack-usage -fcyclomatic-complexity -MMD -MP -MF"Drivers/STM32F4xx_HAL_Driver/Src/stm32f4xx_hal_flash_ramfunc.d" -MT"Drivers/STM32F4xx_HAL_Driver/Src/stm32f4xx_hal_flash_ramfunc.o" --specs=nano.specs -mfpu=fpv4-sp-d16 -mfloat-abi=hard -mthumb -o "Drivers/STM32F4xx_HAL_Driver/Src/stm32f4xx_hal_flash_ramfunc.o"
arm-none-eabi-gcc "../Drivers/STM32F4xx_HAL_Driver/Src/stm32f4xx_hal_gpio.c" -mcpu=cortex-m4 -std=gnu11 -g3 -DDEBUG -DUSE_HAL_DRIVER -DSTM32F411xE -c -I../Core/Inc -I../Drivers/STM32F4xx_HAL_Driver/Inc -I../Drivers/STM32F4xx_HAL_Driver/Inc/Legacy -I../Drivers/CMSIS/Device/ST/STM32F4xx/Include -I../Drivers/CMSIS/Include -O0 -ffunction-sections -fdata-sections -Wall -fstack-usage -fcyclomatic-complexity -MMD -MP -MF"Drivers/STM32F4xx_HAL_Driver/Src/stm32f4xx_hal_gpio.d" -MT"Drivers/STM32F4xx_HAL_Driver/Src/stm32f4xx_hal_gpio.o" --specs=nano.specs -mfpu=fpv4-sp-d16 -mfloat-abi=hard -mthumb -o "Drivers/STM32F4xx_HAL_Driver/Src/stm32f4xx_hal_gpio.o"
arm-none-eabi-gcc "../Drivers/STM32F4xx_HAL_Driver/Src/stm32f4xx_hal_pwr.c" -mcpu=cortex-m4 -std=gnu11 -g3 -DDEBUG -DUSE_HAL_DRIVER -DSTM32F411xE -c -I../Core/Inc -I../Drivers/STM32F4xx_HAL_Driver/Inc -I../Drivers/STM32F4xx_HAL_Driver/Inc/Legacy -I../Drivers/CMSIS/Device/ST/STM32F4xx/Include -I../Drivers/CMSIS/Include -O0 -ffunction-sections -fdata-sections -Wall -fstack-usage -fcyclomatic-complexity -MMD -MP -MF"Drivers/STM32F4xx_HAL_Driver/Src/stm32f4xx_hal_pwr.d" -MT"Drivers/STM32F4xx_HAL_Driver/Src/stm32f4xx_hal_pwr.o" --specs=nano.specs -mfpu=fpv4-sp-d16 -mfloat-abi=hard -mthumb -o "Drivers/STM32F4xx_HAL_Driver/Src/stm32f4xx_hal_pwr.o"
arm-none-eabi-gcc "../Drivers/STM32F4xx_HAL_Driver/Src/stm32f4xx_hal_pwr_ex.c" -mcpu=cortex-m4 -std=gnu11 -g3 -DDEBUG -DUSE_HAL_DRIVER -DSTM32F411xE -c -I../Core/Inc -I../Drivers/STM32F4xx_HAL_Driver/Inc -I../Drivers/STM32F4xx_HAL_Driver/Inc/Legacy -I../Drivers/CMSIS/Device/ST/STM32F4xx/Include -I../Drivers/CMSIS/Include -O0 -ffunction-sections -fdata-sections -Wall -fstack-usage -fcyclomatic-complexity -MMD -MP -MF"Drivers/STM32F4xx_HAL_Driver/Src/stm32f4xx_hal_pwr_ex.d" -MT"Drivers/STM32F4xx_HAL_Driver/Src/stm32f4xx_hal_pwr_ex.o" --specs=nano.specs -mfpu=fpv4-sp-d16 -mfloat-abi=hard -mthumb -o "Drivers/STM32F4xx_HAL_Driver/Src/stm32f4xx_hal_pwr_ex.o"
arm-none-eabi-gcc "../Drivers/STM32F4xx_HAL_Driver/Src/stm32f4xx_hal_rcc.c" -mcpu=cortex-m4 -std=gnu11 -g3 -DDEBUG -DUSE_HAL_DRIVER -DSTM32F411xE -c -I../Core/Inc -I../Drivers/STM32F4xx_HAL_Driver/Inc -I../Drivers/STM32F4xx_HAL_Driver/Inc/Legacy -I../Drivers/CMSIS/Device/ST/STM32F4xx/Include -I../Drivers/CMSIS/Include -O0 -ffunction-sections -fdata-sections -Wall -fstack-usage -fcyclomatic-complexity -MMD -MP -MF"Drivers/STM32F4xx_HAL_Driver/Src/stm32f4xx_hal_rcc.d" -MT"Drivers/STM32F4xx_HAL_Driver/Src/stm32f4xx_hal_rcc.o" --specs=nano.specs -mfpu=fpv4-sp-d16 -mfloat-abi=hard -mthumb -o "Drivers/STM32F4xx_HAL_Driver/Src/stm32f4xx_hal_rcc.o"
arm-none-eabi-gcc "../Drivers/STM32F4xx_HAL_Driver/Src/stm32f4xx_hal_rcc_ex.c" -mcpu=cortex-m4 -std=gnu11 -g3 -DDEBUG -DUSE_HAL_DRIVER -DSTM32F411xE -c -I../Core/Inc -I../Drivers/STM32F4xx_HAL_Driver/Inc -I../Drivers/STM32F4xx_HAL_Driver/Inc/Legacy -I../Drivers/CMSIS/Device/ST/STM32F4xx/Include -I../Drivers/CMSIS/Include -O0 -ffunction-sections -fdata-sections -Wall -fstack-usage -fcyclomatic-complexity -MMD -MP -MF"Drivers/STM32F4xx_HAL_Driver/Src/stm32f4xx_hal_rcc_ex.d" -MT"Drivers/STM32F4xx_HAL_Driver/Src/stm32f4xx_hal_rcc_ex.o" --specs=nano.specs -mfpu=fpv4-sp-d16 -mfloat-abi=hard -mthumb -o "Drivers/STM32F4xx_HAL_Driver/Src/stm32f4xx_hal_rcc_ex.o"
arm-none-eabi-gcc "../Drivers/STM32F4xx_HAL_Driver/Src/stm32f4xx_hal_tim.c" -mcpu=cortex-m4 -std=gnu11 -g3 -DDEBUG -DUSE_HAL_DRIVER -DSTM32F411xE -c -I../Core/Inc -I../Drivers/STM32F4xx_HAL_Driver/Inc -I../Drivers/STM32F4xx_HAL_Driver/Inc/Legacy -I../Drivers/CMSIS/Device/ST/STM32F4xx/Include -I../Drivers/CMSIS/Include -O0 -ffunction-sections -fdata-sections -Wall -fstack-usage -fcyclomatic-complexity -MMD -MP -MF"Drivers/STM32F4xx_HAL_Driver/Src/stm32f4xx_hal_tim.d" -MT"Drivers/STM32F4xx_HAL_Driver/Src/stm32f4xx_hal_tim.o" --specs=nano.specs -mfpu=fpv4-sp-d16 -mfloat-abi=hard -mthumb -o "Drivers/STM32F4xx_HAL_Driver/Src/stm32f4xx_hal_tim.o"
arm-none-eabi-gcc "../Drivers/STM32F4xx_HAL_Driver/Src/stm32f4xx_hal_tim_ex.c" -mcpu=cortex-m4 -std=gnu11 -g3 -DDEBUG -DUSE_HAL_DRIVER -DSTM32F411xE -c -I../Core/Inc -I../Drivers/STM32F4xx_HAL_Driver/Inc -I../Drivers/STM32F4xx_HAL_Driver/Inc/Legacy -I../Drivers/CMSIS/Device/ST/STM32F4xx/Include -I../Drivers/CMSIS/Include -O0 -ffunction-sections -fdata-sections -Wall -fstack-usage -fcyclomatic-complexity -MMD -MP -MF"Drivers/STM32F4xx_HAL_Driver/Src/stm32f4xx_hal_tim_ex.d" -MT"Drivers/STM32F4xx_HAL_Driver/Src/stm32f4xx_hal_tim_ex.o" --specs=nano.specs -mfpu=fpv4-sp-d16 -mfloat-abi=hard -mthumb -o "Drivers/STM32F4xx_HAL_Driver/Src/stm32f4xx_hal_tim_ex.o"
arm-none-eabi-gcc -mcpu=cortex-m4 -g3 -DDEBUG -c -x assembler-with-cpp -MMD -MP -MF"Core/Startup/startup_stm32f411ceux.d" -MT"Core/Startup/startup_stm32f411ceux.o" --specs=nano.specs -mfpu=fpv4-sp-d16 -mfloat-abi=hard -mthumb -o "Core/Startup/startup_stm32f411ceux.o" "../Core/Startup/startup_stm32f411ceux.s"
arm-none-eabi-gcc "../Core/Src/gpio.c" -mcpu=cortex-m4 -std=gnu11 -g3 -DDEBUG -DUSE_HAL_DRIVER -DSTM32F411xE -c -I../Core/Inc -I../Drivers/STM32F4xx_HAL_Driver/Inc -I../Drivers/STM32F4xx_HAL_Driver/Inc/Legacy -I../Drivers/CMSIS/Device/ST/STM32F4xx/Include -I../Drivers/CMSIS/Include -O0 -ffunction-sections -fdata-sections -Wall -fstack-usage -fcyclomatic-complexity -MMD -MP -MF"Core/Src/gpio.d" -MT"Core/Src/gpio.o" --specs=nano.specs -mfpu=fpv4-sp-d16 -mfloat-abi=hard -mthumb -o "Core/Src/gpio.o"
arm-none-eabi-gcc "../Core/Src/main.c" -mcpu=cortex-m4 -std=gnu11 -g3 -DDEBUG -DUSE_HAL_DRIVER -DSTM32F411xE -c -I../Core/Inc -I../Drivers/STM32F4xx_HAL_Driver/Inc -I../Drivers/STM32F4xx_HAL_Driver/Inc/Legacy -I../Drivers/CMSIS/Device/ST/STM32F4xx/Include -I../Drivers/CMSIS/Include -O0 -ffunction-sections -fdata-sections -Wall -fstack-usage -fcyclomatic-complexity -MMD -MP -MF"Core/Src/main.d" -MT"Core/Src/main.o" --specs=nano.specs -mfpu=fpv4-sp-d16 -mfloat-abi=hard -mthumb -o "Core/Src/main.o"
arm-none-eabi-gcc "../Core/Src/stm32f4xx_hal_msp.c" -mcpu=cortex-m4 -std=gnu11 -g3 -DDEBUG -DUSE_HAL_DRIVER -DSTM32F411xE -c -I../Core/Inc -I../Drivers/STM32F4xx_HAL_Driver/Inc -I../Drivers/STM32F4xx_HAL_Driver/Inc/Legacy -I../Drivers/CMSIS/Device/ST/STM32F4xx/Include -I../Drivers/CMSIS/Include -O0 -ffunction-sections -fdata-sections -Wall -fstack-usage -fcyclomatic-complexity -MMD -MP -MF"Core/Src/stm32f4xx_hal_msp.d" -MT"Core/Src/stm32f4xx_hal_msp.o" --specs=nano.specs -mfpu=fpv4-sp-d16 -mfloat-abi=hard -mthumb -o "Core/Src/stm32f4xx_hal_msp.o"
arm-none-eabi-gcc "../Core/Src/stm32f4xx_it.c" -mcpu=cortex-m4 -std=gnu11 -g3 -DDEBUG -DUSE_HAL_DRIVER -DSTM32F411xE -c -I../Core/Inc -I../Drivers/STM32F4xx_HAL_Driver/Inc -I../Drivers/STM32F4xx_HAL_Driver/Inc/Legacy -I../Drivers/CMSIS/Device/ST/STM32F4xx/Include -I../Drivers/CMSIS/Include -O0 -ffunction-sections -fdata-sections -Wall -fstack-usage -fcyclomatic-complexity -MMD -MP -MF"Core/Src/stm32f4xx_it.d" -MT"Core/Src/stm32f4xx_it.o" --specs=nano.specs -mfpu=fpv4-sp-d16 -mfloat-abi=hard -mthumb -o "Core/Src/stm32f4xx_it.o"
arm-none-eabi-gcc "../Core/Src/syscalls.c" -mcpu=cortex-m4 -std=gnu11 -g3 -DDEBUG -DUSE_HAL_DRIVER -DSTM32F411xE -c -I../Core/Inc -I../Drivers/STM32F4xx_HAL_Driver/Inc -I../Drivers/STM32F4xx_HAL_Driver/Inc/Legacy -I../Drivers/CMSIS/Device/ST/STM32F4xx/Include -I../Drivers/CMSIS/Include -O0 -ffunction-sections -fdata-sections -Wall -fstack-usage -fcyclomatic-complexity -MMD -MP -MF"Core/Src/syscalls.d" -MT"Core/Src/syscalls.o" --specs=nano.specs -mfpu=fpv4-sp-d16 -mfloat-abi=hard -mthumb -o "Core/Src/syscalls.o"
arm-none-eabi-gcc "../Core/Src/sysmem.c" -mcpu=cortex-m4 -std=gnu11 -g3 -DDEBUG -DUSE_HAL_DRIVER -DSTM32F411xE -c -I../Core/Inc -I../Drivers/STM32F4xx_HAL_Driver/Inc -I../Drivers/STM32F4xx_HAL_Driver/Inc/Legacy -I../Drivers/CMSIS/Device/ST/STM32F4xx/Include -I../Drivers/CMSIS/Include -O0 -ffunction-sections -fdata-sections -Wall -fstack-usage -fcyclomatic-complexity -MMD -MP -MF"Core/Src/sysmem.d" -MT"Core/Src/sysmem.o" --specs=nano.specs -mfpu=fpv4-sp-d16 -mfloat-abi=hard -mthumb -o "Core/Src/sysmem.o"
arm-none-eabi-gcc "../Core/Src/system_stm32f4xx.c" -mcpu=cortex-m4 -std=gnu11 -g3 -DDEBUG -DUSE_HAL_DRIVER -DSTM32F411xE -c -I../Core/Inc -I../Drivers/STM32F4xx_HAL_Driver/Inc -I../Drivers/STM32F4xx_HAL_Driver/Inc/Legacy -I../Drivers/CMSIS/Device/ST/STM32F4xx/Include -I../Drivers/CMSIS/Include -O0 -ffunction-sections -fdata-sections -Wall -fstack-usage -fcyclomatic-complexity -MMD -MP -MF"Core/Src/system_stm32f4xx.d" -MT"Core/Src/system_stm32f4xx.o" --specs=nano.specs -mfpu=fpv4-sp-d16 -mfloat-abi=hard -mthumb -o "Core/Src/system_stm32f4xx.o"
arm-none-eabi-gcc -o "PN532.elf" @"objects.list"   -mcpu=cortex-m4 -T"C:\NelsonLima\Projetos\Github\lib_PN532\CubeIDE\PN532\STM32F411CEUX_FLASH.ld" --specs=nosys.specs -Wl,-Map="PN532.map" -Wl,--gc-sections -static --specs=nano.specs -mfpu=fpv4-sp-d16 -mfloat-abi=hard -mthumb -Wl,--start-group -lc -lm -Wl,--end-group
Finished building target: PN532.elf
 
arm-none-eabi-size  PN532.elf 
arm-none-eabi-objdump -h -S PN532.elf  > "PN532.list"
   text	   data	    bss	    dec	    hex	filename
   5744	     20	   1572	   7336	   1ca8	PN532.elf
Finished building: default.size.stdout
 
Finished building: PN532.list
 
02:51:20 **** Incremental Build of configuration Debug for project PN532 ****
make -j8 all 
arm-none-eabi-size  PN532.elf 
   text	   data	    bss	    dec	    hex	filename
   5744	     20	   1572	   7336	   1ca8	PN532.elf
Finished building: default.size.stdout
 
02:53:31 **** Incremental Build of configuration Debug for project PN532 ****
make -j8 all 
arm-none-eabi-size  PN532.elf 
   text	   data	    bss	    dec	    hex	filename
   5744	     20	   1572	   7336	   1ca8	PN532.elf
Finished building: default.size.stdout
 
02:56:46 **** Incremental Build of configuration Debug for project PN532 ****
make -j8 all 
arm-none-eabi-gcc "../Core/Src/gpio.c" -mcpu=cortex-m4 -std=gnu11 -g3 -DDEBUG -DUSE_HAL_DRIVER -DSTM32F411xE -c -I../Core/Inc -I../Drivers/STM32F4xx_HAL_Driver/Inc -I../Drivers/STM32F4xx_HAL_Driver/Inc/Legacy -I../Drivers/CMSIS/Device/ST/STM32F4xx/Include -I../Drivers/CMSIS/Include -O0 -ffunction-sections -fdata-sections -Wall -fstack-usage -fcyclomatic-complexity -MMD -MP -MF"Core/Src/gpio.d" -MT"Core/Src/gpio.o" --specs=nano.specs -mfpu=fpv4-sp-d16 -mfloat-abi=hard -mthumb -o "Core/Src/gpio.o"
arm-none-eabi-gcc "../Core/Src/main.c" -mcpu=cortex-m4 -std=gnu11 -g3 -DDEBUG -DUSE_HAL_DRIVER -DSTM32F411xE -c -I../Core/Inc -I../Drivers/STM32F4xx_HAL_Driver/Inc -I../Drivers/STM32F4xx_HAL_Driver/Inc/Legacy -I../Drivers/CMSIS/Device/ST/STM32F4xx/Include -I../Drivers/CMSIS/Include -O0 -ffunction-sections -fdata-sections -Wall -fstack-usage -fcyclomatic-complexity -MMD -MP -MF"Core/Src/main.d" -MT"Core/Src/main.o" --specs=nano.specs -mfpu=fpv4-sp-d16 -mfloat-abi=hard -mthumb -o "Core/Src/main.o"
../Core/Src/main.c: In function 'main':
../Core/Src/main.c:97:53: error: 'GPIO_Pin' undeclared (first use in this function); did you mean 'GPIO_PIN_3'?
   97 |           HAL_GPIO_TogglePin(LED_EXTERNO_GPIO_Port, GPIO_Pin);
      |                                                     ^~~~~~~~
      |                                                     GPIO_PIN_3
../Core/Src/main.c:97:53: note: each undeclared identifier is reported only once for each function it appears in
make: *** [Core/Src/subdir.mk:37: Core/Src/main.o] Error 1
make: *** Waiting for unfinished jobs....
"make -j8 all" terminated with exit code 2. Build might be incomplete.
02:57:58 **** Incremental Build of configuration Debug for project PN532 ****
make -j8 all 
arm-none-eabi-gcc "../Core/Src/main.c" -mcpu=cortex-m4 -std=gnu11 -g3 -DDEBUG -DUSE_HAL_DRIVER -DSTM32F411xE -c -I../Core/Inc -I../Drivers/STM32F4xx_HAL_Driver/Inc -I../Drivers/STM32F4xx_HAL_Driver/Inc/Legacy -I../Drivers/CMSIS/Device/ST/STM32F4xx/Include -I../Drivers/CMSIS/Include -O0 -ffunction-sections -fdata-sections -Wall -fstack-usage -fcyclomatic-complexity -MMD -MP -MF"Core/Src/main.d" -MT"Core/Src/main.o" --specs=nano.specs -mfpu=fpv4-sp-d16 -mfloat-abi=hard -mthumb -o "Core/Src/main.o"
../Core/Src/main.c: In function 'main':
../Core/Src/main.c:97:11: warning: implicit declaration of function 'HAL_GPIO_Toggle'; did you mean 'HAL_GPIO_TogglePin'? [-Wimplicit-function-declaration]
   97 |           HAL_GPIO_Toggle(LED_EXTERNO_GPIO_Port,LED_EXTERNO_Pin);
      |           ^~~~~~~~~~~~~~~
      |           HAL_GPIO_TogglePin
arm-none-eabi-gcc -o "PN532.elf" @"objects.list"   -mcpu=cortex-m4 -T"C:\NelsonLima\Projetos\Github\lib_PN532\CubeIDE\PN532\STM32F411CEUX_FLASH.ld" --specs=nosys.specs -Wl,-Map="PN532.map" -Wl,--gc-sections -static --specs=nano.specs -mfpu=fpv4-sp-d16 -mfloat-abi=hard -mthumb -Wl,--start-group -lc -lm -Wl,--end-group
C:/ST/STM32CubeIDE_1.14.1/STM32CubeIDE/plugins/com.st.stm32cube.ide.mcu.externaltools.gnu-tools-for-stm32.11.3.rel1.win32_1.1.100.202309141235/tools/bin/../lib/gcc/arm-none-eabi/11.3.1/../../../../arm-none-eabi/bin/ld.exe: ./Core/Src/main.o: in function `main':
C:/NelsonLima/Projetos/Github/lib_PN532/CubeIDE/PN532/Debug/../Core/Src/main.c:97: undefined reference to `HAL_GPIO_Toggle'
collect2.exe: error: ld returned 1 exit status
make: *** [makefile:64: PN532.elf] Error 1
"make -j8 all" terminated with exit code 2. Build might be incomplete.
03:00:11 **** Incremental Build of configuration Debug for project PN532 ****
make -j8 all 
arm-none-eabi-gcc "../Core/Src/main.c" -mcpu=cortex-m4 -std=gnu11 -g3 -DDEBUG -DUSE_HAL_DRIVER -DSTM32F411xE -c -I../Core/Inc -I../Drivers/STM32F4xx_HAL_Driver/Inc -I../Drivers/STM32F4xx_HAL_Driver/Inc/Legacy -I../Drivers/CMSIS/Device/ST/STM32F4xx/Include -I../Drivers/CMSIS/Include -O0 -ffunction-sections -fdata-sections -Wall -fstack-usage -fcyclomatic-complexity -MMD -MP -MF"Core/Src/main.d" -MT"Core/Src/main.o" --specs=nano.specs -mfpu=fpv4-sp-d16 -mfloat-abi=hard -mthumb -o "Core/Src/main.o"
arm-none-eabi-gcc -o "PN532.elf" @"objects.list"   -mcpu=cortex-m4 -T"C:\NelsonLima\Projetos\Github\lib_PN532\CubeIDE\PN532\STM32F411CEUX_FLASH.ld" --specs=nosys.specs -Wl,-Map="PN532.map" -Wl,--gc-sections -static --specs=nano.specs -mfpu=fpv4-sp-d16 -mfloat-abi=hard -mthumb -Wl,--start-group -lc -lm -Wl,--end-group
Finished building target: PN532.elf
 
arm-none-eabi-size  PN532.elf 
arm-none-eabi-objdump -h -S PN532.elf  > "PN532.list"
   text	   data	    bss	    dec	    hex	filename
   5888	     20	   1572	   7480	   1d38	PN532.elf
Finished building: default.size.stdout
 
Finished building: PN532.list
 
03:10:46 **** Incremental Build of configuration Debug for project PN532 ****
make -j8 all 
arm-none-eabi-gcc "../Core/Src/main.c" -mcpu=cortex-m4 -std=gnu11 -g3 -DDEBUG -DUSE_HAL_DRIVER -DSTM32F411xE -c -I../Core/Inc -I../Drivers/STM32F4xx_HAL_Driver/Inc -I../Drivers/STM32F4xx_HAL_Driver/Inc/Legacy -I../Drivers/CMSIS/Device/ST/STM32F4xx/Include -I../Drivers/CMSIS/Include -O0 -ffunction-sections -fdata-sections -Wall -fstack-usage -fcyclomatic-complexity -MMD -MP -MF"Core/Src/main.d" -MT"Core/Src/main.o" --specs=nano.specs -mfpu=fpv4-sp-d16 -mfloat-abi=hard -mthumb -o "Core/Src/main.o"
../Core/Src/main.c: In function 'main':
../Core/Src/main.c:94:3: error: unknown type name 'u_int8_t'; did you mean 'uint8_t'?
   94 |   u_int8_t tmrLED = HAL_GetTick();
      |   ^~~~~~~~
      |   uint8_t
make: *** [Core/Src/subdir.mk:37: Core/Src/main.o] Error 1
"make -j8 all" terminated with exit code 2. Build might be incomplete.
03:11:24 **** Incremental Build of configuration Debug for project PN532 ****
make -j8 all 
arm-none-eabi-gcc "../Core/Src/main.c" -mcpu=cortex-m4 -std=gnu11 -g3 -DDEBUG -DUSE_HAL_DRIVER -DSTM32F411xE -c -I../Core/Inc -I../Drivers/STM32F4xx_HAL_Driver/Inc -I../Drivers/STM32F4xx_HAL_Driver/Inc/Legacy -I../Drivers/CMSIS/Device/ST/STM32F4xx/Include -I../Drivers/CMSIS/Include -O0 -ffunction-sections -fdata-sections -Wall -fstack-usage -fcyclomatic-complexity -MMD -MP -MF"Core/Src/main.d" -MT"Core/Src/main.o" --specs=nano.specs -mfpu=fpv4-sp-d16 -mfloat-abi=hard -mthumb -o "Core/Src/main.o"
arm-none-eabi-gcc -o "PN532.elf" @"objects.list"   -mcpu=cortex-m4 -T"C:\NelsonLima\Projetos\Github\lib_PN532\CubeIDE\PN532\STM32F411CEUX_FLASH.ld" --specs=nosys.specs -Wl,-Map="PN532.map" -Wl,--gc-sections -static --specs=nano.specs -mfpu=fpv4-sp-d16 -mfloat-abi=hard -mthumb -Wl,--start-group -lc -lm -Wl,--end-group
Finished building target: PN532.elf
 
arm-none-eabi-size  PN532.elf 
arm-none-eabi-objdump -h -S PN532.elf  > "PN532.list"
   text	   data	    bss	    dec	    hex	filename
   5840	     20	   1572	   7432	   1d08	PN532.elf
Finished building: default.size.stdout
 
Finished building: PN532.list
 
03:16:45 **** Incremental Build of configuration Debug for project PN532 ****
make -j8 all 
arm-none-eabi-gcc "../Core/Src/main.c" -mcpu=cortex-m4 -std=gnu11 -g3 -DDEBUG -DUSE_HAL_DRIVER -DSTM32F411xE -c -I../Core/Inc -I../Drivers/STM32F4xx_HAL_Driver/Inc -I../Drivers/STM32F4xx_HAL_Driver/Inc/Legacy -I../Drivers/CMSIS/Device/ST/STM32F4xx/Include -I../Drivers/CMSIS/Include -O0 -ffunction-sections -fdata-sections -Wall -fstack-usage -fcyclomatic-complexity -MMD -MP -MF"Core/Src/main.d" -MT"Core/Src/main.o" --specs=nano.specs -mfpu=fpv4-sp-d16 -mfloat-abi=hard -mthumb -o "Core/Src/main.o"
arm-none-eabi-gcc -o "PN532.elf" @"objects.list"   -mcpu=cortex-m4 -T"C:\NelsonLima\Projetos\Github\lib_PN532\CubeIDE\PN532\STM32F411CEUX_FLASH.ld" --specs=nosys.specs -Wl,-Map="PN532.map" -Wl,--gc-sections -static --specs=nano.specs -mfpu=fpv4-sp-d16 -mfloat-abi=hard -mthumb -Wl,--start-group -lc -lm -Wl,--end-group
Finished building target: PN532.elf
 
arm-none-eabi-size  PN532.elf 
arm-none-eabi-objdump -h -S PN532.elf  > "PN532.list"
   text	   data	    bss	    dec	    hex	filename
   5848	     20	   1572	   7440	   1d10	PN532.elf
Finished building: default.size.stdout
 
Finished building: PN532.list
 
03:18:50 **** Incremental Build of configuration Debug for project PN532 ****
make -j8 all 
arm-none-eabi-gcc "../Core/Src/main.c" -mcpu=cortex-m4 -std=gnu11 -g3 -DDEBUG -DUSE_HAL_DRIVER -DSTM32F411xE -c -I../Core/Inc -I../Drivers/STM32F4xx_HAL_Driver/Inc -I../Drivers/STM32F4xx_HAL_Driver/Inc/Legacy -I../Drivers/CMSIS/Device/ST/STM32F4xx/Include -I../Drivers/CMSIS/Include -O0 -ffunction-sections -fdata-sections -Wall -fstack-usage -fcyclomatic-complexity -MMD -MP -MF"Core/Src/main.d" -MT"Core/Src/main.o" --specs=nano.specs -mfpu=fpv4-sp-d16 -mfloat-abi=hard -mthumb -o "Core/Src/main.o"
arm-none-eabi-gcc -o "PN532.elf" @"objects.list"   -mcpu=cortex-m4 -T"C:\NelsonLima\Projetos\Github\lib_PN532\CubeIDE\PN532\STM32F411CEUX_FLASH.ld" --specs=nosys.specs -Wl,-Map="PN532.map" -Wl,--gc-sections -static --specs=nano.specs -mfpu=fpv4-sp-d16 -mfloat-abi=hard -mthumb -Wl,--start-group -lc -lm -Wl,--end-group
Finished building target: PN532.elf
 
arm-none-eabi-size  PN532.elf 
arm-none-eabi-objdump -h -S PN532.elf  > "PN532.list"
   text	   data	    bss	    dec	    hex	filename
   5840	     20	   1572	   7432	   1d08	PN532.elf
Finished building: default.size.stdout
 
Finished building: PN532.list
 
03:19:18 **** Incremental Build of configuration Debug for project PN532 ****
make -j8 all 
arm-none-eabi-gcc "../Core/Src/main.c" -mcpu=cortex-m4 -std=gnu11 -g3 -DDEBUG -DUSE_HAL_DRIVER -DSTM32F411xE -c -I../Core/Inc -I../Drivers/STM32F4xx_HAL_Driver/Inc -I../Drivers/STM32F4xx_HAL_Driver/Inc/Legacy -I../Drivers/CMSIS/Device/ST/STM32F4xx/Include -I../Drivers/CMSIS/Include -O0 -ffunction-sections -fdata-sections -Wall -fstack-usage -fcyclomatic-complexity -MMD -MP -MF"Core/Src/main.d" -MT"Core/Src/main.o" --specs=nano.specs -mfpu=fpv4-sp-d16 -mfloat-abi=hard -mthumb -o "Core/Src/main.o"
arm-none-eabi-gcc -o "PN532.elf" @"objects.list"   -mcpu=cortex-m4 -T"C:\NelsonLima\Projetos\Github\lib_PN532\CubeIDE\PN532\STM32F411CEUX_FLASH.ld" --specs=nosys.specs -Wl,-Map="PN532.map" -Wl,--gc-sections -static --specs=nano.specs -mfpu=fpv4-sp-d16 -mfloat-abi=hard -mthumb -Wl,--start-group -lc -lm -Wl,--end-group
Finished building target: PN532.elf
 
arm-none-eabi-size  PN532.elf 
arm-none-eabi-objdump -h -S PN532.elf  > "PN532.list"
   text	   data	    bss	    dec	    hex	filename
   5840	     20	   1572	   7432	   1d08	PN532.elf
Finished building: default.size.stdout
 
Finished building: PN532.list
 
22:28:51 **** Incremental Build of configuration Debug for project PN532 ****
make -j8 all 
arm-none-eabi-gcc "../Core/Src/usr/main_PN532.c" -mcpu=cortex-m4 -std=gnu11 -g3 -DDEBUG -DUSE_HAL_DRIVER -DSTM32F411xE -c -I../Core/Inc -I../Drivers/STM32F4xx_HAL_Driver/Inc -I../Drivers/STM32F4xx_HAL_Driver/Inc/Legacy -I../Drivers/CMSIS/Device/ST/STM32F4xx/Include -I../Drivers/CMSIS/Include -O0 -ffunction-sections -fdata-sections -Wall -fstack-usage -fcyclomatic-complexity -MMD -MP -MF"Core/Src/usr/main_PN532.d" -MT"Core/Src/usr/main_PN532.o" --specs=nano.specs -mfpu=fpv4-sp-d16 -mfloat-abi=hard -mthumb -o "Core/Src/usr/main_PN532.o"
arm-none-eabi-gcc "../Core/Src/main.c" -mcpu=cortex-m4 -std=gnu11 -g3 -DDEBUG -DUSE_HAL_DRIVER -DSTM32F411xE -c -I../Core/Inc -I../Drivers/STM32F4xx_HAL_Driver/Inc -I../Drivers/STM32F4xx_HAL_Driver/Inc/Legacy -I../Drivers/CMSIS/Device/ST/STM32F4xx/Include -I../Drivers/CMSIS/Include -O0 -ffunction-sections -fdata-sections -Wall -fstack-usage -fcyclomatic-complexity -MMD -MP -MF"Core/Src/main.d" -MT"Core/Src/main.o" --specs=nano.specs -mfpu=fpv4-sp-d16 -mfloat-abi=hard -mthumb -o "Core/Src/main.o"
../Core/Src/usr/main_PN532.c:3:8: error: unknown type name 'uint32_t'
    3 | static uint32_t tmrLED = HAL_GetTick ();
      |        ^~~~~~~~
../Core/Src/usr/main_PN532.c:3:26: warning: implicit declaration of function 'HAL_GetTick' [-Wimplicit-function-declaration]
    3 | static uint32_t tmrLED = HAL_GetTick ();
      |                          ^~~~~~~~~~~
../Core/Src/usr/main_PN532.c:3:26: error: initializer element is not constant
../Core/Src/usr/main_PN532.c: In function 'main_PN532':
../Core/Src/usr/main_PN532.c:12:7: warning: implicit declaration of function 'HAL_GPIO_TogglePin' [-Wimplicit-function-declaration]
   12 |       HAL_GPIO_TogglePin (LED_EXTERNO_GPIO_Port, LED_EXTERNO_Pin);
      |       ^~~~~~~~~~~~~~~~~~
../Core/Src/usr/main_PN532.c:12:27: error: 'LED_EXTERNO_GPIO_Port' undeclared (first use in this function)
   12 |       HAL_GPIO_TogglePin (LED_EXTERNO_GPIO_Port, LED_EXTERNO_Pin);
      |                           ^~~~~~~~~~~~~~~~~~~~~
../Core/Src/usr/main_PN532.c:12:27: note: each undeclared identifier is reported only once for each function it appears in
../Core/Src/usr/main_PN532.c:12:50: error: 'LED_EXTERNO_Pin' undeclared (first use in this function)
   12 |       HAL_GPIO_TogglePin (LED_EXTERNO_GPIO_Port, LED_EXTERNO_Pin);
      |                                                  ^~~~~~~~~~~~~~~
../Core/Src/usr/main_PN532.c:18:1: warning: control reaches end of non-void function [-Wreturn-type]
   18 | }
      | ^
make: *** [Core/Src/usr/subdir.mk:19: Core/Src/usr/main_PN532.o] Error 1
make: *** Waiting for unfinished jobs....
"make -j8 all" terminated with exit code 2. Build might be incomplete.
22:29:11 **** Incremental Build of configuration Debug for project PN532 ****
make -j8 all 
arm-none-eabi-gcc "../Core/Src/usr/main_PN532.c" -mcpu=cortex-m4 -std=gnu11 -g3 -DDEBUG -DUSE_HAL_DRIVER -DSTM32F411xE -c -I../Core/Inc -I../Drivers/STM32F4xx_HAL_Driver/Inc -I../Drivers/STM32F4xx_HAL_Driver/Inc/Legacy -I../Drivers/CMSIS/Device/ST/STM32F4xx/Include -I../Drivers/CMSIS/Include -O0 -ffunction-sections -fdata-sections -Wall -fstack-usage -fcyclomatic-complexity -MMD -MP -MF"Core/Src/usr/main_PN532.d" -MT"Core/Src/usr/main_PN532.o" --specs=nano.specs -mfpu=fpv4-sp-d16 -mfloat-abi=hard -mthumb -o "Core/Src/usr/main_PN532.o"
arm-none-eabi-gcc "../Core/Src/main.c" -mcpu=cortex-m4 -std=gnu11 -g3 -DDEBUG -DUSE_HAL_DRIVER -DSTM32F411xE -c -I../Core/Inc -I../Drivers/STM32F4xx_HAL_Driver/Inc -I../Drivers/STM32F4xx_HAL_Driver/Inc/Legacy -I../Drivers/CMSIS/Device/ST/STM32F4xx/Include -I../Drivers/CMSIS/Include -O0 -ffunction-sections -fdata-sections -Wall -fstack-usage -fcyclomatic-complexity -MMD -MP -MF"Core/Src/main.d" -MT"Core/Src/main.o" --specs=nano.specs -mfpu=fpv4-sp-d16 -mfloat-abi=hard -mthumb -o "Core/Src/main.o"
../Core/Src/usr/main_PN532.c:3:26: error: initializer element is not constant
    3 | static uint32_t tmrLED = HAL_GetTick ();
      |                          ^~~~~~~~~~~
../Core/Src/usr/main_PN532.c: In function 'main_PN532':
../Core/Src/usr/main_PN532.c:18:1: warning: control reaches end of non-void function [-Wreturn-type]
   18 | }
      | ^
make: *** [Core/Src/usr/subdir.mk:19: Core/Src/usr/main_PN532.o] Error 1
make: *** Waiting for unfinished jobs....
"make -j8 all" terminated with exit code 2. Build might be incomplete.
22:29:38 **** Incremental Build of configuration Debug for project PN532 ****
make -j8 all 
arm-none-eabi-gcc "../Core/Src/usr/main_PN532.c" -mcpu=cortex-m4 -std=gnu11 -g3 -DDEBUG -DUSE_HAL_DRIVER -DSTM32F411xE -c -I../Core/Inc -I../Drivers/STM32F4xx_HAL_Driver/Inc -I../Drivers/STM32F4xx_HAL_Driver/Inc/Legacy -I../Drivers/CMSIS/Device/ST/STM32F4xx/Include -I../Drivers/CMSIS/Include -O0 -ffunction-sections -fdata-sections -Wall -fstack-usage -fcyclomatic-complexity -MMD -MP -MF"Core/Src/usr/main_PN532.d" -MT"Core/Src/usr/main_PN532.o" --specs=nano.specs -mfpu=fpv4-sp-d16 -mfloat-abi=hard -mthumb -o "Core/Src/usr/main_PN532.o"
../Core/Src/usr/main_PN532.c:3:26: error: initializer element is not constant
    3 | static uint32_t tmrLED = HAL_GetTick();
      |                          ^~~~~~~~~~~
../Core/Src/usr/main_PN532.c: In function 'main_PN532':
../Core/Src/usr/main_PN532.c:18:1: warning: control reaches end of non-void function [-Wreturn-type]
   18 | }
      | ^
make: *** [Core/Src/usr/subdir.mk:19: Core/Src/usr/main_PN532.o] Error 1
"make -j8 all" terminated with exit code 2. Build might be incomplete.
22:29:58 **** Incremental Build of configuration Debug for project PN532 ****
make -j8 all 
arm-none-eabi-gcc "../Core/Src/usr/main_PN532.c" -mcpu=cortex-m4 -std=gnu11 -g3 -DDEBUG -DUSE_HAL_DRIVER -DSTM32F411xE -c -I../Core/Inc -I../Drivers/STM32F4xx_HAL_Driver/Inc -I../Drivers/STM32F4xx_HAL_Driver/Inc/Legacy -I../Drivers/CMSIS/Device/ST/STM32F4xx/Include -I../Drivers/CMSIS/Include -O0 -ffunction-sections -fdata-sections -Wall -fstack-usage -fcyclomatic-complexity -MMD -MP -MF"Core/Src/usr/main_PN532.d" -MT"Core/Src/usr/main_PN532.o" --specs=nano.specs -mfpu=fpv4-sp-d16 -mfloat-abi=hard -mthumb -o "Core/Src/usr/main_PN532.o"
../Core/Src/usr/main_PN532.c:4:19: error: initializer element is not constant
    4 | uint32_t tmrLED = HAL_GetTick();
      |                   ^~~~~~~~~~~
../Core/Src/usr/main_PN532.c: In function 'main_PN532':
../Core/Src/usr/main_PN532.c:19:1: warning: control reaches end of non-void function [-Wreturn-type]
   19 | }
      | ^
make: *** [Core/Src/usr/subdir.mk:19: Core/Src/usr/main_PN532.o] Error 1
"make -j8 all" terminated with exit code 2. Build might be incomplete.
22:30:54 **** Incremental Build of configuration Debug for project PN532 ****
make -j8 all 
arm-none-eabi-gcc "../Core/Src/usr/main_PN532.c" -mcpu=cortex-m4 -std=gnu11 -g3 -DDEBUG -DUSE_HAL_DRIVER -DSTM32F411xE -c -I../Core/Inc -I../Drivers/STM32F4xx_HAL_Driver/Inc -I../Drivers/STM32F4xx_HAL_Driver/Inc/Legacy -I../Drivers/CMSIS/Device/ST/STM32F4xx/Include -I../Drivers/CMSIS/Include -O0 -ffunction-sections -fdata-sections -Wall -fstack-usage -fcyclomatic-complexity -MMD -MP -MF"Core/Src/usr/main_PN532.d" -MT"Core/Src/usr/main_PN532.o" --specs=nano.specs -mfpu=fpv4-sp-d16 -mfloat-abi=hard -mthumb -o "Core/Src/usr/main_PN532.o"
../Core/Src/usr/main_PN532.c: In function 'main_PN532':
../Core/Src/usr/main_PN532.c:10:23: error: 'tmrLED' undeclared (first use in this function)
   10 |   if (HAL_GetTick() - tmrLED >= 50)
      |                       ^~~~~~
../Core/Src/usr/main_PN532.c:10:23: note: each undeclared identifier is reported only once for each function it appears in
../Core/Src/usr/main_PN532.c:19:1: warning: control reaches end of non-void function [-Wreturn-type]
   19 | }
      | ^
make: *** [Core/Src/usr/subdir.mk:19: Core/Src/usr/main_PN532.o] Error 1
"make -j8 all" terminated with exit code 2. Build might be incomplete.
22:31:13 **** Incremental Build of configuration Debug for project PN532 ****
make -j8 all 
arm-none-eabi-gcc "../Core/Src/usr/main_PN532.c" -mcpu=cortex-m4 -std=gnu11 -g3 -DDEBUG -DUSE_HAL_DRIVER -DSTM32F411xE -c -I../Core/Inc -I../Drivers/STM32F4xx_HAL_Driver/Inc -I../Drivers/STM32F4xx_HAL_Driver/Inc/Legacy -I../Drivers/CMSIS/Device/ST/STM32F4xx/Include -I../Drivers/CMSIS/Include -O0 -ffunction-sections -fdata-sections -Wall -fstack-usage -fcyclomatic-complexity -MMD -MP -MF"Core/Src/usr/main_PN532.d" -MT"Core/Src/usr/main_PN532.o" --specs=nano.specs -mfpu=fpv4-sp-d16 -mfloat-abi=hard -mthumb -o "Core/Src/usr/main_PN532.o"
../Core/Src/usr/main_PN532.c: In function 'main_PN532':
../Core/Src/usr/main_PN532.c:21:1: warning: control reaches end of non-void function [-Wreturn-type]
   21 | }
      | ^
arm-none-eabi-gcc -o "PN532.elf" @"objects.list"   -mcpu=cortex-m4 -T"C:\NelsonLima\Projetos\Github\lib_PN532\CubeIDE\PN532\STM32F411CEUX_FLASH.ld" --specs=nosys.specs -Wl,-Map="PN532.map" -Wl,--gc-sections -static --specs=nano.specs -mfpu=fpv4-sp-d16 -mfloat-abi=hard -mthumb -Wl,--start-group -lc -lm -Wl,--end-group
Finished building target: PN532.elf
 
arm-none-eabi-size  PN532.elf 
arm-none-eabi-objdump -h -S PN532.elf  > "PN532.list"
   text	   data	    bss	    dec	    hex	filename
   5744	     20	   1572	   7336	   1ca8	PN532.elf
Finished building: default.size.stdout
 
Finished building: PN532.list
 
22:32:12 **** Incremental Build of configuration Debug for project PN532 ****
make -j8 all 
arm-none-eabi-gcc "../Core/Src/usr/main_PN532.c" -mcpu=cortex-m4 -std=gnu11 -g3 -DDEBUG -DUSE_HAL_DRIVER -DSTM32F411xE -c -I../Core/Inc -I../Drivers/STM32F4xx_HAL_Driver/Inc -I../Drivers/STM32F4xx_HAL_Driver/Inc/Legacy -I../Drivers/CMSIS/Device/ST/STM32F4xx/Include -I../Drivers/CMSIS/Include -O0 -ffunction-sections -fdata-sections -Wall -fstack-usage -fcyclomatic-complexity -MMD -MP -MF"Core/Src/usr/main_PN532.d" -MT"Core/Src/usr/main_PN532.o" --specs=nano.specs -mfpu=fpv4-sp-d16 -mfloat-abi=hard -mthumb -o "Core/Src/usr/main_PN532.o"
../Core/Src/usr/main_PN532.c: In function 'main_PN532':
../Core/Src/usr/main_PN532.c:22:1: warning: control reaches end of non-void function [-Wreturn-type]
   22 | }
      | ^
arm-none-eabi-gcc -o "PN532.elf" @"objects.list"   -mcpu=cortex-m4 -T"C:\NelsonLima\Projetos\Github\lib_PN532\CubeIDE\PN532\STM32F411CEUX_FLASH.ld" --specs=nosys.specs -Wl,-Map="PN532.map" -Wl,--gc-sections -static --specs=nano.specs -mfpu=fpv4-sp-d16 -mfloat-abi=hard -mthumb -Wl,--start-group -lc -lm -Wl,--end-group
Finished building target: PN532.elf
 
arm-none-eabi-size  PN532.elf 
arm-none-eabi-objdump -h -S PN532.elf  > "PN532.list"
   text	   data	    bss	    dec	    hex	filename
   5744	     20	   1572	   7336	   1ca8	PN532.elf
Finished building: default.size.stdout
 
Finished building: PN532.list
 
22:32:24 **** Incremental Build of configuration Debug for project PN532 ****
make -j8 all 
arm-none-eabi-gcc "../Core/Src/usr/main_PN532.c" -mcpu=cortex-m4 -std=gnu11 -g3 -DDEBUG -DUSE_HAL_DRIVER -DSTM32F411xE -c -I../Core/Inc -I../Drivers/STM32F4xx_HAL_Driver/Inc -I../Drivers/STM32F4xx_HAL_Driver/Inc/Legacy -I../Drivers/CMSIS/Device/ST/STM32F4xx/Include -I../Drivers/CMSIS/Include -O0 -ffunction-sections -fdata-sections -Wall -fstack-usage -fcyclomatic-complexity -MMD -MP -MF"Core/Src/usr/main_PN532.d" -MT"Core/Src/usr/main_PN532.o" --specs=nano.specs -mfpu=fpv4-sp-d16 -mfloat-abi=hard -mthumb -o "Core/Src/usr/main_PN532.o"
../Core/Src/usr/main_PN532.c: In function 'main_PN532':
../Core/Src/usr/main_PN532.c:22:1: warning: control reaches end of non-void function [-Wreturn-type]
   22 | }
      | ^
arm-none-eabi-gcc -o "PN532.elf" @"objects.list"   -mcpu=cortex-m4 -T"C:\NelsonLima\Projetos\Github\lib_PN532\CubeIDE\PN532\STM32F411CEUX_FLASH.ld" --specs=nosys.specs -Wl,-Map="PN532.map" -Wl,--gc-sections -static --specs=nano.specs -mfpu=fpv4-sp-d16 -mfloat-abi=hard -mthumb -Wl,--start-group -lc -lm -Wl,--end-group
Finished building target: PN532.elf
 
arm-none-eabi-size  PN532.elf 
arm-none-eabi-objdump -h -S PN532.elf  > "PN532.list"
   text	   data	    bss	    dec	    hex	filename
   5744	     20	   1572	   7336	   1ca8	PN532.elf
Finished building: default.size.stdout
 
Finished building: PN532.list
 
22:32:33 **** Incremental Build of configuration Debug for project PN532 ****
make -j8 all 
arm-none-eabi-gcc "../Core/Src/usr/main_PN532.c" -mcpu=cortex-m4 -std=gnu11 -g3 -DDEBUG -DUSE_HAL_DRIVER -DSTM32F411xE -c -I../Core/Inc -I../Drivers/STM32F4xx_HAL_Driver/Inc -I../Drivers/STM32F4xx_HAL_Driver/Inc/Legacy -I../Drivers/CMSIS/Device/ST/STM32F4xx/Include -I../Drivers/CMSIS/Include -O0 -ffunction-sections -fdata-sections -Wall -fstack-usage -fcyclomatic-complexity -MMD -MP -MF"Core/Src/usr/main_PN532.d" -MT"Core/Src/usr/main_PN532.o" --specs=nano.specs -mfpu=fpv4-sp-d16 -mfloat-abi=hard -mthumb -o "Core/Src/usr/main_PN532.o"
../Core/Src/usr/main_PN532.c:5:19: error: initializer element is not constant
    5 | uint32_t tmrLED = HAL_GetTick();
      |                   ^~~~~~~~~~~
../Core/Src/usr/main_PN532.c: In function 'main_PN532':
../Core/Src/usr/main_PN532.c:22:1: warning: control reaches end of non-void function [-Wreturn-type]
   22 | }
      | ^
make: *** [Core/Src/usr/subdir.mk:19: Core/Src/usr/main_PN532.o] Error 1
"make -j8 all" terminated with exit code 2. Build might be incomplete.
22:33:25 **** Incremental Build of configuration Debug for project PN532 ****
make -j8 all 
arm-none-eabi-gcc "../Core/Src/usr/main_PN532.c" -mcpu=cortex-m4 -std=gnu11 -g3 -DDEBUG -DUSE_HAL_DRIVER -DSTM32F411xE -c -I../Core/Inc -I../Drivers/STM32F4xx_HAL_Driver/Inc -I../Drivers/STM32F4xx_HAL_Driver/Inc/Legacy -I../Drivers/CMSIS/Device/ST/STM32F4xx/Include -I../Drivers/CMSIS/Include -O0 -ffunction-sections -fdata-sections -Wall -fstack-usage -fcyclomatic-complexity -MMD -MP -MF"Core/Src/usr/main_PN532.d" -MT"Core/Src/usr/main_PN532.o" --specs=nano.specs -mfpu=fpv4-sp-d16 -mfloat-abi=hard -mthumb -o "Core/Src/usr/main_PN532.o"
arm-none-eabi-gcc -o "PN532.elf" @"objects.list"   -mcpu=cortex-m4 -T"C:\NelsonLima\Projetos\Github\lib_PN532\CubeIDE\PN532\STM32F411CEUX_FLASH.ld" --specs=nosys.specs -Wl,-Map="PN532.map" -Wl,--gc-sections -static --specs=nano.specs -mfpu=fpv4-sp-d16 -mfloat-abi=hard -mthumb -Wl,--start-group -lc -lm -Wl,--end-group
Finished building target: PN532.elf
 
arm-none-eabi-size  PN532.elf 
arm-none-eabi-objdump -h -S PN532.elf  > "PN532.list"
   text	   data	    bss	    dec	    hex	filename
   5744	     20	   1572	   7336	   1ca8	PN532.elf
Finished building: default.size.stdout
 
Finished building: PN532.list
 
22:33:35 **** Incremental Build of configuration Debug for project PN532 ****
make -j8 all 
arm-none-eabi-gcc "../Core/Src/usr/main_PN532.c" -mcpu=cortex-m4 -std=gnu11 -g3 -DDEBUG -DUSE_HAL_DRIVER -DSTM32F411xE -c -I../Core/Inc -I../Drivers/STM32F4xx_HAL_Driver/Inc -I../Drivers/STM32F4xx_HAL_Driver/Inc/Legacy -I../Drivers/CMSIS/Device/ST/STM32F4xx/Include -I../Drivers/CMSIS/Include -O0 -ffunction-sections -fdata-sections -Wall -fstack-usage -fcyclomatic-complexity -MMD -MP -MF"Core/Src/usr/main_PN532.d" -MT"Core/Src/usr/main_PN532.o" --specs=nano.specs -mfpu=fpv4-sp-d16 -mfloat-abi=hard -mthumb -o "Core/Src/usr/main_PN532.o"
arm-none-eabi-gcc -o "PN532.elf" @"objects.list"   -mcpu=cortex-m4 -T"C:\NelsonLima\Projetos\Github\lib_PN532\CubeIDE\PN532\STM32F411CEUX_FLASH.ld" --specs=nosys.specs -Wl,-Map="PN532.map" -Wl,--gc-sections -static --specs=nano.specs -mfpu=fpv4-sp-d16 -mfloat-abi=hard -mthumb -Wl,--start-group -lc -lm -Wl,--end-group
Finished building target: PN532.elf
 
arm-none-eabi-size  PN532.elf 
arm-none-eabi-objdump -h -S PN532.elf  > "PN532.list"
   text	   data	    bss	    dec	    hex	filename
   5744	     20	   1572	   7336	   1ca8	PN532.elf
Finished building: default.size.stdout
 
Finished building: PN532.list
 
22:33:52 **** Incremental Build of configuration Debug for project PN532 ****
make -j8 all 
arm-none-eabi-gcc "../Core/Src/usr/main_PN532.c" -mcpu=cortex-m4 -std=gnu11 -g3 -DDEBUG -DUSE_HAL_DRIVER -DSTM32F411xE -c -I../Core/Inc -I../Drivers/STM32F4xx_HAL_Driver/Inc -I../Drivers/STM32F4xx_HAL_Driver/Inc/Legacy -I../Drivers/CMSIS/Device/ST/STM32F4xx/Include -I../Drivers/CMSIS/Include -O0 -ffunction-sections -fdata-sections -Wall -fstack-usage -fcyclomatic-complexity -MMD -MP -MF"Core/Src/usr/main_PN532.d" -MT"Core/Src/usr/main_PN532.o" --specs=nano.specs -mfpu=fpv4-sp-d16 -mfloat-abi=hard -mthumb -o "Core/Src/usr/main_PN532.o"
arm-none-eabi-gcc -o "PN532.elf" @"objects.list"   -mcpu=cortex-m4 -T"C:\NelsonLima\Projetos\Github\lib_PN532\CubeIDE\PN532\STM32F411CEUX_FLASH.ld" --specs=nosys.specs -Wl,-Map="PN532.map" -Wl,--gc-sections -static --specs=nano.specs -mfpu=fpv4-sp-d16 -mfloat-abi=hard -mthumb -Wl,--start-group -lc -lm -Wl,--end-group
Finished building target: PN532.elf
 
arm-none-eabi-size  PN532.elf 
arm-none-eabi-objdump -h -S PN532.elf  > "PN532.list"
   text	   data	    bss	    dec	    hex	filename
   5744	     20	   1572	   7336	   1ca8	PN532.elf
Finished building: default.size.stdout
 
Finished building: PN532.list
 
22:34:07 **** Incremental Build of configuration Debug for project PN532 ****
make -j8 all 
arm-none-eabi-gcc "../Core/Src/usr/main_PN532.c" -mcpu=cortex-m4 -std=gnu11 -g3 -DDEBUG -DUSE_HAL_DRIVER -DSTM32F411xE -c -I../Core/Inc -I../Drivers/STM32F4xx_HAL_Driver/Inc -I../Drivers/STM32F4xx_HAL_Driver/Inc/Legacy -I../Drivers/CMSIS/Device/ST/STM32F4xx/Include -I../Drivers/CMSIS/Include -O0 -ffunction-sections -fdata-sections -Wall -fstack-usage -fcyclomatic-complexity -MMD -MP -MF"Core/Src/usr/main_PN532.d" -MT"Core/Src/usr/main_PN532.o" --specs=nano.specs -mfpu=fpv4-sp-d16 -mfloat-abi=hard -mthumb -o "Core/Src/usr/main_PN532.o"
../Core/Src/usr/main_PN532.c:7:19: error: initializer element is not constant
    7 | uint32_t tmrLED = HAL_GetTick();
      |                   ^~~~~~~~~~~
make: *** [Core/Src/usr/subdir.mk:19: Core/Src/usr/main_PN532.o] Error 1
"make -j8 all" terminated with exit code 2. Build might be incomplete.
22:34:32 **** Incremental Build of configuration Debug for project PN532 ****
make -j8 all 
arm-none-eabi-gcc "../Core/Src/usr/main_PN532.c" -mcpu=cortex-m4 -std=gnu11 -g3 -DDEBUG -DUSE_HAL_DRIVER -DSTM32F411xE -c -I../Core/Inc -I../Drivers/STM32F4xx_HAL_Driver/Inc -I../Drivers/STM32F4xx_HAL_Driver/Inc/Legacy -I../Drivers/CMSIS/Device/ST/STM32F4xx/Include -I../Drivers/CMSIS/Include -O0 -ffunction-sections -fdata-sections -Wall -fstack-usage -fcyclomatic-complexity -MMD -MP -MF"Core/Src/usr/main_PN532.d" -MT"Core/Src/usr/main_PN532.o" --specs=nano.specs -mfpu=fpv4-sp-d16 -mfloat-abi=hard -mthumb -o "Core/Src/usr/main_PN532.o"
arm-none-eabi-gcc -o "PN532.elf" @"objects.list"   -mcpu=cortex-m4 -T"C:\NelsonLima\Projetos\Github\lib_PN532\CubeIDE\PN532\STM32F411CEUX_FLASH.ld" --specs=nosys.specs -Wl,-Map="PN532.map" -Wl,--gc-sections -static --specs=nano.specs -mfpu=fpv4-sp-d16 -mfloat-abi=hard -mthumb -Wl,--start-group -lc -lm -Wl,--end-group
Finished building target: PN532.elf
 
arm-none-eabi-size  PN532.elf 
arm-none-eabi-objdump -h -S PN532.elf  > "PN532.list"
   text	   data	    bss	    dec	    hex	filename
   5744	     20	   1572	   7336	   1ca8	PN532.elf
Finished building: default.size.stdout
 
Finished building: PN532.list
 
22:36:25 **** Incremental Build of configuration Debug for project PN532 ****
make -j8 all 
arm-none-eabi-gcc "../Core/Src/usr/main_PN532.c" -mcpu=cortex-m4 -std=gnu11 -g3 -DDEBUG -DUSE_HAL_DRIVER -DSTM32F411xE -c -I../Core/Inc -I../Drivers/STM32F4xx_HAL_Driver/Inc -I../Drivers/STM32F4xx_HAL_Driver/Inc/Legacy -I../Drivers/CMSIS/Device/ST/STM32F4xx/Include -I../Drivers/CMSIS/Include -O0 -ffunction-sections -fdata-sections -Wall -fstack-usage -fcyclomatic-complexity -MMD -MP -MF"Core/Src/usr/main_PN532.d" -MT"Core/Src/usr/main_PN532.o" --specs=nano.specs -mfpu=fpv4-sp-d16 -mfloat-abi=hard -mthumb -o "Core/Src/usr/main_PN532.o"
arm-none-eabi-gcc -o "PN532.elf" @"objects.list"   -mcpu=cortex-m4 -T"C:\NelsonLima\Projetos\Github\lib_PN532\CubeIDE\PN532\STM32F411CEUX_FLASH.ld" --specs=nosys.specs -Wl,-Map="PN532.map" -Wl,--gc-sections -static --specs=nano.specs -mfpu=fpv4-sp-d16 -mfloat-abi=hard -mthumb -Wl,--start-group -lc -lm -Wl,--end-group
Finished building target: PN532.elf
 
arm-none-eabi-size  PN532.elf 
arm-none-eabi-objdump -h -S PN532.elf  > "PN532.list"
   text	   data	    bss	    dec	    hex	filename
   5744	     20	   1572	   7336	   1ca8	PN532.elf
Finished building: default.size.stdout
 
Finished building: PN532.list
 
22:36:31 **** Incremental Build of configuration Debug for project PN532 ****
make -j8 all 
arm-none-eabi-size  PN532.elf 
   text	   data	    bss	    dec	    hex	filename
   5744	     20	   1572	   7336	   1ca8	PN532.elf
Finished building: default.size.stdout
 
22:37:12 **** Incremental Build of configuration Debug for project PN532 ****
make -j8 all 
arm-none-eabi-gcc "../Core/Src/usr/main_PN532.c" -mcpu=cortex-m4 -std=gnu11 -g3 -DDEBUG -DUSE_HAL_DRIVER -DSTM32F411xE -c -I../Core/Inc -I../Drivers/STM32F4xx_HAL_Driver/Inc -I../Drivers/STM32F4xx_HAL_Driver/Inc/Legacy -I../Drivers/CMSIS/Device/ST/STM32F4xx/Include -I../Drivers/CMSIS/Include -O0 -ffunction-sections -fdata-sections -Wall -fstack-usage -fcyclomatic-complexity -MMD -MP -MF"Core/Src/usr/main_PN532.d" -MT"Core/Src/usr/main_PN532.o" --specs=nano.specs -mfpu=fpv4-sp-d16 -mfloat-abi=hard -mthumb -o "Core/Src/usr/main_PN532.o"
arm-none-eabi-gcc "../Core/Src/main.c" -mcpu=cortex-m4 -std=gnu11 -g3 -DDEBUG -DUSE_HAL_DRIVER -DSTM32F411xE -c -I../Core/Inc -I../Drivers/STM32F4xx_HAL_Driver/Inc -I../Drivers/STM32F4xx_HAL_Driver/Inc/Legacy -I../Drivers/CMSIS/Device/ST/STM32F4xx/Include -I../Drivers/CMSIS/Include -O0 -ffunction-sections -fdata-sections -Wall -fstack-usage -fcyclomatic-complexity -MMD -MP -MF"Core/Src/main.d" -MT"Core/Src/main.o" --specs=nano.specs -mfpu=fpv4-sp-d16 -mfloat-abi=hard -mthumb -o "Core/Src/main.o"
arm-none-eabi-gcc -o "PN532.elf" @"objects.list"   -mcpu=cortex-m4 -T"C:\NelsonLima\Projetos\Github\lib_PN532\CubeIDE\PN532\STM32F411CEUX_FLASH.ld" --specs=nosys.specs -Wl,-Map="PN532.map" -Wl,--gc-sections -static --specs=nano.specs -mfpu=fpv4-sp-d16 -mfloat-abi=hard -mthumb -Wl,--start-group -lc -lm -Wl,--end-group
Finished building target: PN532.elf
 
arm-none-eabi-size  PN532.elf 
arm-none-eabi-objdump -h -S PN532.elf  > "PN532.list"
   text	   data	    bss	    dec	    hex	filename
   5856	     20	   1572	   7448	   1d18	PN532.elf
Finished building: default.size.stdout
 
Finished building: PN532.list
 
01:28:26 **** Incremental Build of configuration Debug for project PN532 ****
make -j8 all 
arm-none-eabi-gcc "../Drivers/STM32F4xx_HAL_Driver/Src/stm32f4xx_hal.c" -mcpu=cortex-m4 -std=gnu11 -g3 -DDEBUG -DUSE_HAL_DRIVER -DSTM32F411xE -c -I../Core/Inc -I../Drivers/STM32F4xx_HAL_Driver/Inc -I../Drivers/STM32F4xx_HAL_Driver/Inc/Legacy -I../Drivers/CMSIS/Device/ST/STM32F4xx/Include -I../Drivers/CMSIS/Include -O0 -ffunction-sections -fdata-sections -Wall -fstack-usage -fcyclomatic-complexity -MMD -MP -MF"Drivers/STM32F4xx_HAL_Driver/Src/stm32f4xx_hal.d" -MT"Drivers/STM32F4xx_HAL_Driver/Src/stm32f4xx_hal.o" --specs=nano.specs -mfpu=fpv4-sp-d16 -mfloat-abi=hard -mthumb -o "Drivers/STM32F4xx_HAL_Driver/Src/stm32f4xx_hal.o"
arm-none-eabi-gcc "../Drivers/STM32F4xx_HAL_Driver/Src/stm32f4xx_hal_cortex.c" -mcpu=cortex-m4 -std=gnu11 -g3 -DDEBUG -DUSE_HAL_DRIVER -DSTM32F411xE -c -I../Core/Inc -I../Drivers/STM32F4xx_HAL_Driver/Inc -I../Drivers/STM32F4xx_HAL_Driver/Inc/Legacy -I../Drivers/CMSIS/Device/ST/STM32F4xx/Include -I../Drivers/CMSIS/Include -O0 -ffunction-sections -fdata-sections -Wall -fstack-usage -fcyclomatic-complexity -MMD -MP -MF"Drivers/STM32F4xx_HAL_Driver/Src/stm32f4xx_hal_cortex.d" -MT"Drivers/STM32F4xx_HAL_Driver/Src/stm32f4xx_hal_cortex.o" --specs=nano.specs -mfpu=fpv4-sp-d16 -mfloat-abi=hard -mthumb -o "Drivers/STM32F4xx_HAL_Driver/Src/stm32f4xx_hal_cortex.o"
arm-none-eabi-gcc "../Drivers/STM32F4xx_HAL_Driver/Src/stm32f4xx_hal_dma.c" -mcpu=cortex-m4 -std=gnu11 -g3 -DDEBUG -DUSE_HAL_DRIVER -DSTM32F411xE -c -I../Core/Inc -I../Drivers/STM32F4xx_HAL_Driver/Inc -I../Drivers/STM32F4xx_HAL_Driver/Inc/Legacy -I../Drivers/CMSIS/Device/ST/STM32F4xx/Include -I../Drivers/CMSIS/Include -O0 -ffunction-sections -fdata-sections -Wall -fstack-usage -fcyclomatic-complexity -MMD -MP -MF"Drivers/STM32F4xx_HAL_Driver/Src/stm32f4xx_hal_dma.d" -MT"Drivers/STM32F4xx_HAL_Driver/Src/stm32f4xx_hal_dma.o" --specs=nano.specs -mfpu=fpv4-sp-d16 -mfloat-abi=hard -mthumb -o "Drivers/STM32F4xx_HAL_Driver/Src/stm32f4xx_hal_dma.o"
arm-none-eabi-gcc "../Drivers/STM32F4xx_HAL_Driver/Src/stm32f4xx_hal_dma_ex.c" -mcpu=cortex-m4 -std=gnu11 -g3 -DDEBUG -DUSE_HAL_DRIVER -DSTM32F411xE -c -I../Core/Inc -I../Drivers/STM32F4xx_HAL_Driver/Inc -I../Drivers/STM32F4xx_HAL_Driver/Inc/Legacy -I../Drivers/CMSIS/Device/ST/STM32F4xx/Include -I../Drivers/CMSIS/Include -O0 -ffunction-sections -fdata-sections -Wall -fstack-usage -fcyclomatic-complexity -MMD -MP -MF"Drivers/STM32F4xx_HAL_Driver/Src/stm32f4xx_hal_dma_ex.d" -MT"Drivers/STM32F4xx_HAL_Driver/Src/stm32f4xx_hal_dma_ex.o" --specs=nano.specs -mfpu=fpv4-sp-d16 -mfloat-abi=hard -mthumb -o "Drivers/STM32F4xx_HAL_Driver/Src/stm32f4xx_hal_dma_ex.o"
arm-none-eabi-gcc "../Drivers/STM32F4xx_HAL_Driver/Src/stm32f4xx_hal_exti.c" -mcpu=cortex-m4 -std=gnu11 -g3 -DDEBUG -DUSE_HAL_DRIVER -DSTM32F411xE -c -I../Core/Inc -I../Drivers/STM32F4xx_HAL_Driver/Inc -I../Drivers/STM32F4xx_HAL_Driver/Inc/Legacy -I../Drivers/CMSIS/Device/ST/STM32F4xx/Include -I../Drivers/CMSIS/Include -O0 -ffunction-sections -fdata-sections -Wall -fstack-usage -fcyclomatic-complexity -MMD -MP -MF"Drivers/STM32F4xx_HAL_Driver/Src/stm32f4xx_hal_exti.d" -MT"Drivers/STM32F4xx_HAL_Driver/Src/stm32f4xx_hal_exti.o" --specs=nano.specs -mfpu=fpv4-sp-d16 -mfloat-abi=hard -mthumb -o "Drivers/STM32F4xx_HAL_Driver/Src/stm32f4xx_hal_exti.o"
arm-none-eabi-gcc "../Drivers/STM32F4xx_HAL_Driver/Src/stm32f4xx_hal_flash.c" -mcpu=cortex-m4 -std=gnu11 -g3 -DDEBUG -DUSE_HAL_DRIVER -DSTM32F411xE -c -I../Core/Inc -I../Drivers/STM32F4xx_HAL_Driver/Inc -I../Drivers/STM32F4xx_HAL_Driver/Inc/Legacy -I../Drivers/CMSIS/Device/ST/STM32F4xx/Include -I../Drivers/CMSIS/Include -O0 -ffunction-sections -fdata-sections -Wall -fstack-usage -fcyclomatic-complexity -MMD -MP -MF"Drivers/STM32F4xx_HAL_Driver/Src/stm32f4xx_hal_flash.d" -MT"Drivers/STM32F4xx_HAL_Driver/Src/stm32f4xx_hal_flash.o" --specs=nano.specs -mfpu=fpv4-sp-d16 -mfloat-abi=hard -mthumb -o "Drivers/STM32F4xx_HAL_Driver/Src/stm32f4xx_hal_flash.o"
arm-none-eabi-gcc "../Drivers/STM32F4xx_HAL_Driver/Src/stm32f4xx_hal_flash_ex.c" -mcpu=cortex-m4 -std=gnu11 -g3 -DDEBUG -DUSE_HAL_DRIVER -DSTM32F411xE -c -I../Core/Inc -I../Drivers/STM32F4xx_HAL_Driver/Inc -I../Drivers/STM32F4xx_HAL_Driver/Inc/Legacy -I../Drivers/CMSIS/Device/ST/STM32F4xx/Include -I../Drivers/CMSIS/Include -O0 -ffunction-sections -fdata-sections -Wall -fstack-usage -fcyclomatic-complexity -MMD -MP -MF"Drivers/STM32F4xx_HAL_Driver/Src/stm32f4xx_hal_flash_ex.d" -MT"Drivers/STM32F4xx_HAL_Driver/Src/stm32f4xx_hal_flash_ex.o" --specs=nano.specs -mfpu=fpv4-sp-d16 -mfloat-abi=hard -mthumb -o "Drivers/STM32F4xx_HAL_Driver/Src/stm32f4xx_hal_flash_ex.o"
arm-none-eabi-gcc "../Drivers/STM32F4xx_HAL_Driver/Src/stm32f4xx_hal_flash_ramfunc.c" -mcpu=cortex-m4 -std=gnu11 -g3 -DDEBUG -DUSE_HAL_DRIVER -DSTM32F411xE -c -I../Core/Inc -I../Drivers/STM32F4xx_HAL_Driver/Inc -I../Drivers/STM32F4xx_HAL_Driver/Inc/Legacy -I../Drivers/CMSIS/Device/ST/STM32F4xx/Include -I../Drivers/CMSIS/Include -O0 -ffunction-sections -fdata-sections -Wall -fstack-usage -fcyclomatic-complexity -MMD -MP -MF"Drivers/STM32F4xx_HAL_Driver/Src/stm32f4xx_hal_flash_ramfunc.d" -MT"Drivers/STM32F4xx_HAL_Driver/Src/stm32f4xx_hal_flash_ramfunc.o" --specs=nano.specs -mfpu=fpv4-sp-d16 -mfloat-abi=hard -mthumb -o "Drivers/STM32F4xx_HAL_Driver/Src/stm32f4xx_hal_flash_ramfunc.o"
arm-none-eabi-gcc "../Drivers/STM32F4xx_HAL_Driver/Src/stm32f4xx_hal_gpio.c" -mcpu=cortex-m4 -std=gnu11 -g3 -DDEBUG -DUSE_HAL_DRIVER -DSTM32F411xE -c -I../Core/Inc -I../Drivers/STM32F4xx_HAL_Driver/Inc -I../Drivers/STM32F4xx_HAL_Driver/Inc/Legacy -I../Drivers/CMSIS/Device/ST/STM32F4xx/Include -I../Drivers/CMSIS/Include -O0 -ffunction-sections -fdata-sections -Wall -fstack-usage -fcyclomatic-complexity -MMD -MP -MF"Drivers/STM32F4xx_HAL_Driver/Src/stm32f4xx_hal_gpio.d" -MT"Drivers/STM32F4xx_HAL_Driver/Src/stm32f4xx_hal_gpio.o" --specs=nano.specs -mfpu=fpv4-sp-d16 -mfloat-abi=hard -mthumb -o "Drivers/STM32F4xx_HAL_Driver/Src/stm32f4xx_hal_gpio.o"
arm-none-eabi-gcc "../Drivers/STM32F4xx_HAL_Driver/Src/stm32f4xx_hal_i2c.c" -mcpu=cortex-m4 -std=gnu11 -g3 -DDEBUG -DUSE_HAL_DRIVER -DSTM32F411xE -c -I../Core/Inc -I../Drivers/STM32F4xx_HAL_Driver/Inc -I../Drivers/STM32F4xx_HAL_Driver/Inc/Legacy -I../Drivers/CMSIS/Device/ST/STM32F4xx/Include -I../Drivers/CMSIS/Include -O0 -ffunction-sections -fdata-sections -Wall -fstack-usage -fcyclomatic-complexity -MMD -MP -MF"Drivers/STM32F4xx_HAL_Driver/Src/stm32f4xx_hal_i2c.d" -MT"Drivers/STM32F4xx_HAL_Driver/Src/stm32f4xx_hal_i2c.o" --specs=nano.specs -mfpu=fpv4-sp-d16 -mfloat-abi=hard -mthumb -o "Drivers/STM32F4xx_HAL_Driver/Src/stm32f4xx_hal_i2c.o"
arm-none-eabi-gcc "../Drivers/STM32F4xx_HAL_Driver/Src/stm32f4xx_hal_i2c_ex.c" -mcpu=cortex-m4 -std=gnu11 -g3 -DDEBUG -DUSE_HAL_DRIVER -DSTM32F411xE -c -I../Core/Inc -I../Drivers/STM32F4xx_HAL_Driver/Inc -I../Drivers/STM32F4xx_HAL_Driver/Inc/Legacy -I../Drivers/CMSIS/Device/ST/STM32F4xx/Include -I../Drivers/CMSIS/Include -O0 -ffunction-sections -fdata-sections -Wall -fstack-usage -fcyclomatic-complexity -MMD -MP -MF"Drivers/STM32F4xx_HAL_Driver/Src/stm32f4xx_hal_i2c_ex.d" -MT"Drivers/STM32F4xx_HAL_Driver/Src/stm32f4xx_hal_i2c_ex.o" --specs=nano.specs -mfpu=fpv4-sp-d16 -mfloat-abi=hard -mthumb -o "Drivers/STM32F4xx_HAL_Driver/Src/stm32f4xx_hal_i2c_ex.o"
arm-none-eabi-gcc "../Drivers/STM32F4xx_HAL_Driver/Src/stm32f4xx_hal_pwr.c" -mcpu=cortex-m4 -std=gnu11 -g3 -DDEBUG -DUSE_HAL_DRIVER -DSTM32F411xE -c -I../Core/Inc -I../Drivers/STM32F4xx_HAL_Driver/Inc -I../Drivers/STM32F4xx_HAL_Driver/Inc/Legacy -I../Drivers/CMSIS/Device/ST/STM32F4xx/Include -I../Drivers/CMSIS/Include -O0 -ffunction-sections -fdata-sections -Wall -fstack-usage -fcyclomatic-complexity -MMD -MP -MF"Drivers/STM32F4xx_HAL_Driver/Src/stm32f4xx_hal_pwr.d" -MT"Drivers/STM32F4xx_HAL_Driver/Src/stm32f4xx_hal_pwr.o" --specs=nano.specs -mfpu=fpv4-sp-d16 -mfloat-abi=hard -mthumb -o "Drivers/STM32F4xx_HAL_Driver/Src/stm32f4xx_hal_pwr.o"
arm-none-eabi-gcc "../Drivers/STM32F4xx_HAL_Driver/Src/stm32f4xx_hal_pwr_ex.c" -mcpu=cortex-m4 -std=gnu11 -g3 -DDEBUG -DUSE_HAL_DRIVER -DSTM32F411xE -c -I../Core/Inc -I../Drivers/STM32F4xx_HAL_Driver/Inc -I../Drivers/STM32F4xx_HAL_Driver/Inc/Legacy -I../Drivers/CMSIS/Device/ST/STM32F4xx/Include -I../Drivers/CMSIS/Include -O0 -ffunction-sections -fdata-sections -Wall -fstack-usage -fcyclomatic-complexity -MMD -MP -MF"Drivers/STM32F4xx_HAL_Driver/Src/stm32f4xx_hal_pwr_ex.d" -MT"Drivers/STM32F4xx_HAL_Driver/Src/stm32f4xx_hal_pwr_ex.o" --specs=nano.specs -mfpu=fpv4-sp-d16 -mfloat-abi=hard -mthumb -o "Drivers/STM32F4xx_HAL_Driver/Src/stm32f4xx_hal_pwr_ex.o"
arm-none-eabi-gcc "../Drivers/STM32F4xx_HAL_Driver/Src/stm32f4xx_hal_rcc.c" -mcpu=cortex-m4 -std=gnu11 -g3 -DDEBUG -DUSE_HAL_DRIVER -DSTM32F411xE -c -I../Core/Inc -I../Drivers/STM32F4xx_HAL_Driver/Inc -I../Drivers/STM32F4xx_HAL_Driver/Inc/Legacy -I../Drivers/CMSIS/Device/ST/STM32F4xx/Include -I../Drivers/CMSIS/Include -O0 -ffunction-sections -fdata-sections -Wall -fstack-usage -fcyclomatic-complexity -MMD -MP -MF"Drivers/STM32F4xx_HAL_Driver/Src/stm32f4xx_hal_rcc.d" -MT"Drivers/STM32F4xx_HAL_Driver/Src/stm32f4xx_hal_rcc.o" --specs=nano.specs -mfpu=fpv4-sp-d16 -mfloat-abi=hard -mthumb -o "Drivers/STM32F4xx_HAL_Driver/Src/stm32f4xx_hal_rcc.o"
arm-none-eabi-gcc "../Drivers/STM32F4xx_HAL_Driver/Src/stm32f4xx_hal_rcc_ex.c" -mcpu=cortex-m4 -std=gnu11 -g3 -DDEBUG -DUSE_HAL_DRIVER -DSTM32F411xE -c -I../Core/Inc -I../Drivers/STM32F4xx_HAL_Driver/Inc -I../Drivers/STM32F4xx_HAL_Driver/Inc/Legacy -I../Drivers/CMSIS/Device/ST/STM32F4xx/Include -I../Drivers/CMSIS/Include -O0 -ffunction-sections -fdata-sections -Wall -fstack-usage -fcyclomatic-complexity -MMD -MP -MF"Drivers/STM32F4xx_HAL_Driver/Src/stm32f4xx_hal_rcc_ex.d" -MT"Drivers/STM32F4xx_HAL_Driver/Src/stm32f4xx_hal_rcc_ex.o" --specs=nano.specs -mfpu=fpv4-sp-d16 -mfloat-abi=hard -mthumb -o "Drivers/STM32F4xx_HAL_Driver/Src/stm32f4xx_hal_rcc_ex.o"
arm-none-eabi-gcc "../Drivers/STM32F4xx_HAL_Driver/Src/stm32f4xx_hal_tim.c" -mcpu=cortex-m4 -std=gnu11 -g3 -DDEBUG -DUSE_HAL_DRIVER -DSTM32F411xE -c -I../Core/Inc -I../Drivers/STM32F4xx_HAL_Driver/Inc -I../Drivers/STM32F4xx_HAL_Driver/Inc/Legacy -I../Drivers/CMSIS/Device/ST/STM32F4xx/Include -I../Drivers/CMSIS/Include -O0 -ffunction-sections -fdata-sections -Wall -fstack-usage -fcyclomatic-complexity -MMD -MP -MF"Drivers/STM32F4xx_HAL_Driver/Src/stm32f4xx_hal_tim.d" -MT"Drivers/STM32F4xx_HAL_Driver/Src/stm32f4xx_hal_tim.o" --specs=nano.specs -mfpu=fpv4-sp-d16 -mfloat-abi=hard -mthumb -o "Drivers/STM32F4xx_HAL_Driver/Src/stm32f4xx_hal_tim.o"
arm-none-eabi-gcc "../Drivers/STM32F4xx_HAL_Driver/Src/stm32f4xx_hal_tim_ex.c" -mcpu=cortex-m4 -std=gnu11 -g3 -DDEBUG -DUSE_HAL_DRIVER -DSTM32F411xE -c -I../Core/Inc -I../Drivers/STM32F4xx_HAL_Driver/Inc -I../Drivers/STM32F4xx_HAL_Driver/Inc/Legacy -I../Drivers/CMSIS/Device/ST/STM32F4xx/Include -I../Drivers/CMSIS/Include -O0 -ffunction-sections -fdata-sections -Wall -fstack-usage -fcyclomatic-complexity -MMD -MP -MF"Drivers/STM32F4xx_HAL_Driver/Src/stm32f4xx_hal_tim_ex.d" -MT"Drivers/STM32F4xx_HAL_Driver/Src/stm32f4xx_hal_tim_ex.o" --specs=nano.specs -mfpu=fpv4-sp-d16 -mfloat-abi=hard -mthumb -o "Drivers/STM32F4xx_HAL_Driver/Src/stm32f4xx_hal_tim_ex.o"
arm-none-eabi-gcc "../Core/Src/usr/J3_PN532.c" -mcpu=cortex-m4 -std=gnu11 -g3 -DDEBUG -DUSE_HAL_DRIVER -DSTM32F411xE -c -I../Core/Inc -I../Drivers/STM32F4xx_HAL_Driver/Inc -I../Drivers/STM32F4xx_HAL_Driver/Inc/Legacy -I../Drivers/CMSIS/Device/ST/STM32F4xx/Include -I../Drivers/CMSIS/Include -O0 -ffunction-sections -fdata-sections -Wall -fstack-usage -fcyclomatic-complexity -MMD -MP -MF"Core/Src/usr/J3_PN532.d" -MT"Core/Src/usr/J3_PN532.o" --specs=nano.specs -mfpu=fpv4-sp-d16 -mfloat-abi=hard -mthumb -o "Core/Src/usr/J3_PN532.o"
arm-none-eabi-gcc "../Core/Src/usr/main_PN532.c" -mcpu=cortex-m4 -std=gnu11 -g3 -DDEBUG -DUSE_HAL_DRIVER -DSTM32F411xE -c -I../Core/Inc -I../Drivers/STM32F4xx_HAL_Driver/Inc -I../Drivers/STM32F4xx_HAL_Driver/Inc/Legacy -I../Drivers/CMSIS/Device/ST/STM32F4xx/Include -I../Drivers/CMSIS/Include -O0 -ffunction-sections -fdata-sections -Wall -fstack-usage -fcyclomatic-complexity -MMD -MP -MF"Core/Src/usr/main_PN532.d" -MT"Core/Src/usr/main_PN532.o" --specs=nano.specs -mfpu=fpv4-sp-d16 -mfloat-abi=hard -mthumb -o "Core/Src/usr/main_PN532.o"
arm-none-eabi-gcc "../Core/Src/gpio.c" -mcpu=cortex-m4 -std=gnu11 -g3 -DDEBUG -DUSE_HAL_DRIVER -DSTM32F411xE -c -I../Core/Inc -I../Drivers/STM32F4xx_HAL_Driver/Inc -I../Drivers/STM32F4xx_HAL_Driver/Inc/Legacy -I../Drivers/CMSIS/Device/ST/STM32F4xx/Include -I../Drivers/CMSIS/Include -O0 -ffunction-sections -fdata-sections -Wall -fstack-usage -fcyclomatic-complexity -MMD -MP -MF"Core/Src/gpio.d" -MT"Core/Src/gpio.o" --specs=nano.specs -mfpu=fpv4-sp-d16 -mfloat-abi=hard -mthumb -o "Core/Src/gpio.o"
arm-none-eabi-gcc "../Core/Src/i2c.c" -mcpu=cortex-m4 -std=gnu11 -g3 -DDEBUG -DUSE_HAL_DRIVER -DSTM32F411xE -c -I../Core/Inc -I../Drivers/STM32F4xx_HAL_Driver/Inc -I../Drivers/STM32F4xx_HAL_Driver/Inc/Legacy -I../Drivers/CMSIS/Device/ST/STM32F4xx/Include -I../Drivers/CMSIS/Include -O0 -ffunction-sections -fdata-sections -Wall -fstack-usage -fcyclomatic-complexity -MMD -MP -MF"Core/Src/i2c.d" -MT"Core/Src/i2c.o" --specs=nano.specs -mfpu=fpv4-sp-d16 -mfloat-abi=hard -mthumb -o "Core/Src/i2c.o"
arm-none-eabi-gcc "../Core/Src/main.c" -mcpu=cortex-m4 -std=gnu11 -g3 -DDEBUG -DUSE_HAL_DRIVER -DSTM32F411xE -c -I../Core/Inc -I../Drivers/STM32F4xx_HAL_Driver/Inc -I../Drivers/STM32F4xx_HAL_Driver/Inc/Legacy -I../Drivers/CMSIS/Device/ST/STM32F4xx/Include -I../Drivers/CMSIS/Include -O0 -ffunction-sections -fdata-sections -Wall -fstack-usage -fcyclomatic-complexity -MMD -MP -MF"Core/Src/main.d" -MT"Core/Src/main.o" --specs=nano.specs -mfpu=fpv4-sp-d16 -mfloat-abi=hard -mthumb -o "Core/Src/main.o"
arm-none-eabi-gcc "../Core/Src/stm32f4xx_hal_msp.c" -mcpu=cortex-m4 -std=gnu11 -g3 -DDEBUG -DUSE_HAL_DRIVER -DSTM32F411xE -c -I../Core/Inc -I../Drivers/STM32F4xx_HAL_Driver/Inc -I../Drivers/STM32F4xx_HAL_Driver/Inc/Legacy -I../Drivers/CMSIS/Device/ST/STM32F4xx/Include -I../Drivers/CMSIS/Include -O0 -ffunction-sections -fdata-sections -Wall -fstack-usage -fcyclomatic-complexity -MMD -MP -MF"Core/Src/stm32f4xx_hal_msp.d" -MT"Core/Src/stm32f4xx_hal_msp.o" --specs=nano.specs -mfpu=fpv4-sp-d16 -mfloat-abi=hard -mthumb -o "Core/Src/stm32f4xx_hal_msp.o"
../Core/Src/usr/J3_PN532.c: In function 'J3_PN532_new':
../Core/Src/usr/J3_PN532.c:15:14: warning: implicit declaration of function 'malloc' [-Wimplicit-function-declaration]
   15 |   auxPN532 = malloc(sizeof(TOLED));
      |              ^~~~~~
../Core/Src/usr/J3_PN532.c:8:1: note: include '<stdlib.h>' or provide a declaration of 'malloc'
    7 | #include "usr/J3_PN532.h"
  +++ |+#include <stdlib.h>
    8 | 
../Core/Src/usr/J3_PN532.c:15:14: warning: incompatible implicit declaration of built-in function 'malloc' [-Wbuiltin-declaration-mismatch]
   15 |   auxPN532 = malloc(sizeof(TOLED));
      |              ^~~~~~
../Core/Src/usr/J3_PN532.c:15:14: note: include '<stdlib.h>' or provide a declaration of 'malloc'
../Core/Src/usr/J3_PN532.c:15:28: error: 'TOLED' undeclared (first use in this function)
   15 |   auxPN532 = malloc(sizeof(TOLED));
      |                            ^~~~~
../Core/Src/usr/J3_PN532.c:15:28: note: each undeclared identifier is reported only once for each function it appears in
../Core/Src/usr/J3_PN532.c:18:11: error: 'TPN532' has no member named 'buffer'
   18 |   auxPN532->buffer = malloc(128 * 8 * sizeof(uint8_t));
      |           ^~
../Core/Src/usr/J3_PN532.c:19:3: warning: implicit declaration of function 'memset' [-Wimplicit-function-declaration]
   19 |   memset(auxPN532->buffer, 0x00, 128 * 8 * sizeof(uint8_t));
      |   ^~~~~~
../Core/Src/usr/J3_PN532.c:8:1: note: include '<string.h>' or provide a declaration of 'memset'
    7 | #include "usr/J3_PN532.h"
  +++ |+#include <string.h>
    8 | 
../Core/Src/usr/J3_PN532.c:19:3: warning: incompatible implicit declaration of built-in function 'memset' [-Wbuiltin-declaration-mismatch]
   19 |   memset(auxPN532->buffer, 0x00, 128 * 8 * sizeof(uint8_t));
      |   ^~~~~~
../Core/Src/usr/J3_PN532.c:19:3: note: include '<string.h>' or provide a declaration of 'memset'
../Core/Src/usr/J3_PN532.c:19:18: error: 'TPN532' has no member named 'buffer'
   19 |   memset(auxPN532->buffer, 0x00, 128 * 8 * sizeof(uint8_t));
      |                  ^~
../Core/Src/usr/J3_PN532.c: At top level:
../Core/Src/usr/J3_PN532.c:27:1: error: expected identifier or '(' before '}' token
   27 | }
      | ^
make: *** [Core/Src/usr/subdir.mk:22: Core/Src/usr/J3_PN532.o] Error 1
make: *** Waiting for unfinished jobs....
"make -j8 all" terminated with exit code 2. Build might be incomplete.
01:29:25 **** Incremental Build of configuration Debug for project PN532 ****
make -j8 all 
arm-none-eabi-gcc "../Core/Src/usr/J3_PN532.c" -mcpu=cortex-m4 -std=gnu11 -g3 -DDEBUG -DUSE_HAL_DRIVER -DSTM32F411xE -c -I../Core/Inc -I../Drivers/STM32F4xx_HAL_Driver/Inc -I../Drivers/STM32F4xx_HAL_Driver/Inc/Legacy -I../Drivers/CMSIS/Device/ST/STM32F4xx/Include -I../Drivers/CMSIS/Include -O0 -ffunction-sections -fdata-sections -Wall -fstack-usage -fcyclomatic-complexity -MMD -MP -MF"Core/Src/usr/J3_PN532.d" -MT"Core/Src/usr/J3_PN532.o" --specs=nano.specs -mfpu=fpv4-sp-d16 -mfloat-abi=hard -mthumb -o "Core/Src/usr/J3_PN532.o"
arm-none-eabi-gcc "../Core/Src/stm32f4xx_it.c" -mcpu=cortex-m4 -std=gnu11 -g3 -DDEBUG -DUSE_HAL_DRIVER -DSTM32F411xE -c -I../Core/Inc -I../Drivers/STM32F4xx_HAL_Driver/Inc -I../Drivers/STM32F4xx_HAL_Driver/Inc/Legacy -I../Drivers/CMSIS/Device/ST/STM32F4xx/Include -I../Drivers/CMSIS/Include -O0 -ffunction-sections -fdata-sections -Wall -fstack-usage -fcyclomatic-complexity -MMD -MP -MF"Core/Src/stm32f4xx_it.d" -MT"Core/Src/stm32f4xx_it.o" --specs=nano.specs -mfpu=fpv4-sp-d16 -mfloat-abi=hard -mthumb -o "Core/Src/stm32f4xx_it.o"
arm-none-eabi-gcc "../Core/Src/syscalls.c" -mcpu=cortex-m4 -std=gnu11 -g3 -DDEBUG -DUSE_HAL_DRIVER -DSTM32F411xE -c -I../Core/Inc -I../Drivers/STM32F4xx_HAL_Driver/Inc -I../Drivers/STM32F4xx_HAL_Driver/Inc/Legacy -I../Drivers/CMSIS/Device/ST/STM32F4xx/Include -I../Drivers/CMSIS/Include -O0 -ffunction-sections -fdata-sections -Wall -fstack-usage -fcyclomatic-complexity -MMD -MP -MF"Core/Src/syscalls.d" -MT"Core/Src/syscalls.o" --specs=nano.specs -mfpu=fpv4-sp-d16 -mfloat-abi=hard -mthumb -o "Core/Src/syscalls.o"
arm-none-eabi-gcc "../Core/Src/sysmem.c" -mcpu=cortex-m4 -std=gnu11 -g3 -DDEBUG -DUSE_HAL_DRIVER -DSTM32F411xE -c -I../Core/Inc -I../Drivers/STM32F4xx_HAL_Driver/Inc -I../Drivers/STM32F4xx_HAL_Driver/Inc/Legacy -I../Drivers/CMSIS/Device/ST/STM32F4xx/Include -I../Drivers/CMSIS/Include -O0 -ffunction-sections -fdata-sections -Wall -fstack-usage -fcyclomatic-complexity -MMD -MP -MF"Core/Src/sysmem.d" -MT"Core/Src/sysmem.o" --specs=nano.specs -mfpu=fpv4-sp-d16 -mfloat-abi=hard -mthumb -o "Core/Src/sysmem.o"
arm-none-eabi-gcc "../Core/Src/system_stm32f4xx.c" -mcpu=cortex-m4 -std=gnu11 -g3 -DDEBUG -DUSE_HAL_DRIVER -DSTM32F411xE -c -I../Core/Inc -I../Drivers/STM32F4xx_HAL_Driver/Inc -I../Drivers/STM32F4xx_HAL_Driver/Inc/Legacy -I../Drivers/CMSIS/Device/ST/STM32F4xx/Include -I../Drivers/CMSIS/Include -O0 -ffunction-sections -fdata-sections -Wall -fstack-usage -fcyclomatic-complexity -MMD -MP -MF"Core/Src/system_stm32f4xx.d" -MT"Core/Src/system_stm32f4xx.o" --specs=nano.specs -mfpu=fpv4-sp-d16 -mfloat-abi=hard -mthumb -o "Core/Src/system_stm32f4xx.o"
../Core/Src/usr/J3_PN532.c: In function 'J3_PN532_new':
../Core/Src/usr/J3_PN532.c:16:14: warning: implicit declaration of function 'malloc' [-Wimplicit-function-declaration]
   16 |   auxPN532 = malloc(sizeof(TOLED));
      |              ^~~~~~
../Core/Src/usr/J3_PN532.c:9:1: note: include '<stdlib.h>' or provide a declaration of 'malloc'
    8 | #include <stdio.h>
  +++ |+#include <stdlib.h>
    9 | 
../Core/Src/usr/J3_PN532.c:16:14: warning: incompatible implicit declaration of built-in function 'malloc' [-Wbuiltin-declaration-mismatch]
   16 |   auxPN532 = malloc(sizeof(TOLED));
      |              ^~~~~~
../Core/Src/usr/J3_PN532.c:16:14: note: include '<stdlib.h>' or provide a declaration of 'malloc'
../Core/Src/usr/J3_PN532.c:16:28: error: 'TOLED' undeclared (first use in this function)
   16 |   auxPN532 = malloc(sizeof(TOLED));
      |                            ^~~~~
../Core/Src/usr/J3_PN532.c:16:28: note: each undeclared identifier is reported only once for each function it appears in
../Core/Src/usr/J3_PN532.c:19:11: error: 'TPN532' has no member named 'buffer'
   19 |   auxPN532->buffer = malloc(128 * 8 * sizeof(uint8_t));
      |           ^~
../Core/Src/usr/J3_PN532.c:20:3: warning: implicit declaration of function 'memset' [-Wimplicit-function-declaration]
   20 |   memset(auxPN532->buffer, 0x00, 128 * 8 * sizeof(uint8_t));
      |   ^~~~~~
../Core/Src/usr/J3_PN532.c:9:1: note: include '<string.h>' or provide a declaration of 'memset'
    8 | #include <stdio.h>
  +++ |+#include <string.h>
    9 | 
../Core/Src/usr/J3_PN532.c:20:3: warning: incompatible implicit declaration of built-in function 'memset' [-Wbuiltin-declaration-mismatch]
   20 |   memset(auxPN532->buffer, 0x00, 128 * 8 * sizeof(uint8_t));
      |   ^~~~~~
../Core/Src/usr/J3_PN532.c:20:3: note: include '<string.h>' or provide a declaration of 'memset'
../Core/Src/usr/J3_PN532.c:20:18: error: 'TPN532' has no member named 'buffer'
   20 |   memset(auxPN532->buffer, 0x00, 128 * 8 * sizeof(uint8_t));
      |                  ^~
../Core/Src/usr/J3_PN532.c: At top level:
../Core/Src/usr/J3_PN532.c:28:1: error: expected identifier or '(' before '}' token
   28 | }
      | ^
make: *** [Core/Src/usr/subdir.mk:22: Core/Src/usr/J3_PN532.o] Error 1
make: *** Waiting for unfinished jobs....
"make -j8 all" terminated with exit code 2. Build might be incomplete.
01:36:36 **** Incremental Build of configuration Debug for project PN532 ****
make -j8 all 
arm-none-eabi-gcc "../Core/Src/usr/J3_PN532.c" -mcpu=cortex-m4 -std=gnu11 -g3 -DDEBUG -DUSE_HAL_DRIVER -DSTM32F411xE -c -I../Core/Inc -I../Drivers/STM32F4xx_HAL_Driver/Inc -I../Drivers/STM32F4xx_HAL_Driver/Inc/Legacy -I../Drivers/CMSIS/Device/ST/STM32F4xx/Include -I../Drivers/CMSIS/Include -O0 -ffunction-sections -fdata-sections -Wall -fstack-usage -fcyclomatic-complexity -MMD -MP -MF"Core/Src/usr/J3_PN532.d" -MT"Core/Src/usr/J3_PN532.o" --specs=nano.specs -mfpu=fpv4-sp-d16 -mfloat-abi=hard -mthumb -o "Core/Src/usr/J3_PN532.o"
../Core/Src/usr/J3_PN532.c: In function 'J3_PN532_new':
../Core/Src/usr/J3_PN532.c:17:14: warning: implicit declaration of function 'malloc' [-Wimplicit-function-declaration]
   17 |   auxPN532 = malloc(sizeof(TOLED));
      |              ^~~~~~
../Core/Src/usr/J3_PN532.c:9:1: note: include '<stdlib.h>' or provide a declaration of 'malloc'
    8 | #include <stdio.h>
  +++ |+#include <stdlib.h>
    9 | #include <stdio.h>
../Core/Src/usr/J3_PN532.c:17:14: warning: incompatible implicit declaration of built-in function 'malloc' [-Wbuiltin-declaration-mismatch]
   17 |   auxPN532 = malloc(sizeof(TOLED));
      |              ^~~~~~
../Core/Src/usr/J3_PN532.c:17:14: note: include '<stdlib.h>' or provide a declaration of 'malloc'
../Core/Src/usr/J3_PN532.c:17:28: error: 'TOLED' undeclared (first use in this function)
   17 |   auxPN532 = malloc(sizeof(TOLED));
      |                            ^~~~~
../Core/Src/usr/J3_PN532.c:17:28: note: each undeclared identifier is reported only once for each function it appears in
../Core/Src/usr/J3_PN532.c:20:11: error: 'TPN532' has no member named 'buffer'
   20 |   auxPN532->buffer = malloc(128 * 8 * sizeof(uint8_t));
      |           ^~
../Core/Src/usr/J3_PN532.c:21:3: warning: implicit declaration of function 'memset' [-Wimplicit-function-declaration]
   21 |   memset(auxPN532->buffer, 0x00, 128 * 8 * sizeof(uint8_t));
      |   ^~~~~~
../Core/Src/usr/J3_PN532.c:9:1: note: include '<string.h>' or provide a declaration of 'memset'
    8 | #include <stdio.h>
  +++ |+#include <string.h>
    9 | #include <stdio.h>
../Core/Src/usr/J3_PN532.c:21:3: warning: incompatible implicit declaration of built-in function 'memset' [-Wbuiltin-declaration-mismatch]
   21 |   memset(auxPN532->buffer, 0x00, 128 * 8 * sizeof(uint8_t));
      |   ^~~~~~
../Core/Src/usr/J3_PN532.c:21:3: note: include '<string.h>' or provide a declaration of 'memset'
../Core/Src/usr/J3_PN532.c:21:18: error: 'TPN532' has no member named 'buffer'
   21 |   memset(auxPN532->buffer, 0x00, 128 * 8 * sizeof(uint8_t));
      |                  ^~
../Core/Src/usr/J3_PN532.c: At top level:
../Core/Src/usr/J3_PN532.c:29:1: error: expected identifier or '(' before '}' token
   29 | }
      | ^
make: *** [Core/Src/usr/subdir.mk:22: Core/Src/usr/J3_PN532.o] Error 1
"make -j8 all" terminated with exit code 2. Build might be incomplete.
01:36:49 **** Incremental Build of configuration Debug for project PN532 ****
make -j8 all 
arm-none-eabi-gcc "../Core/Src/usr/J3_PN532.c" -mcpu=cortex-m4 -std=gnu11 -g3 -DDEBUG -DUSE_HAL_DRIVER -DSTM32F411xE -c -I../Core/Inc -I../Drivers/STM32F4xx_HAL_Driver/Inc -I../Drivers/STM32F4xx_HAL_Driver/Inc/Legacy -I../Drivers/CMSIS/Device/ST/STM32F4xx/Include -I../Drivers/CMSIS/Include -O0 -ffunction-sections -fdata-sections -Wall -fstack-usage -fcyclomatic-complexity -MMD -MP -MF"Core/Src/usr/J3_PN532.d" -MT"Core/Src/usr/J3_PN532.o" --specs=nano.specs -mfpu=fpv4-sp-d16 -mfloat-abi=hard -mthumb -o "Core/Src/usr/J3_PN532.o"
../Core/Src/usr/J3_PN532.c: In function 'J3_PN532_new':
../Core/Src/usr/J3_PN532.c:17:14: warning: implicit declaration of function 'malloc' [-Wimplicit-function-declaration]
   17 |   auxPN532 = malloc(sizeof(TOLED));
      |              ^~~~~~
../Core/Src/usr/J3_PN532.c:9:1: note: include '<stdlib.h>' or provide a declaration of 'malloc'
    8 | #include <stdio.h>
  +++ |+#include <stdlib.h>
    9 | #include <stdio.h>
../Core/Src/usr/J3_PN532.c:17:14: warning: incompatible implicit declaration of built-in function 'malloc' [-Wbuiltin-declaration-mismatch]
   17 |   auxPN532 = malloc(sizeof(TOLED));
      |              ^~~~~~
../Core/Src/usr/J3_PN532.c:17:14: note: include '<stdlib.h>' or provide a declaration of 'malloc'
../Core/Src/usr/J3_PN532.c:17:28: error: 'TOLED' undeclared (first use in this function)
   17 |   auxPN532 = malloc(sizeof(TOLED));
      |                            ^~~~~
../Core/Src/usr/J3_PN532.c:17:28: note: each undeclared identifier is reported only once for each function it appears in
../Core/Src/usr/J3_PN532.c:20:11: error: 'TPN532' has no member named 'buffer'
   20 |   auxPN532->buffer = malloc(128 * 8 * sizeof(uint8_t));
      |           ^~
../Core/Src/usr/J3_PN532.c:21:3: warning: implicit declaration of function 'memset' [-Wimplicit-function-declaration]
   21 |   memset(auxPN532->buffer, 0x00, 128 * 8 * sizeof(uint8_t));
      |   ^~~~~~
../Core/Src/usr/J3_PN532.c:9:1: note: include '<string.h>' or provide a declaration of 'memset'
    8 | #include <stdio.h>
  +++ |+#include <string.h>
    9 | #include <stdio.h>
../Core/Src/usr/J3_PN532.c:21:3: warning: incompatible implicit declaration of built-in function 'memset' [-Wbuiltin-declaration-mismatch]
   21 |   memset(auxPN532->buffer, 0x00, 128 * 8 * sizeof(uint8_t));
      |   ^~~~~~
../Core/Src/usr/J3_PN532.c:21:3: note: include '<string.h>' or provide a declaration of 'memset'
../Core/Src/usr/J3_PN532.c:21:18: error: 'TPN532' has no member named 'buffer'
   21 |   memset(auxPN532->buffer, 0x00, 128 * 8 * sizeof(uint8_t));
      |                  ^~
../Core/Src/usr/J3_PN532.c: At top level:
../Core/Src/usr/J3_PN532.c:29:1: error: expected identifier or '(' before '}' token
   29 | }
      | ^
make: *** [Core/Src/usr/subdir.mk:22: Core/Src/usr/J3_PN532.o] Error 1
"make -j8 all" terminated with exit code 2. Build might be incomplete.
01:37:26 **** Incremental Build of configuration Debug for project PN532 ****
make -j8 all 
arm-none-eabi-gcc "../Core/Src/usr/J3_PN532.c" -mcpu=cortex-m4 -std=gnu11 -g3 -DDEBUG -DUSE_HAL_DRIVER -DSTM32F411xE -c -I../Core/Inc -I../Drivers/STM32F4xx_HAL_Driver/Inc -I../Drivers/STM32F4xx_HAL_Driver/Inc/Legacy -I../Drivers/CMSIS/Device/ST/STM32F4xx/Include -I../Drivers/CMSIS/Include -O0 -ffunction-sections -fdata-sections -Wall -fstack-usage -fcyclomatic-complexity -MMD -MP -MF"Core/Src/usr/J3_PN532.d" -MT"Core/Src/usr/J3_PN532.o" --specs=nano.specs -mfpu=fpv4-sp-d16 -mfloat-abi=hard -mthumb -o "Core/Src/usr/J3_PN532.o"
../Core/Src/usr/J3_PN532.c: In function 'J3_PN532_new':
../Core/Src/usr/J3_PN532.c:17:14: warning: implicit declaration of function 'malloc' [-Wimplicit-function-declaration]
   17 |   auxPN532 = malloc(sizeof(TOLED));
      |              ^~~~~~
../Core/Src/usr/J3_PN532.c:9:1: note: include '<stdlib.h>' or provide a declaration of 'malloc'
    8 | #include <stdio.h>
  +++ |+#include <stdlib.h>
    9 | #include <stdio.h>
../Core/Src/usr/J3_PN532.c:17:14: warning: incompatible implicit declaration of built-in function 'malloc' [-Wbuiltin-declaration-mismatch]
   17 |   auxPN532 = malloc(sizeof(TOLED));
      |              ^~~~~~
../Core/Src/usr/J3_PN532.c:17:14: note: include '<stdlib.h>' or provide a declaration of 'malloc'
../Core/Src/usr/J3_PN532.c:17:28: error: 'TOLED' undeclared (first use in this function)
   17 |   auxPN532 = malloc(sizeof(TOLED));
      |                            ^~~~~
../Core/Src/usr/J3_PN532.c:17:28: note: each undeclared identifier is reported only once for each function it appears in
../Core/Src/usr/J3_PN532.c:21:3: warning: implicit declaration of function 'memset' [-Wimplicit-function-declaration]
   21 |   memset(auxPN532->buffer, 0x00, 128 * 8 * sizeof(uint8_t));
      |   ^~~~~~
../Core/Src/usr/J3_PN532.c:9:1: note: include '<string.h>' or provide a declaration of 'memset'
    8 | #include <stdio.h>
  +++ |+#include <string.h>
    9 | #include <stdio.h>
../Core/Src/usr/J3_PN532.c:21:3: warning: incompatible implicit declaration of built-in function 'memset' [-Wbuiltin-declaration-mismatch]
   21 |   memset(auxPN532->buffer, 0x00, 128 * 8 * sizeof(uint8_t));
      |   ^~~~~~
../Core/Src/usr/J3_PN532.c:21:3: note: include '<string.h>' or provide a declaration of 'memset'
../Core/Src/usr/J3_PN532.c: At top level:
../Core/Src/usr/J3_PN532.c:29:1: error: expected identifier or '(' before '}' token
   29 | }
      | ^
make: *** [Core/Src/usr/subdir.mk:22: Core/Src/usr/J3_PN532.o] Error 1
"make -j8 all" terminated with exit code 2. Build might be incomplete.
01:38:24 **** Incremental Build of configuration Debug for project PN532 ****
make -j8 all 
arm-none-eabi-gcc "../Core/Src/usr/J3_PN532.c" -mcpu=cortex-m4 -std=gnu11 -g3 -DDEBUG -DUSE_HAL_DRIVER -DSTM32F411xE -c -I../Core/Inc -I../Drivers/STM32F4xx_HAL_Driver/Inc -I../Drivers/STM32F4xx_HAL_Driver/Inc/Legacy -I../Drivers/CMSIS/Device/ST/STM32F4xx/Include -I../Drivers/CMSIS/Include -O0 -ffunction-sections -fdata-sections -Wall -fstack-usage -fcyclomatic-complexity -MMD -MP -MF"Core/Src/usr/J3_PN532.d" -MT"Core/Src/usr/J3_PN532.o" --specs=nano.specs -mfpu=fpv4-sp-d16 -mfloat-abi=hard -mthumb -o "Core/Src/usr/J3_PN532.o"
../Core/Src/usr/J3_PN532.c: In function 'J3_PN532_new':
../Core/Src/usr/J3_PN532.c:17:14: warning: implicit declaration of function 'malloc' [-Wimplicit-function-declaration]
   17 |   auxPN532 = malloc(sizeof(TOLED));
      |              ^~~~~~
../Core/Src/usr/J3_PN532.c:10:1: note: include '<stdlib.h>' or provide a declaration of 'malloc'
    9 | #include <string.h>
  +++ |+#include <stdlib.h>
   10 | 
../Core/Src/usr/J3_PN532.c:17:14: warning: incompatible implicit declaration of built-in function 'malloc' [-Wbuiltin-declaration-mismatch]
   17 |   auxPN532 = malloc(sizeof(TOLED));
      |              ^~~~~~
../Core/Src/usr/J3_PN532.c:17:14: note: include '<stdlib.h>' or provide a declaration of 'malloc'
../Core/Src/usr/J3_PN532.c:17:28: error: 'TOLED' undeclared (first use in this function)
   17 |   auxPN532 = malloc(sizeof(TOLED));
      |                            ^~~~~
../Core/Src/usr/J3_PN532.c:17:28: note: each undeclared identifier is reported only once for each function it appears in
../Core/Src/usr/J3_PN532.c: At top level:
../Core/Src/usr/J3_PN532.c:29:1: error: expected identifier or '(' before '}' token
   29 | }
      | ^
make: *** [Core/Src/usr/subdir.mk:22: Core/Src/usr/J3_PN532.o] Error 1
"make -j8 all" terminated with exit code 2. Build might be incomplete.
01:38:46 **** Incremental Build of configuration Debug for project PN532 ****
make -j8 all 
arm-none-eabi-gcc "../Core/Src/usr/J3_PN532.c" -mcpu=cortex-m4 -std=gnu11 -g3 -DDEBUG -DUSE_HAL_DRIVER -DSTM32F411xE -c -I../Core/Inc -I../Drivers/STM32F4xx_HAL_Driver/Inc -I../Drivers/STM32F4xx_HAL_Driver/Inc/Legacy -I../Drivers/CMSIS/Device/ST/STM32F4xx/Include -I../Drivers/CMSIS/Include -O0 -ffunction-sections -fdata-sections -Wall -fstack-usage -fcyclomatic-complexity -MMD -MP -MF"Core/Src/usr/J3_PN532.d" -MT"Core/Src/usr/J3_PN532.o" --specs=nano.specs -mfpu=fpv4-sp-d16 -mfloat-abi=hard -mthumb -o "Core/Src/usr/J3_PN532.o"
../Core/Src/usr/J3_PN532.c: In function 'J3_PN532_new':
../Core/Src/usr/J3_PN532.c:18:28: error: 'TOLED' undeclared (first use in this function)
   18 |   auxPN532 = malloc(sizeof(TOLED));
      |                            ^~~~~
../Core/Src/usr/J3_PN532.c:18:28: note: each undeclared identifier is reported only once for each function it appears in
../Core/Src/usr/J3_PN532.c: At top level:
../Core/Src/usr/J3_PN532.c:30:1: error: expected identifier or '(' before '}' token
   30 | }
      | ^
make: *** [Core/Src/usr/subdir.mk:22: Core/Src/usr/J3_PN532.o] Error 1
"make -j8 all" terminated with exit code 2. Build might be incomplete.
01:39:02 **** Incremental Build of configuration Debug for project PN532 ****
make -j8 all 
arm-none-eabi-gcc "../Core/Src/usr/J3_PN532.c" -mcpu=cortex-m4 -std=gnu11 -g3 -DDEBUG -DUSE_HAL_DRIVER -DSTM32F411xE -c -I../Core/Inc -I../Drivers/STM32F4xx_HAL_Driver/Inc -I../Drivers/STM32F4xx_HAL_Driver/Inc/Legacy -I../Drivers/CMSIS/Device/ST/STM32F4xx/Include -I../Drivers/CMSIS/Include -O0 -ffunction-sections -fdata-sections -Wall -fstack-usage -fcyclomatic-complexity -MMD -MP -MF"Core/Src/usr/J3_PN532.d" -MT"Core/Src/usr/J3_PN532.o" --specs=nano.specs -mfpu=fpv4-sp-d16 -mfloat-abi=hard -mthumb -o "Core/Src/usr/J3_PN532.o"
../Core/Src/usr/J3_PN532.c:30:1: error: expected identifier or '(' before '}' token
   30 | }
      | ^
make: *** [Core/Src/usr/subdir.mk:22: Core/Src/usr/J3_PN532.o] Error 1
"make -j8 all" terminated with exit code 2. Build might be incomplete.
01:39:21 **** Incremental Build of configuration Debug for project PN532 ****
make -j8 all 
arm-none-eabi-gcc "../Core/Src/usr/J3_PN532.c" -mcpu=cortex-m4 -std=gnu11 -g3 -DDEBUG -DUSE_HAL_DRIVER -DSTM32F411xE -c -I../Core/Inc -I../Drivers/STM32F4xx_HAL_Driver/Inc -I../Drivers/STM32F4xx_HAL_Driver/Inc/Legacy -I../Drivers/CMSIS/Device/ST/STM32F4xx/Include -I../Drivers/CMSIS/Include -O0 -ffunction-sections -fdata-sections -Wall -fstack-usage -fcyclomatic-complexity -MMD -MP -MF"Core/Src/usr/J3_PN532.d" -MT"Core/Src/usr/J3_PN532.o" --specs=nano.specs -mfpu=fpv4-sp-d16 -mfloat-abi=hard -mthumb -o "Core/Src/usr/J3_PN532.o"
arm-none-eabi-gcc -o "PN532.elf" @"objects.list"   -mcpu=cortex-m4 -T"C:\NelsonLima\Projetos\Github\lib_PN532\CubeIDE\PN532\STM32F411CEUX_FLASH.ld" --specs=nosys.specs -Wl,-Map="PN532.map" -Wl,--gc-sections -static --specs=nano.specs -mfpu=fpv4-sp-d16 -mfloat-abi=hard -mthumb -Wl,--start-group -lc -lm -Wl,--end-group
Finished building target: PN532.elf
 
arm-none-eabi-size  PN532.elf 
arm-none-eabi-objdump -h -S PN532.elf  > "PN532.list"
   text	   data	    bss	    dec	    hex	filename
  13684	     20	   1652	  15356	   3bfc	PN532.elf
Finished building: default.size.stdout
 
Finished building: PN532.list
 
02:05:06 **** Incremental Build of configuration Debug for project PN532 ****
make -j8 all 
arm-none-eabi-gcc "../Core/Src/usr/J3_PN532.c" -mcpu=cortex-m4 -std=gnu11 -g3 -DDEBUG -DUSE_HAL_DRIVER -DSTM32F411xE -c -I../Core/Inc -I../Drivers/STM32F4xx_HAL_Driver/Inc -I../Drivers/STM32F4xx_HAL_Driver/Inc/Legacy -I../Drivers/CMSIS/Device/ST/STM32F4xx/Include -I../Drivers/CMSIS/Include -O0 -ffunction-sections -fdata-sections -Wall -fstack-usage -fcyclomatic-complexity -MMD -MP -MF"Core/Src/usr/J3_PN532.d" -MT"Core/Src/usr/J3_PN532.o" --specs=nano.specs -mfpu=fpv4-sp-d16 -mfloat-abi=hard -mthumb -o "Core/Src/usr/J3_PN532.o"
In file included from ../Core/Src/usr/J3_PN532.c:7:
../Core/Inc/usr/J3_PN532.h:18:11: warning: type defaults to 'int' in declaration of 'pF_SendMsg' [-Wimplicit-int]
   18 | typedef (*pF_SendMsg)(TPN532 *_pn532, char *_msg, uint8_t tam);
      |           ^~~~~~~~~~
../Core/Src/usr/J3_PN532.c: In function 'j3_PN532_Send':
../Core/Src/usr/J3_PN532.c:20:35: error: '_oled' undeclared (first use in this function)
   20 |     ret = HAL_I2C_Master_Transmit(_oled->i2c, _oled->address, buf, 2, HAL_MAX_DELAY);
      |                                   ^~~~~
../Core/Src/usr/J3_PN532.c:20:35: note: each undeclared identifier is reported only once for each function it appears in
make: *** [Core/Src/usr/subdir.mk:22: Core/Src/usr/J3_PN532.o] Error 1
"make -j8 all" terminated with exit code 2. Build might be incomplete.
02:11:50 **** Incremental Build of configuration Debug for project PN532 ****
make -j8 all 
arm-none-eabi-gcc "../Core/Src/usr/J3_PN532.c" -mcpu=cortex-m4 -std=gnu11 -g3 -DDEBUG -DUSE_HAL_DRIVER -DSTM32F411xE -c -I../Core/Inc -I../Drivers/STM32F4xx_HAL_Driver/Inc -I../Drivers/STM32F4xx_HAL_Driver/Inc/Legacy -I../Drivers/CMSIS/Device/ST/STM32F4xx/Include -I../Drivers/CMSIS/Include -O0 -ffunction-sections -fdata-sections -Wall -fstack-usage -fcyclomatic-complexity -MMD -MP -MF"Core/Src/usr/J3_PN532.d" -MT"Core/Src/usr/J3_PN532.o" --specs=nano.specs -mfpu=fpv4-sp-d16 -mfloat-abi=hard -mthumb -o "Core/Src/usr/J3_PN532.o"
In file included from ../Core/Src/usr/J3_PN532.c:7:
../Core/Inc/usr/J3_PN532.h:11:23: error: unknown type name 'TPN532'
   11 | typedef (*pF_SendMsg)(TPN532 *_pn532, char *_msg, uint8_t tam);
      |                       ^~~~~~
../Core/Src/usr/J3_PN532.c: In function 'j3_PN532_Send':
../Core/Src/usr/J3_PN532.c:20:35: error: '_oled' undeclared (first use in this function)
   20 |     ret = HAL_I2C_Master_Transmit(_oled->i2c, _oled->address, buf, 2, HAL_MAX_DELAY);
      |                                   ^~~~~
../Core/Src/usr/J3_PN532.c:20:35: note: each undeclared identifier is reported only once for each function it appears in
make: *** [Core/Src/usr/subdir.mk:22: Core/Src/usr/J3_PN532.o] Error 1
"make -j8 all" terminated with exit code 2. Build might be incomplete.
02:12:05 **** Incremental Build of configuration Debug for project PN532 ****
make -j8 all 
arm-none-eabi-gcc "../Core/Src/usr/J3_PN532.c" -mcpu=cortex-m4 -std=gnu11 -g3 -DDEBUG -DUSE_HAL_DRIVER -DSTM32F411xE -c -I../Core/Inc -I../Drivers/STM32F4xx_HAL_Driver/Inc -I../Drivers/STM32F4xx_HAL_Driver/Inc/Legacy -I../Drivers/CMSIS/Device/ST/STM32F4xx/Include -I../Drivers/CMSIS/Include -O0 -ffunction-sections -fdata-sections -Wall -fstack-usage -fcyclomatic-complexity -MMD -MP -MF"Core/Src/usr/J3_PN532.d" -MT"Core/Src/usr/J3_PN532.o" --specs=nano.specs -mfpu=fpv4-sp-d16 -mfloat-abi=hard -mthumb -o "Core/Src/usr/J3_PN532.o"
In file included from ../Core/Src/usr/J3_PN532.c:7:
../Core/Inc/usr/J3_PN532.h:11:23: error: unknown type name 'TPN532'
   11 | typedef (*pF_SendMsg)(TPN532 *_pn532, char *_msg, uint8_t tam);
      |                       ^~~~~~
../Core/Src/usr/J3_PN532.c: In function 'j3_PN532_Send':
../Core/Src/usr/J3_PN532.c:16:13: warning: variable 'buf' set but not used [-Wunused-but-set-variable]
   16 |     uint8_t buf[2];
      |             ^~~
make: *** [Core/Src/usr/subdir.mk:22: Core/Src/usr/J3_PN532.o] Error 1
"make -j8 all" terminated with exit code 2. Build might be incomplete.
02:13:41 **** Incremental Build of configuration Debug for project PN532 ****
make -j8 all 
arm-none-eabi-gcc "../Core/Src/usr/J3_PN532.c" -mcpu=cortex-m4 -std=gnu11 -g3 -DDEBUG -DUSE_HAL_DRIVER -DSTM32F411xE -c -I../Core/Inc -I../Drivers/STM32F4xx_HAL_Driver/Inc -I../Drivers/STM32F4xx_HAL_Driver/Inc/Legacy -I../Drivers/CMSIS/Device/ST/STM32F4xx/Include -I../Drivers/CMSIS/Include -O0 -ffunction-sections -fdata-sections -Wall -fstack-usage -fcyclomatic-complexity -MMD -MP -MF"Core/Src/usr/J3_PN532.d" -MT"Core/Src/usr/J3_PN532.o" --specs=nano.specs -mfpu=fpv4-sp-d16 -mfloat-abi=hard -mthumb -o "Core/Src/usr/J3_PN532.o"
../Core/Src/usr/J3_PN532.c: In function 'j3_PN532_Send':
../Core/Src/usr/J3_PN532.c:16:13: warning: variable 'buf' set but not used [-Wunused-but-set-variable]
   16 |     uint8_t buf[2];
      |             ^~~
arm-none-eabi-gcc -o "PN532.elf" @"objects.list"   -mcpu=cortex-m4 -T"C:\NelsonLima\Projetos\Github\lib_PN532\CubeIDE\PN532\STM32F411CEUX_FLASH.ld" --specs=nosys.specs -Wl,-Map="PN532.map" -Wl,--gc-sections -static --specs=nano.specs -mfpu=fpv4-sp-d16 -mfloat-abi=hard -mthumb -Wl,--start-group -lc -lm -Wl,--end-group
Finished building target: PN532.elf
 
arm-none-eabi-size  PN532.elf 
arm-none-eabi-objdump -h -S PN532.elf  > "PN532.list"
   text	   data	    bss	    dec	    hex	filename
  13684	     20	   1652	  15356	   3bfc	PN532.elf
Finished building: default.size.stdout
 
Finished building: PN532.list
 
02:22:24 **** Incremental Build of configuration Debug for project PN532 ****
make -j8 all 
arm-none-eabi-gcc "../Core/Src/usr/J3_PN532.c" -mcpu=cortex-m4 -std=gnu11 -g3 -DDEBUG -DUSE_HAL_DRIVER -DSTM32F411xE -c -I../Core/Inc -I../Drivers/STM32F4xx_HAL_Driver/Inc -I../Drivers/STM32F4xx_HAL_Driver/Inc/Legacy -I../Drivers/CMSIS/Device/ST/STM32F4xx/Include -I../Drivers/CMSIS/Include -O0 -ffunction-sections -fdata-sections -Wall -fstack-usage -fcyclomatic-complexity -MMD -MP -MF"Core/Src/usr/J3_PN532.d" -MT"Core/Src/usr/J3_PN532.o" --specs=nano.specs -mfpu=fpv4-sp-d16 -mfloat-abi=hard -mthumb -o "Core/Src/usr/J3_PN532.o"
../Core/Src/usr/J3_PN532.c: In function 'j3_PN532_Send':
../Core/Src/usr/J3_PN532.c:18:13: warning: variable 'buf' set but not used [-Wunused-but-set-variable]
   18 |     uint8_t buf[2];
      |             ^~~
../Core/Src/usr/J3_PN532.c: In function 'j3_PN532_GravaTag':
../Core/Src/usr/J3_PN532.c:50:1: warning: control reaches end of non-void function [-Wreturn-type]
   50 | }
      | ^
arm-none-eabi-gcc -o "PN532.elf" @"objects.list"   -mcpu=cortex-m4 -T"C:\NelsonLima\Projetos\Github\lib_PN532\CubeIDE\PN532\STM32F411CEUX_FLASH.ld" --specs=nosys.specs -Wl,-Map="PN532.map" -Wl,--gc-sections -static --specs=nano.specs -mfpu=fpv4-sp-d16 -mfloat-abi=hard -mthumb -Wl,--start-group -lc -lm -Wl,--end-group
Finished building target: PN532.elf
 
arm-none-eabi-size  PN532.elf 
arm-none-eabi-objdump -h -S PN532.elf  > "PN532.list"
   text	   data	    bss	    dec	    hex	filename
  13684	     20	   1652	  15356	   3bfc	PN532.elf
Finished building: default.size.stdout
 
Finished building: PN532.list
 
02:48:01 **** Incremental Build of configuration Debug for project PN532 ****
make -j8 all 
arm-none-eabi-gcc "../Core/Src/usr/J3_PN532.c" -mcpu=cortex-m4 -std=gnu11 -g3 -DDEBUG -DUSE_HAL_DRIVER -DSTM32F411xE -c -I../Core/Inc -I../Drivers/STM32F4xx_HAL_Driver/Inc -I../Drivers/STM32F4xx_HAL_Driver/Inc/Legacy -I../Drivers/CMSIS/Device/ST/STM32F4xx/Include -I../Drivers/CMSIS/Include -O0 -ffunction-sections -fdata-sections -Wall -fstack-usage -fcyclomatic-complexity -MMD -MP -MF"Core/Src/usr/J3_PN532.d" -MT"Core/Src/usr/J3_PN532.o" --specs=nano.specs -mfpu=fpv4-sp-d16 -mfloat-abi=hard -mthumb -o "Core/Src/usr/J3_PN532.o"
In file included from ../Core/Src/usr/J3_PN532.c:7:
../Core/Inc/usr/J3_PN532.h:17:36: error: expected ':', ',', ';', '}' or '__attribute__' before '=' token
   17 |     TfuncSend_I2C *ptrFuncSend_I2C = NULL;
      |                                    ^
../Core/Src/usr/J3_PN532.c: In function 'j3_PN532_Send':
../Core/Src/usr/J3_PN532.c:15:4: error: '_pn53' undeclared (first use in this function); did you mean '_pn532'?
   15 |   (_pn53->ptrFuncSend_I2C)(_pn532->buffer, 10);
      |    ^~~~~
      |    _pn532
../Core/Src/usr/J3_PN532.c:15:4: note: each undeclared identifier is reported only once for each function it appears in
../Core/Src/usr/J3_PN532.c: In function 'j3_PN532_GravaTag':
../Core/Src/usr/J3_PN532.c:38:1: warning: control reaches end of non-void function [-Wreturn-type]
   38 | }
      | ^
make: *** [Core/Src/usr/subdir.mk:22: Core/Src/usr/J3_PN532.o] Error 1
"make -j8 all" terminated with exit code 2. Build might be incomplete.
02:48:21 **** Incremental Build of configuration Debug for project PN532 ****
make -j8 all 
arm-none-eabi-gcc "../Core/Src/usr/J3_PN532.c" -mcpu=cortex-m4 -std=gnu11 -g3 -DDEBUG -DUSE_HAL_DRIVER -DSTM32F411xE -c -I../Core/Inc -I../Drivers/STM32F4xx_HAL_Driver/Inc -I../Drivers/STM32F4xx_HAL_Driver/Inc/Legacy -I../Drivers/CMSIS/Device/ST/STM32F4xx/Include -I../Drivers/CMSIS/Include -O0 -ffunction-sections -fdata-sections -Wall -fstack-usage -fcyclomatic-complexity -MMD -MP -MF"Core/Src/usr/J3_PN532.d" -MT"Core/Src/usr/J3_PN532.o" --specs=nano.specs -mfpu=fpv4-sp-d16 -mfloat-abi=hard -mthumb -o "Core/Src/usr/J3_PN532.o"
../Core/Src/usr/J3_PN532.c: In function 'j3_PN532_Send':
../Core/Src/usr/J3_PN532.c:15:4: error: '_pn53' undeclared (first use in this function); did you mean '_pn532'?
   15 |   (_pn53->ptrFuncSend_I2C)(_pn532->buffer, 10);
      |    ^~~~~
      |    _pn532
../Core/Src/usr/J3_PN532.c:15:4: note: each undeclared identifier is reported only once for each function it appears in
../Core/Src/usr/J3_PN532.c: In function 'j3_PN532_GravaTag':
../Core/Src/usr/J3_PN532.c:38:1: warning: control reaches end of non-void function [-Wreturn-type]
   38 | }
      | ^
make: *** [Core/Src/usr/subdir.mk:22: Core/Src/usr/J3_PN532.o] Error 1
"make -j8 all" terminated with exit code 2. Build might be incomplete.
02:49:16 **** Incremental Build of configuration Debug for project PN532 ****
make -j8 all 
arm-none-eabi-gcc "../Core/Src/usr/J3_PN532.c" -mcpu=cortex-m4 -std=gnu11 -g3 -DDEBUG -DUSE_HAL_DRIVER -DSTM32F411xE -c -I../Core/Inc -I../Drivers/STM32F4xx_HAL_Driver/Inc -I../Drivers/STM32F4xx_HAL_Driver/Inc/Legacy -I../Drivers/CMSIS/Device/ST/STM32F4xx/Include -I../Drivers/CMSIS/Include -O0 -ffunction-sections -fdata-sections -Wall -fstack-usage -fcyclomatic-complexity -MMD -MP -MF"Core/Src/usr/J3_PN532.d" -MT"Core/Src/usr/J3_PN532.o" --specs=nano.specs -mfpu=fpv4-sp-d16 -mfloat-abi=hard -mthumb -o "Core/Src/usr/J3_PN532.o"
../Core/Src/usr/J3_PN532.c: In function 'j3_PN532_Send':
../Core/Src/usr/J3_PN532.c:15:36: warning: passing argument 1 of '_pn532->ptrFuncSend_I2C' makes integer from pointer without a cast [-Wint-conversion]
   15 |   (*_pn532->ptrFuncSend_I2C)(_pn532->buffer, 10);
      |                              ~~~~~~^~~~~~~~
      |                                    |
      |                                    uint8_t * {aka unsigned char *}
../Core/Src/usr/J3_PN532.c:15:36: note: expected 'uint8_t' {aka 'unsigned char'} but argument is of type 'uint8_t *' {aka 'unsigned char *'}
../Core/Src/usr/J3_PN532.c:15:46: warning: passing argument 2 of '_pn532->ptrFuncSend_I2C' makes pointer from integer without a cast [-Wint-conversion]
   15 |   (*_pn532->ptrFuncSend_I2C)(_pn532->buffer, 10);
      |                                              ^~
      |                                              |
      |                                              int
../Core/Src/usr/J3_PN532.c:15:46: note: expected 'uint8_t *' {aka 'unsigned char *'} but argument is of type 'int'
../Core/Src/usr/J3_PN532.c:15:4: error: too few arguments to function '_pn532->ptrFuncSend_I2C'
   15 |   (*_pn532->ptrFuncSend_I2C)(_pn532->buffer, 10);
      |   ~^~~~~~~~~~~~~~~~~~~~~~~~~
../Core/Src/usr/J3_PN532.c: In function 'j3_PN532_GravaTag':
../Core/Src/usr/J3_PN532.c:38:1: warning: control reaches end of non-void function [-Wreturn-type]
   38 | }
      | ^
make: *** [Core/Src/usr/subdir.mk:22: Core/Src/usr/J3_PN532.o] Error 1
"make -j8 all" terminated with exit code 2. Build might be incomplete.
02:50:36 **** Incremental Build of configuration Debug for project PN532 ****
make -j8 all 
arm-none-eabi-gcc "../Core/Src/usr/J3_PN532.c" -mcpu=cortex-m4 -std=gnu11 -g3 -DDEBUG -DUSE_HAL_DRIVER -DSTM32F411xE -c -I../Core/Inc -I../Drivers/STM32F4xx_HAL_Driver/Inc -I../Drivers/STM32F4xx_HAL_Driver/Inc/Legacy -I../Drivers/CMSIS/Device/ST/STM32F4xx/Include -I../Drivers/CMSIS/Include -O0 -ffunction-sections -fdata-sections -Wall -fstack-usage -fcyclomatic-complexity -MMD -MP -MF"Core/Src/usr/J3_PN532.d" -MT"Core/Src/usr/J3_PN532.o" --specs=nano.specs -mfpu=fpv4-sp-d16 -mfloat-abi=hard -mthumb -o "Core/Src/usr/J3_PN532.o"
../Core/Src/usr/J3_PN532.c: In function 'j3_PN532_GravaTag':
../Core/Src/usr/J3_PN532.c:38:1: warning: control reaches end of non-void function [-Wreturn-type]
   38 | }
      | ^
arm-none-eabi-gcc -o "PN532.elf" @"objects.list"   -mcpu=cortex-m4 -T"C:\NelsonLima\Projetos\Github\lib_PN532\CubeIDE\PN532\STM32F411CEUX_FLASH.ld" --specs=nosys.specs -Wl,-Map="PN532.map" -Wl,--gc-sections -static --specs=nano.specs -mfpu=fpv4-sp-d16 -mfloat-abi=hard -mthumb -Wl,--start-group -lc -lm -Wl,--end-group
Finished building target: PN532.elf
 
arm-none-eabi-size  PN532.elf 
arm-none-eabi-objdump -h -S PN532.elf  > "PN532.list"
   text	   data	    bss	    dec	    hex	filename
  13684	     20	   1652	  15356	   3bfc	PN532.elf
Finished building: default.size.stdout
 
Finished building: PN532.list
 
02:51:23 **** Incremental Build of configuration Debug for project PN532 ****
make -j8 all 
arm-none-eabi-gcc "../Core/Src/usr/J3_PN532.c" -mcpu=cortex-m4 -std=gnu11 -g3 -DDEBUG -DUSE_HAL_DRIVER -DSTM32F411xE -c -I../Core/Inc -I../Drivers/STM32F4xx_HAL_Driver/Inc -I../Drivers/STM32F4xx_HAL_Driver/Inc/Legacy -I../Drivers/CMSIS/Device/ST/STM32F4xx/Include -I../Drivers/CMSIS/Include -O0 -ffunction-sections -fdata-sections -Wall -fstack-usage -fcyclomatic-complexity -MMD -MP -MF"Core/Src/usr/J3_PN532.d" -MT"Core/Src/usr/J3_PN532.o" --specs=nano.specs -mfpu=fpv4-sp-d16 -mfloat-abi=hard -mthumb -o "Core/Src/usr/J3_PN532.o"
../Core/Src/usr/J3_PN532.c: In function 'j3_PN532_GravaTag':
../Core/Src/usr/J3_PN532.c:38:1: warning: control reaches end of non-void function [-Wreturn-type]
   38 | }
      | ^
arm-none-eabi-gcc -o "PN532.elf" @"objects.list"   -mcpu=cortex-m4 -T"C:\NelsonLima\Projetos\Github\lib_PN532\CubeIDE\PN532\STM32F411CEUX_FLASH.ld" --specs=nosys.specs -Wl,-Map="PN532.map" -Wl,--gc-sections -static --specs=nano.specs -mfpu=fpv4-sp-d16 -mfloat-abi=hard -mthumb -Wl,--start-group -lc -lm -Wl,--end-group
Finished building target: PN532.elf
 
arm-none-eabi-size  PN532.elf 
arm-none-eabi-objdump -h -S PN532.elf  > "PN532.list"
   text	   data	    bss	    dec	    hex	filename
  13684	     20	   1652	  15356	   3bfc	PN532.elf
Finished building: default.size.stdout
 
Finished building: PN532.list
 
02:51:27 **** Incremental Build of configuration Debug for project PN532 ****
make -j8 all 
arm-none-eabi-size  PN532.elf 
   text	   data	    bss	    dec	    hex	filename
  13684	     20	   1652	  15356	   3bfc	PN532.elf
Finished building: default.size.stdout
 
02:53:00 **** Incremental Build of configuration Debug for project PN532 ****
make -j8 all 
arm-none-eabi-gcc "../Core/Src/usr/J3_PN532.c" -mcpu=cortex-m4 -std=gnu11 -g3 -DDEBUG -DUSE_HAL_DRIVER -DSTM32F411xE -c -I../Core/Inc -I../Drivers/STM32F4xx_HAL_Driver/Inc -I../Drivers/STM32F4xx_HAL_Driver/Inc/Legacy -I../Drivers/CMSIS/Device/ST/STM32F4xx/Include -I../Drivers/CMSIS/Include -O0 -ffunction-sections -fdata-sections -Wall -fstack-usage -fcyclomatic-complexity -MMD -MP -MF"Core/Src/usr/J3_PN532.d" -MT"Core/Src/usr/J3_PN532.o" --specs=nano.specs -mfpu=fpv4-sp-d16 -mfloat-abi=hard -mthumb -o "Core/Src/usr/J3_PN532.o"
In file included from ../Core/Src/usr/J3_PN532.c:7:
../Core/Inc/usr/J3_PN532.h:11:27: error: unknown type name 'uint8_t'
   11 | typedef int TfuncSend_I2C(uint8_t _endereco, uint8_t *_msg, uint8_t tam);
      |                           ^~~~~~~
../Core/Inc/usr/J3_PN532.h:1:1: note: 'uint8_t' is defined in header '<stdint.h>'; did you forget to '#include <stdint.h>'?
  +++ |+#include <stdint.h>
    1 | /* */
../Core/Inc/usr/J3_PN532.h:11:46: error: unknown type name 'uint8_t'
   11 | typedef int TfuncSend_I2C(uint8_t _endereco, uint8_t *_msg, uint8_t tam);
      |                                              ^~~~~~~
../Core/Inc/usr/J3_PN532.h:11:46: note: 'uint8_t' is defined in header '<stdint.h>'; did you forget to '#include <stdint.h>'?
../Core/Inc/usr/J3_PN532.h:11:61: error: unknown type name 'uint8_t'
   11 | typedef int TfuncSend_I2C(uint8_t _endereco, uint8_t *_msg, uint8_t tam);
      |                                                             ^~~~~~~
../Core/Inc/usr/J3_PN532.h:11:61: note: 'uint8_t' is defined in header '<stdint.h>'; did you forget to '#include <stdint.h>'?
../Core/Inc/usr/J3_PN532.h:15:5: error: unknown type name 'uint8_t'
   15 |     uint8_t address;
      |     ^~~~~~~
../Core/Inc/usr/J3_PN532.h:16:5: error: unknown type name 'uint8_t'
   16 |     uint8_t *buffer;
      |     ^~~~~~~
../Core/Inc/usr/J3_PN532.h:17:5: error: unknown type name 'TfuncSend_I2C'
   17 |     TfuncSend_I2C *ptrFuncSend_I2C;
      |     ^~~~~~~~~~~~~
../Core/Inc/usr/J3_PN532.h:23:22: error: unknown type name 'uint8_t'
   23 | TPN532* j3_PN532_new(uint8_t _i2c_address);/* Retorna um ponteiro para um PN532 */
      |                      ^~~~~~~
../Core/Inc/usr/J3_PN532.h:23:22: note: 'uint8_t' is defined in header '<stdint.h>'; did you forget to '#include <stdint.h>'?
../Core/Inc/usr/J3_PN532.h:24:1: error: unknown type name 'uint8_t'
   24 | uint8_t j3_PN532_SetSendFunction(TPN532 *_pn532, TfuncSend_I2C *_ptrFuncSend_I2C);
      | ^~~~~~~
../Core/Inc/usr/J3_PN532.h:24:1: note: 'uint8_t' is defined in header '<stdint.h>'; did you forget to '#include <stdint.h>'?
../Core/Inc/usr/J3_PN532.h:24:50: error: unknown type name 'TfuncSend_I2C'
   24 | uint8_t j3_PN532_SetSendFunction(TPN532 *_pn532, TfuncSend_I2C *_ptrFuncSend_I2C);
      |                                                  ^~~~~~~~~~~~~
../Core/Inc/usr/J3_PN532.h:26:1: error: unknown type name 'uint8_t'
   26 | uint8_t j3_PN532_GravaTag(TPN532 *_pn532, uint8_t *_msg, uint8_t tam); /*  */
      | ^~~~~~~
../Core/Inc/usr/J3_PN532.h:26:1: note: 'uint8_t' is defined in header '<stdint.h>'; did you forget to '#include <stdint.h>'?
../Core/Inc/usr/J3_PN532.h:26:43: error: unknown type name 'uint8_t'
   26 | uint8_t j3_PN532_GravaTag(TPN532 *_pn532, uint8_t *_msg, uint8_t tam); /*  */
      |                                           ^~~~~~~
../Core/Inc/usr/J3_PN532.h:26:43: note: 'uint8_t' is defined in header '<stdint.h>'; did you forget to '#include <stdint.h>'?
../Core/Inc/usr/J3_PN532.h:26:58: error: unknown type name 'uint8_t'
   26 | uint8_t j3_PN532_GravaTag(TPN532 *_pn532, uint8_t *_msg, uint8_t tam); /*  */
      |                                                          ^~~~~~~
../Core/Inc/usr/J3_PN532.h:26:58: note: 'uint8_t' is defined in header '<stdint.h>'; did you forget to '#include <stdint.h>'?
../Core/Src/usr/J3_PN532.c:13:36: error: unknown type name 'uint8_t'
   13 | void j3_PN532_Send(TPN532* _pn532, uint8_t _cmd)
      |                                    ^~~~~~~
../Core/Src/usr/J3_PN532.c:11:1: note: 'uint8_t' is defined in header '<stdint.h>'; did you forget to '#include <stdint.h>'?
   10 | #include <stdlib.h>
  +++ |+#include <stdint.h>
   11 | 
../Core/Src/usr/J3_PN532.c:21:22: error: unknown type name 'uint8_t'
   21 | TPN532* j3_PN532_new(uint8_t _i2c_address)
      |                      ^~~~~~~
../Core/Src/usr/J3_PN532.c:21:22: note: 'uint8_t' is defined in header '<stdint.h>'; did you forget to '#include <stdint.h>'?
../Core/Src/usr/J3_PN532.c:36:1: error: unknown type name 'uint8_t'
   36 | uint8_t j3_PN532_GravaTag(TPN532 *_pn532, uint8_t *_msg, uint8_t tam)
      | ^~~~~~~
../Core/Src/usr/J3_PN532.c:36:1: note: 'uint8_t' is defined in header '<stdint.h>'; did you forget to '#include <stdint.h>'?
../Core/Src/usr/J3_PN532.c:36:43: error: unknown type name 'uint8_t'
   36 | uint8_t j3_PN532_GravaTag(TPN532 *_pn532, uint8_t *_msg, uint8_t tam)
      |                                           ^~~~~~~
../Core/Src/usr/J3_PN532.c:36:43: note: 'uint8_t' is defined in header '<stdint.h>'; did you forget to '#include <stdint.h>'?
../Core/Src/usr/J3_PN532.c:36:58: error: unknown type name 'uint8_t'
   36 | uint8_t j3_PN532_GravaTag(TPN532 *_pn532, uint8_t *_msg, uint8_t tam)
      |                                                          ^~~~~~~
../Core/Src/usr/J3_PN532.c:36:58: note: 'uint8_t' is defined in header '<stdint.h>'; did you forget to '#include <stdint.h>'?
make: *** [Core/Src/usr/subdir.mk:22: Core/Src/usr/J3_PN532.o] Error 1
"make -j8 all" terminated with exit code 2. Build might be incomplete.
02:53:51 **** Incremental Build of configuration Debug for project PN532 ****
make -j8 all 
arm-none-eabi-gcc "../Core/Src/usr/J3_PN532.c" -mcpu=cortex-m4 -std=gnu11 -g3 -DDEBUG -DUSE_HAL_DRIVER -DSTM32F411xE -c -I../Core/Inc -I../Drivers/STM32F4xx_HAL_Driver/Inc -I../Drivers/STM32F4xx_HAL_Driver/Inc/Legacy -I../Drivers/CMSIS/Device/ST/STM32F4xx/Include -I../Drivers/CMSIS/Include -O0 -ffunction-sections -fdata-sections -Wall -fstack-usage -fcyclomatic-complexity -MMD -MP -MF"Core/Src/usr/J3_PN532.d" -MT"Core/Src/usr/J3_PN532.o" --specs=nano.specs -mfpu=fpv4-sp-d16 -mfloat-abi=hard -mthumb -o "Core/Src/usr/J3_PN532.o"
In file included from ../Core/Src/usr/J3_PN532.c:7:
../Core/Inc/usr/J3_PN532.h:12:27: error: unknown type name 'uint8_t'
   12 | typedef int TfuncSend_I2C(uint8_t _endereco, uint8_t *_msg, uint8_t tam);
      |                           ^~~~~~~
../Core/Inc/usr/J3_PN532.h:10:1: note: 'uint8_t' is defined in header '<stdint.h>'; did you forget to '#include <stdint.h>'?
    9 | #include <stdio.h>
  +++ |+#include <stdint.h>
   10 | //#include "i2c.h"
../Core/Inc/usr/J3_PN532.h:12:46: error: unknown type name 'uint8_t'
   12 | typedef int TfuncSend_I2C(uint8_t _endereco, uint8_t *_msg, uint8_t tam);
      |                                              ^~~~~~~
../Core/Inc/usr/J3_PN532.h:12:46: note: 'uint8_t' is defined in header '<stdint.h>'; did you forget to '#include <stdint.h>'?
../Core/Inc/usr/J3_PN532.h:12:61: error: unknown type name 'uint8_t'
   12 | typedef int TfuncSend_I2C(uint8_t _endereco, uint8_t *_msg, uint8_t tam);
      |                                                             ^~~~~~~
../Core/Inc/usr/J3_PN532.h:12:61: note: 'uint8_t' is defined in header '<stdint.h>'; did you forget to '#include <stdint.h>'?
../Core/Inc/usr/J3_PN532.h:16:5: error: unknown type name 'uint8_t'
   16 |     uint8_t address;
      |     ^~~~~~~
../Core/Inc/usr/J3_PN532.h:17:5: error: unknown type name 'uint8_t'
   17 |     uint8_t *buffer;
      |     ^~~~~~~
../Core/Inc/usr/J3_PN532.h:18:5: error: unknown type name 'TfuncSend_I2C'
   18 |     TfuncSend_I2C *ptrFuncSend_I2C;
      |     ^~~~~~~~~~~~~
../Core/Inc/usr/J3_PN532.h:24:22: error: unknown type name 'uint8_t'
   24 | TPN532* j3_PN532_new(uint8_t _i2c_address);/* Retorna um ponteiro para um PN532 */
      |                      ^~~~~~~
../Core/Inc/usr/J3_PN532.h:24:22: note: 'uint8_t' is defined in header '<stdint.h>'; did you forget to '#include <stdint.h>'?
../Core/Inc/usr/J3_PN532.h:25:1: error: unknown type name 'uint8_t'
   25 | uint8_t j3_PN532_SetSendFunction(TPN532 *_pn532, TfuncSend_I2C *_ptrFuncSend_I2C);
      | ^~~~~~~
../Core/Inc/usr/J3_PN532.h:25:1: note: 'uint8_t' is defined in header '<stdint.h>'; did you forget to '#include <stdint.h>'?
../Core/Inc/usr/J3_PN532.h:25:50: error: unknown type name 'TfuncSend_I2C'
   25 | uint8_t j3_PN532_SetSendFunction(TPN532 *_pn532, TfuncSend_I2C *_ptrFuncSend_I2C);
      |                                                  ^~~~~~~~~~~~~
../Core/Inc/usr/J3_PN532.h:27:1: error: unknown type name 'uint8_t'
   27 | uint8_t j3_PN532_GravaTag(TPN532 *_pn532, uint8_t *_msg, uint8_t tam); /*  */
      | ^~~~~~~
../Core/Inc/usr/J3_PN532.h:27:1: note: 'uint8_t' is defined in header '<stdint.h>'; did you forget to '#include <stdint.h>'?
../Core/Inc/usr/J3_PN532.h:27:43: error: unknown type name 'uint8_t'
   27 | uint8_t j3_PN532_GravaTag(TPN532 *_pn532, uint8_t *_msg, uint8_t tam); /*  */
      |                                           ^~~~~~~
../Core/Inc/usr/J3_PN532.h:27:43: note: 'uint8_t' is defined in header '<stdint.h>'; did you forget to '#include <stdint.h>'?
../Core/Inc/usr/J3_PN532.h:27:58: error: unknown type name 'uint8_t'
   27 | uint8_t j3_PN532_GravaTag(TPN532 *_pn532, uint8_t *_msg, uint8_t tam); /*  */
      |                                                          ^~~~~~~
../Core/Inc/usr/J3_PN532.h:27:58: note: 'uint8_t' is defined in header '<stdint.h>'; did you forget to '#include <stdint.h>'?
../Core/Src/usr/J3_PN532.c:13:36: error: unknown type name 'uint8_t'
   13 | void j3_PN532_Send(TPN532* _pn532, uint8_t _cmd)
      |                                    ^~~~~~~
../Core/Src/usr/J3_PN532.c:11:1: note: 'uint8_t' is defined in header '<stdint.h>'; did you forget to '#include <stdint.h>'?
   10 | #include <stdlib.h>
  +++ |+#include <stdint.h>
   11 | 
../Core/Src/usr/J3_PN532.c:21:22: error: unknown type name 'uint8_t'
   21 | TPN532* j3_PN532_new(uint8_t _i2c_address)
      |                      ^~~~~~~
../Core/Src/usr/J3_PN532.c:21:22: note: 'uint8_t' is defined in header '<stdint.h>'; did you forget to '#include <stdint.h>'?
../Core/Src/usr/J3_PN532.c:36:1: error: unknown type name 'uint8_t'
   36 | uint8_t j3_PN532_GravaTag(TPN532 *_pn532, uint8_t *_msg, uint8_t tam)
      | ^~~~~~~
../Core/Src/usr/J3_PN532.c:36:1: note: 'uint8_t' is defined in header '<stdint.h>'; did you forget to '#include <stdint.h>'?
../Core/Src/usr/J3_PN532.c:36:43: error: unknown type name 'uint8_t'
   36 | uint8_t j3_PN532_GravaTag(TPN532 *_pn532, uint8_t *_msg, uint8_t tam)
      |                                           ^~~~~~~
../Core/Src/usr/J3_PN532.c:36:43: note: 'uint8_t' is defined in header '<stdint.h>'; did you forget to '#include <stdint.h>'?
../Core/Src/usr/J3_PN532.c:36:58: error: unknown type name 'uint8_t'
   36 | uint8_t j3_PN532_GravaTag(TPN532 *_pn532, uint8_t *_msg, uint8_t tam)
      |                                                          ^~~~~~~
../Core/Src/usr/J3_PN532.c:36:58: note: 'uint8_t' is defined in header '<stdint.h>'; did you forget to '#include <stdint.h>'?
make: *** [Core/Src/usr/subdir.mk:22: Core/Src/usr/J3_PN532.o] Error 1
"make -j8 all" terminated with exit code 2. Build might be incomplete.
02:54:18 **** Incremental Build of configuration Debug for project PN532 ****
make -j8 all 
arm-none-eabi-gcc "../Core/Src/usr/J3_PN532.c" -mcpu=cortex-m4 -std=gnu11 -g3 -DDEBUG -DUSE_HAL_DRIVER -DSTM32F411xE -c -I../Core/Inc -I../Drivers/STM32F4xx_HAL_Driver/Inc -I../Drivers/STM32F4xx_HAL_Driver/Inc/Legacy -I../Drivers/CMSIS/Device/ST/STM32F4xx/Include -I../Drivers/CMSIS/Include -O0 -ffunction-sections -fdata-sections -Wall -fstack-usage -fcyclomatic-complexity -MMD -MP -MF"Core/Src/usr/J3_PN532.d" -MT"Core/Src/usr/J3_PN532.o" --specs=nano.specs -mfpu=fpv4-sp-d16 -mfloat-abi=hard -mthumb -o "Core/Src/usr/J3_PN532.o"
../Core/Src/usr/J3_PN532.c: In function 'j3_PN532_new':
../Core/Src/usr/J3_PN532.c:27:11: error: 'TPN532' has no member named 'i2c'
   27 |   auxPN532->i2c = _i2c;
      |           ^~
../Core/Src/usr/J3_PN532.c:27:19: error: '_i2c' undeclared (first use in this function)
   27 |   auxPN532->i2c = _i2c;
      |                   ^~~~
../Core/Src/usr/J3_PN532.c:27:19: note: each undeclared identifier is reported only once for each function it appears in
../Core/Src/usr/J3_PN532.c: In function 'j3_PN532_GravaTag':
../Core/Src/usr/J3_PN532.c:39:1: warning: control reaches end of non-void function [-Wreturn-type]
   39 | }
      | ^
make: *** [Core/Src/usr/subdir.mk:22: Core/Src/usr/J3_PN532.o] Error 1
"make -j8 all" terminated with exit code 2. Build might be incomplete.
02:54:34 **** Incremental Build of configuration Debug for project PN532 ****
make -j8 all 
arm-none-eabi-gcc "../Core/Src/usr/J3_PN532.c" -mcpu=cortex-m4 -std=gnu11 -g3 -DDEBUG -DUSE_HAL_DRIVER -DSTM32F411xE -c -I../Core/Inc -I../Drivers/STM32F4xx_HAL_Driver/Inc -I../Drivers/STM32F4xx_HAL_Driver/Inc/Legacy -I../Drivers/CMSIS/Device/ST/STM32F4xx/Include -I../Drivers/CMSIS/Include -O0 -ffunction-sections -fdata-sections -Wall -fstack-usage -fcyclomatic-complexity -MMD -MP -MF"Core/Src/usr/J3_PN532.d" -MT"Core/Src/usr/J3_PN532.o" --specs=nano.specs -mfpu=fpv4-sp-d16 -mfloat-abi=hard -mthumb -o "Core/Src/usr/J3_PN532.o"
../Core/Src/usr/J3_PN532.c: In function 'j3_PN532_GravaTag':
../Core/Src/usr/J3_PN532.c:39:1: warning: control reaches end of non-void function [-Wreturn-type]
   39 | }
      | ^
arm-none-eabi-gcc -o "PN532.elf" @"objects.list"   -mcpu=cortex-m4 -T"C:\NelsonLima\Projetos\Github\lib_PN532\CubeIDE\PN532\STM32F411CEUX_FLASH.ld" --specs=nosys.specs -Wl,-Map="PN532.map" -Wl,--gc-sections -static --specs=nano.specs -mfpu=fpv4-sp-d16 -mfloat-abi=hard -mthumb -Wl,--start-group -lc -lm -Wl,--end-group
Finished building target: PN532.elf
 
arm-none-eabi-size  PN532.elf 
arm-none-eabi-objdump -h -S PN532.elf  > "PN532.list"
   text	   data	    bss	    dec	    hex	filename
  13684	     20	   1652	  15356	   3bfc	PN532.elf
Finished building: default.size.stdout
 
Finished building: PN532.list
 
03:01:42 **** Incremental Build of configuration Debug for project PN532 ****
make -j8 all 
arm-none-eabi-gcc "../Core/Src/usr/main_PN532.c" -mcpu=cortex-m4 -std=gnu11 -g3 -DDEBUG -DUSE_HAL_DRIVER -DSTM32F411xE -c -I../Core/Inc -I../Drivers/STM32F4xx_HAL_Driver/Inc -I../Drivers/STM32F4xx_HAL_Driver/Inc/Legacy -I../Drivers/CMSIS/Device/ST/STM32F4xx/Include -I../Drivers/CMSIS/Include -O0 -ffunction-sections -fdata-sections -Wall -fstack-usage -fcyclomatic-complexity -MMD -MP -MF"Core/Src/usr/main_PN532.d" -MT"Core/Src/usr/main_PN532.o" --specs=nano.specs -mfpu=fpv4-sp-d16 -mfloat-abi=hard -mthumb -o "Core/Src/usr/main_PN532.o"
../Core/Src/usr/main_PN532.c: In function 'main_PN532':
../Core/Src/usr/main_PN532.c:16:3: error: unknown type name 'TPN532'
   16 |   TPN532* pn532;
      |   ^~~~~~
../Core/Src/usr/main_PN532.c:19:11: warning: implicit declaration of function 'j3_PN532_new' [-Wimplicit-function-declaration]
   19 |   pn532 = j3_PN532_new(0x48);
      |           ^~~~~~~~~~~~
../Core/Src/usr/main_PN532.c:19:9: warning: assignment to 'int *' from 'int' makes pointer from integer without a cast [-Wint-conversion]
   19 |   pn532 = j3_PN532_new(0x48);
      |         ^
../Core/Src/usr/main_PN532.c:20:3: warning: implicit declaration of function 'j3_PN532_SetSendFunction' [-Wimplicit-function-declaration]
   20 |   j3_PN532_SetSendFunction(pn532, SendI2C);
      |   ^~~~~~~~~~~~~~~~~~~~~~~~
make: *** [Core/Src/usr/subdir.mk:22: Core/Src/usr/main_PN532.o] Error 1
"make -j8 all" terminated with exit code 2. Build might be incomplete.
03:02:18 **** Incremental Build of configuration Debug for project PN532 ****
make -j8 all 
arm-none-eabi-gcc "../Core/Src/usr/main_PN532.c" -mcpu=cortex-m4 -std=gnu11 -g3 -DDEBUG -DUSE_HAL_DRIVER -DSTM32F411xE -c -I../Core/Inc -I../Drivers/STM32F4xx_HAL_Driver/Inc -I../Drivers/STM32F4xx_HAL_Driver/Inc/Legacy -I../Drivers/CMSIS/Device/ST/STM32F4xx/Include -I../Drivers/CMSIS/Include -O0 -ffunction-sections -fdata-sections -Wall -fstack-usage -fcyclomatic-complexity -MMD -MP -MF"Core/Src/usr/main_PN532.d" -MT"Core/Src/usr/main_PN532.o" --specs=nano.specs -mfpu=fpv4-sp-d16 -mfloat-abi=hard -mthumb -o "Core/Src/usr/main_PN532.o"
../Core/Src/usr/main_PN532.c: In function 'main_PN532':
../Core/Src/usr/main_PN532.c:21:35: warning: passing argument 2 of 'j3_PN532_SetSendFunction' from incompatible pointer type [-Wincompatible-pointer-types]
   21 |   j3_PN532_SetSendFunction(pn532, SendI2C);
      |                                   ^~~~~~~
      |                                   |
      |                                   uint8_t (*)(uint8_t,  uint8_t *, uint8_t) {aka unsigned char (*)(unsigned char,  unsigned char *, unsigned char)}
In file included from ../Core/Src/usr/main_PN532.c:2:
../Core/Inc/usr/J3_PN532.h:25:65: note: expected 'int (*)(uint8_t,  uint8_t *, uint8_t)' {aka 'int (*)(unsigned char,  unsigned char *, unsigned char)'} but argument is of type 'uint8_t (*)(uint8_t,  uint8_t *, uint8_t)' {aka 'unsigned char (*)(unsigned char,  unsigned char *, unsigned char)'}
   25 | uint8_t j3_PN532_SetSendFunction(TPN532 *_pn532, TfuncSend_I2C *_ptrFuncSend_I2C);
      |                                                  ~~~~~~~~~~~~~~~^~~~~~~~~~~~~~~~
arm-none-eabi-gcc -o "PN532.elf" @"objects.list"   -mcpu=cortex-m4 -T"C:\NelsonLima\Projetos\Github\lib_PN532\CubeIDE\PN532\STM32F411CEUX_FLASH.ld" --specs=nosys.specs -Wl,-Map="PN532.map" -Wl,--gc-sections -static --specs=nano.specs -mfpu=fpv4-sp-d16 -mfloat-abi=hard -mthumb -Wl,--start-group -lc -lm -Wl,--end-group
C:/ST/STM32CubeIDE_1.14.1/STM32CubeIDE/plugins/com.st.stm32cube.ide.mcu.externaltools.gnu-tools-for-stm32.11.3.rel1.win32_1.1.100.202309141235/tools/bin/../lib/gcc/arm-none-eabi/11.3.1/../../../../arm-none-eabi/bin/ld.exe: ./Core/Src/usr/main_PN532.o: in function `main_PN532':
C:/NelsonLima/Projetos/Github/lib_PN532/CubeIDE/PN532/Debug/../Core/Src/usr/main_PN532.c:21: undefined reference to `j3_PN532_SetSendFunction'
collect2.exe: error: ld returned 1 exit status
make: *** [makefile:65: PN532.elf] Error 1
"make -j8 all" terminated with exit code 2. Build might be incomplete.
03:06:20 **** Incremental Build of configuration Debug for project PN532 ****
make -j8 all 
arm-none-eabi-gcc "../Core/Src/usr/J3_PN532.c" -mcpu=cortex-m4 -std=gnu11 -g3 -DDEBUG -DUSE_HAL_DRIVER -DSTM32F411xE -c -I../Core/Inc -I../Drivers/STM32F4xx_HAL_Driver/Inc -I../Drivers/STM32F4xx_HAL_Driver/Inc/Legacy -I../Drivers/CMSIS/Device/ST/STM32F4xx/Include -I../Drivers/CMSIS/Include -O0 -ffunction-sections -fdata-sections -Wall -fstack-usage -fcyclomatic-complexity -MMD -MP -MF"Core/Src/usr/J3_PN532.d" -MT"Core/Src/usr/J3_PN532.o" --specs=nano.specs -mfpu=fpv4-sp-d16 -mfloat-abi=hard -mthumb -o "Core/Src/usr/J3_PN532.o"
arm-none-eabi-gcc "../Core/Src/usr/main_PN532.c" -mcpu=cortex-m4 -std=gnu11 -g3 -DDEBUG -DUSE_HAL_DRIVER -DSTM32F411xE -c -I../Core/Inc -I../Drivers/STM32F4xx_HAL_Driver/Inc -I../Drivers/STM32F4xx_HAL_Driver/Inc/Legacy -I../Drivers/CMSIS/Device/ST/STM32F4xx/Include -I../Drivers/CMSIS/Include -O0 -ffunction-sections -fdata-sections -Wall -fstack-usage -fcyclomatic-complexity -MMD -MP -MF"Core/Src/usr/main_PN532.d" -MT"Core/Src/usr/main_PN532.o" --specs=nano.specs -mfpu=fpv4-sp-d16 -mfloat-abi=hard -mthumb -o "Core/Src/usr/main_PN532.o"
../Core/Src/usr/J3_PN532.c: In function 'j3_PN532_GravaTag':
../Core/Src/usr/J3_PN532.c:45:1: warning: control reaches end of non-void function [-Wreturn-type]
   45 | }
      | ^
../Core/Src/usr/main_PN532.c: In function 'main_PN532':
../Core/Src/usr/main_PN532.c:21:35: warning: passing argument 2 of 'j3_PN532_SetSendFunction' from incompatible pointer type [-Wincompatible-pointer-types]
   21 |   j3_PN532_SetSendFunction(pn532, SendI2C);
      |                                   ^~~~~~~
      |                                   |
      |                                   uint8_t (*)(uint8_t,  uint8_t *, uint8_t) {aka unsigned char (*)(unsigned char,  unsigned char *, unsigned char)}
In file included from ../Core/Src/usr/main_PN532.c:2:
../Core/Inc/usr/J3_PN532.h:25:65: note: expected 'int (*)(uint8_t,  uint8_t *, uint8_t)' {aka 'int (*)(unsigned char,  unsigned char *, unsigned char)'} but argument is of type 'uint8_t (*)(uint8_t,  uint8_t *, uint8_t)' {aka 'unsigned char (*)(unsigned char,  unsigned char *, unsigned char)'}
   25 | uint8_t j3_PN532_SetSendFunction(TPN532 *_pn532, TfuncSend_I2C *_ptrFuncSend_I2C);
      |                                                  ~~~~~~~~~~~~~~~^~~~~~~~~~~~~~~~
arm-none-eabi-gcc -o "PN532.elf" @"objects.list"   -mcpu=cortex-m4 -T"C:\NelsonLima\Projetos\Github\lib_PN532\CubeIDE\PN532\STM32F411CEUX_FLASH.ld" --specs=nosys.specs -Wl,-Map="PN532.map" -Wl,--gc-sections -static --specs=nano.specs -mfpu=fpv4-sp-d16 -mfloat-abi=hard -mthumb -Wl,--start-group -lc -lm -Wl,--end-group
Finished building target: PN532.elf
 
arm-none-eabi-size  PN532.elf 
arm-none-eabi-objdump -h -S PN532.elf  > "PN532.list"
   text	   data	    bss	    dec	    hex	filename
  14348	    100	   1988	  16436	   4034	PN532.elf
Finished building: default.size.stdout
 
Finished building: PN532.list
 
03:18:36 **** Incremental Build of configuration Debug for project PN532 ****
make -j8 all 
arm-none-eabi-gcc "../Core/Src/usr/main_PN532.c" -mcpu=cortex-m4 -std=gnu11 -g3 -DDEBUG -DUSE_HAL_DRIVER -DSTM32F411xE -c -I../Core/Inc -I../Drivers/STM32F4xx_HAL_Driver/Inc -I../Drivers/STM32F4xx_HAL_Driver/Inc/Legacy -I../Drivers/CMSIS/Device/ST/STM32F4xx/Include -I../Drivers/CMSIS/Include -O0 -ffunction-sections -fdata-sections -Wall -fstack-usage -fcyclomatic-complexity -MMD -MP -MF"Core/Src/usr/main_PN532.d" -MT"Core/Src/usr/main_PN532.o" --specs=nano.specs -mfpu=fpv4-sp-d16 -mfloat-abi=hard -mthumb -o "Core/Src/usr/main_PN532.o"
../Core/Src/usr/main_PN532.c: In function 'SendI2C':
../Core/Src/usr/main_PN532.c:9:30: error: 'hi2c1' undeclared (first use in this function)
    9 |   HAL_I2C_Master_Transmit_IT(hi2c1, 0x48, _msg, tam, 100);
      |                              ^~~~~
../Core/Src/usr/main_PN532.c:9:30: note: each undeclared identifier is reported only once for each function it appears in
../Core/Src/usr/main_PN532.c:9:3: error: too many arguments to function 'HAL_I2C_Master_Transmit_IT'
    9 |   HAL_I2C_Master_Transmit_IT(hi2c1, 0x48, _msg, tam, 100);
      |   ^~~~~~~~~~~~~~~~~~~~~~~~~~
In file included from ../Core/Inc/stm32f4xx_hal_conf.h:363,
                 from ../Drivers/STM32F4xx_HAL_Driver/Inc/stm32f4xx_hal.h:29,
                 from ../Core/Inc/main.h:30,
                 from ../Core/Inc/usr/main_PN532.h:10,
                 from ../Core/Src/usr/main_PN532.c:1:
../Drivers/STM32F4xx_HAL_Driver/Inc/stm32f4xx_hal_i2c.h:575:19: note: declared here
  575 | HAL_StatusTypeDef HAL_I2C_Master_Transmit_IT(I2C_HandleTypeDef *hi2c, uint16_t DevAddress, uint8_t *pData, uint16_t Size);
      |                   ^~~~~~~~~~~~~~~~~~~~~~~~~~
../Core/Src/usr/main_PN532.c: In function 'main_PN532':
../Core/Src/usr/main_PN532.c:22:35: warning: passing argument 2 of 'j3_PN532_SetSendFunction' from incompatible pointer type [-Wincompatible-pointer-types]
   22 |   j3_PN532_SetSendFunction(pn532, SendI2C);
      |                                   ^~~~~~~
      |                                   |
      |                                   uint8_t (*)(uint8_t,  uint8_t *, uint8_t) {aka unsigned char (*)(unsigned char,  unsigned char *, unsigned char)}
In file included from ../Core/Src/usr/main_PN532.c:2:
../Core/Inc/usr/J3_PN532.h:25:65: note: expected 'int (*)(uint8_t,  uint8_t *, uint8_t)' {aka 'int (*)(unsigned char,  unsigned char *, unsigned char)'} but argument is of type 'uint8_t (*)(uint8_t,  uint8_t *, uint8_t)' {aka 'unsigned char (*)(unsigned char,  unsigned char *, unsigned char)'}
   25 | uint8_t j3_PN532_SetSendFunction(TPN532 *_pn532, TfuncSend_I2C *_ptrFuncSend_I2C);
      |                                                  ~~~~~~~~~~~~~~~^~~~~~~~~~~~~~~~
make: *** [Core/Src/usr/subdir.mk:22: Core/Src/usr/main_PN532.o] Error 1
"make -j8 all" terminated with exit code 2. Build might be incomplete.
03:19:14 **** Incremental Build of configuration Debug for project PN532 ****
make -j8 all 
arm-none-eabi-gcc "../Core/Src/usr/main_PN532.c" -mcpu=cortex-m4 -std=gnu11 -g3 -DDEBUG -DUSE_HAL_DRIVER -DSTM32F411xE -c -I../Core/Inc -I../Drivers/STM32F4xx_HAL_Driver/Inc -I../Drivers/STM32F4xx_HAL_Driver/Inc/Legacy -I../Drivers/CMSIS/Device/ST/STM32F4xx/Include -I../Drivers/CMSIS/Include -O0 -ffunction-sections -fdata-sections -Wall -fstack-usage -fcyclomatic-complexity -MMD -MP -MF"Core/Src/usr/main_PN532.d" -MT"Core/Src/usr/main_PN532.o" --specs=nano.specs -mfpu=fpv4-sp-d16 -mfloat-abi=hard -mthumb -o "Core/Src/usr/main_PN532.o"
../Core/Src/usr/main_PN532.c: In function 'SendI2C':
../Core/Src/usr/main_PN532.c:12:30: error: incompatible type for argument 1 of 'HAL_I2C_Master_Transmit_IT'
   12 |   HAL_I2C_Master_Transmit_IT(hi2c1, 0x48, _msg, tam, 100);
      |                              ^~~~~
      |                              |
      |                              I2C_HandleTypeDef
In file included from ../Core/Inc/stm32f4xx_hal_conf.h:363,
                 from ../Drivers/STM32F4xx_HAL_Driver/Inc/stm32f4xx_hal.h:29,
                 from ../Core/Inc/main.h:30,
                 from ../Core/Inc/usr/main_PN532.h:10,
                 from ../Core/Src/usr/main_PN532.c:1:
../Drivers/STM32F4xx_HAL_Driver/Inc/stm32f4xx_hal_i2c.h:575:65: note: expected 'I2C_HandleTypeDef *' but argument is of type 'I2C_HandleTypeDef'
  575 | HAL_StatusTypeDef HAL_I2C_Master_Transmit_IT(I2C_HandleTypeDef *hi2c, uint16_t DevAddress, uint8_t *pData, uint16_t Size);
      |                                              ~~~~~~~~~~~~~~~~~~~^~~~
../Core/Src/usr/main_PN532.c:12:3: error: too many arguments to function 'HAL_I2C_Master_Transmit_IT'
   12 |   HAL_I2C_Master_Transmit_IT(hi2c1, 0x48, _msg, tam, 100);
      |   ^~~~~~~~~~~~~~~~~~~~~~~~~~
In file included from ../Core/Inc/stm32f4xx_hal_conf.h:363,
                 from ../Drivers/STM32F4xx_HAL_Driver/Inc/stm32f4xx_hal.h:29,
                 from ../Core/Inc/main.h:30,
                 from ../Core/Inc/usr/main_PN532.h:10,
                 from ../Core/Src/usr/main_PN532.c:1:
../Drivers/STM32F4xx_HAL_Driver/Inc/stm32f4xx_hal_i2c.h:575:19: note: declared here
  575 | HAL_StatusTypeDef HAL_I2C_Master_Transmit_IT(I2C_HandleTypeDef *hi2c, uint16_t DevAddress, uint8_t *pData, uint16_t Size);
      |                   ^~~~~~~~~~~~~~~~~~~~~~~~~~
../Core/Src/usr/main_PN532.c: In function 'main_PN532':
../Core/Src/usr/main_PN532.c:25:35: warning: passing argument 2 of 'j3_PN532_SetSendFunction' from incompatible pointer type [-Wincompatible-pointer-types]
   25 |   j3_PN532_SetSendFunction(pn532, SendI2C);
      |                                   ^~~~~~~
      |                                   |
      |                                   uint8_t (*)(uint8_t,  uint8_t *, uint8_t) {aka unsigned char (*)(unsigned char,  unsigned char *, unsigned char)}
In file included from ../Core/Src/usr/main_PN532.c:2:
../Core/Inc/usr/J3_PN532.h:25:65: note: expected 'int (*)(uint8_t,  uint8_t *, uint8_t)' {aka 'int (*)(unsigned char,  unsigned char *, unsigned char)'} but argument is of type 'uint8_t (*)(uint8_t,  uint8_t *, uint8_t)' {aka 'unsigned char (*)(unsigned char,  unsigned char *, unsigned char)'}
   25 | uint8_t j3_PN532_SetSendFunction(TPN532 *_pn532, TfuncSend_I2C *_ptrFuncSend_I2C);
      |                                                  ~~~~~~~~~~~~~~~^~~~~~~~~~~~~~~~
make: *** [Core/Src/usr/subdir.mk:22: Core/Src/usr/main_PN532.o] Error 1
"make -j8 all" terminated with exit code 2. Build might be incomplete.
03:23:07 **** Incremental Build of configuration Debug for project PN532 ****
make -j8 all 
arm-none-eabi-gcc "../Core/Src/usr/main_PN532.c" -mcpu=cortex-m4 -std=gnu11 -g3 -DDEBUG -DUSE_HAL_DRIVER -DSTM32F411xE -c -I../Core/Inc -I../Drivers/STM32F4xx_HAL_Driver/Inc -I../Drivers/STM32F4xx_HAL_Driver/Inc/Legacy -I../Drivers/CMSIS/Device/ST/STM32F4xx/Include -I../Drivers/CMSIS/Include -O0 -ffunction-sections -fdata-sections -Wall -fstack-usage -fcyclomatic-complexity -MMD -MP -MF"Core/Src/usr/main_PN532.d" -MT"Core/Src/usr/main_PN532.o" --specs=nano.specs -mfpu=fpv4-sp-d16 -mfloat-abi=hard -mthumb -o "Core/Src/usr/main_PN532.o"
../Core/Src/usr/main_PN532.c: In function 'SendI2C':
../Core/Src/usr/main_PN532.c:12:3: error: too many arguments to function 'HAL_I2C_Master_Transmit_IT'
   12 |   HAL_I2C_Master_Transmit_IT(&hi2c1, 0x48, _msg, tam, 100);
      |   ^~~~~~~~~~~~~~~~~~~~~~~~~~
In file included from ../Core/Inc/stm32f4xx_hal_conf.h:363,
                 from ../Drivers/STM32F4xx_HAL_Driver/Inc/stm32f4xx_hal.h:29,
                 from ../Core/Inc/main.h:30,
                 from ../Core/Inc/usr/main_PN532.h:10,
                 from ../Core/Src/usr/main_PN532.c:1:
../Drivers/STM32F4xx_HAL_Driver/Inc/stm32f4xx_hal_i2c.h:575:19: note: declared here
  575 | HAL_StatusTypeDef HAL_I2C_Master_Transmit_IT(I2C_HandleTypeDef *hi2c, uint16_t DevAddress, uint8_t *pData, uint16_t Size);
      |                   ^~~~~~~~~~~~~~~~~~~~~~~~~~
../Core/Src/usr/main_PN532.c: In function 'main_PN532':
../Core/Src/usr/main_PN532.c:25:35: warning: passing argument 2 of 'j3_PN532_SetSendFunction' from incompatible pointer type [-Wincompatible-pointer-types]
   25 |   j3_PN532_SetSendFunction(pn532, SendI2C);
      |                                   ^~~~~~~
      |                                   |
      |                                   uint8_t (*)(uint8_t,  uint8_t *, uint8_t) {aka unsigned char (*)(unsigned char,  unsigned char *, unsigned char)}
In file included from ../Core/Src/usr/main_PN532.c:2:
../Core/Inc/usr/J3_PN532.h:25:65: note: expected 'int (*)(uint8_t,  uint8_t *, uint8_t)' {aka 'int (*)(unsigned char,  unsigned char *, unsigned char)'} but argument is of type 'uint8_t (*)(uint8_t,  uint8_t *, uint8_t)' {aka 'unsigned char (*)(unsigned char,  unsigned char *, unsigned char)'}
   25 | uint8_t j3_PN532_SetSendFunction(TPN532 *_pn532, TfuncSend_I2C *_ptrFuncSend_I2C);
      |                                                  ~~~~~~~~~~~~~~~^~~~~~~~~~~~~~~~
make: *** [Core/Src/usr/subdir.mk:22: Core/Src/usr/main_PN532.o] Error 1
"make -j8 all" terminated with exit code 2. Build might be incomplete.
03:26:55 **** Incremental Build of configuration Debug for project PN532 ****
make -j8 all 
arm-none-eabi-gcc "../Core/Src/usr/main_PN532.c" -mcpu=cortex-m4 -std=gnu11 -g3 -DDEBUG -DUSE_HAL_DRIVER -DSTM32F411xE -c -I../Core/Inc -I../Drivers/STM32F4xx_HAL_Driver/Inc -I../Drivers/STM32F4xx_HAL_Driver/Inc/Legacy -I../Drivers/CMSIS/Device/ST/STM32F4xx/Include -I../Drivers/CMSIS/Include -O0 -ffunction-sections -fdata-sections -Wall -fstack-usage -fcyclomatic-complexity -MMD -MP -MF"Core/Src/usr/main_PN532.d" -MT"Core/Src/usr/main_PN532.o" --specs=nano.specs -mfpu=fpv4-sp-d16 -mfloat-abi=hard -mthumb -o "Core/Src/usr/main_PN532.o"
../Core/Src/usr/main_PN532.c: In function 'main_PN532':
../Core/Src/usr/main_PN532.c:26:35: warning: passing argument 2 of 'j3_PN532_SetSendFunction' from incompatible pointer type [-Wincompatible-pointer-types]
   26 |   j3_PN532_SetSendFunction(pn532, SendI2C);
      |                                   ^~~~~~~
      |                                   |
      |                                   uint8_t (*)(uint8_t,  uint8_t *, uint8_t) {aka unsigned char (*)(unsigned char,  unsigned char *, unsigned char)}
In file included from ../Core/Src/usr/main_PN532.c:2:
../Core/Inc/usr/J3_PN532.h:25:65: note: expected 'int (*)(uint8_t,  uint8_t *, uint8_t)' {aka 'int (*)(unsigned char,  unsigned char *, unsigned char)'} but argument is of type 'uint8_t (*)(uint8_t,  uint8_t *, uint8_t)' {aka 'unsigned char (*)(unsigned char,  unsigned char *, unsigned char)'}
   25 | uint8_t j3_PN532_SetSendFunction(TPN532 *_pn532, TfuncSend_I2C *_ptrFuncSend_I2C);
      |                                                  ~~~~~~~~~~~~~~~^~~~~~~~~~~~~~~~
arm-none-eabi-gcc -o "PN532.elf" @"objects.list"   -mcpu=cortex-m4 -T"C:\NelsonLima\Projetos\Github\lib_PN532\CubeIDE\PN532\STM32F411CEUX_FLASH.ld" --specs=nosys.specs -Wl,-Map="PN532.map" -Wl,--gc-sections -static --specs=nano.specs -mfpu=fpv4-sp-d16 -mfloat-abi=hard -mthumb -Wl,--start-group -lc -lm -Wl,--end-group
Finished building target: PN532.elf
 
arm-none-eabi-size  PN532.elf 
arm-none-eabi-objdump -h -S PN532.elf  > "PN532.list"
   text	   data	    bss	    dec	    hex	filename
  14688	    100	   1988	  16776	   4188	PN532.elf
Finished building: default.size.stdout
 
Finished building: PN532.list
 
03:27:55 **** Incremental Build of configuration Debug for project PN532 ****
make -j8 all 
arm-none-eabi-gcc "../Core/Src/usr/main_PN532.c" -mcpu=cortex-m4 -std=gnu11 -g3 -DDEBUG -DUSE_HAL_DRIVER -DSTM32F411xE -c -I../Core/Inc -I../Drivers/STM32F4xx_HAL_Driver/Inc -I../Drivers/STM32F4xx_HAL_Driver/Inc/Legacy -I../Drivers/CMSIS/Device/ST/STM32F4xx/Include -I../Drivers/CMSIS/Include -O0 -ffunction-sections -fdata-sections -Wall -fstack-usage -fcyclomatic-complexity -MMD -MP -MF"Core/Src/usr/main_PN532.d" -MT"Core/Src/usr/main_PN532.o" --specs=nano.specs -mfpu=fpv4-sp-d16 -mfloat-abi=hard -mthumb -o "Core/Src/usr/main_PN532.o"
../Core/Src/usr/main_PN532.c: In function 'main_PN532':
../Core/Src/usr/main_PN532.c:26:35: warning: passing argument 2 of 'j3_PN532_SetSendFunction' from incompatible pointer type [-Wincompatible-pointer-types]
   26 |   j3_PN532_SetSendFunction(pn532, SendI2C);
      |                                   ^~~~~~~
      |                                   |
      |                                   uint8_t (*)(uint8_t,  uint8_t *, uint8_t) {aka unsigned char (*)(unsigned char,  unsigned char *, unsigned char)}
In file included from ../Core/Src/usr/main_PN532.c:2:
../Core/Inc/usr/J3_PN532.h:25:65: note: expected 'int (*)(uint8_t,  uint8_t *, uint8_t)' {aka 'int (*)(unsigned char,  unsigned char *, unsigned char)'} but argument is of type 'uint8_t (*)(uint8_t,  uint8_t *, uint8_t)' {aka 'unsigned char (*)(unsigned char,  unsigned char *, unsigned char)'}
   25 | uint8_t j3_PN532_SetSendFunction(TPN532 *_pn532, TfuncSend_I2C *_ptrFuncSend_I2C);
      |                                                  ~~~~~~~~~~~~~~~^~~~~~~~~~~~~~~~
arm-none-eabi-gcc -o "PN532.elf" @"objects.list"   -mcpu=cortex-m4 -T"C:\NelsonLima\Projetos\Github\lib_PN532\CubeIDE\PN532\STM32F411CEUX_FLASH.ld" --specs=nosys.specs -Wl,-Map="PN532.map" -Wl,--gc-sections -static --specs=nano.specs -mfpu=fpv4-sp-d16 -mfloat-abi=hard -mthumb -Wl,--start-group -lc -lm -Wl,--end-group
Finished building target: PN532.elf
 
arm-none-eabi-size  PN532.elf 
arm-none-eabi-objdump -h -S PN532.elf  > "PN532.list"
   text	   data	    bss	    dec	    hex	filename
  14832	    100	   1988	  16920	   4218	PN532.elf
Finished building: default.size.stdout
 
Finished building: PN532.list
 
03:32:59 **** Incremental Build of configuration Debug for project PN532 ****
make -j8 all 
arm-none-eabi-gcc "../Core/Src/usr/J3_PN532.c" -mcpu=cortex-m4 -std=gnu11 -g3 -DDEBUG -DUSE_HAL_DRIVER -DSTM32F411xE -c -I../Core/Inc -I../Drivers/STM32F4xx_HAL_Driver/Inc -I../Drivers/STM32F4xx_HAL_Driver/Inc/Legacy -I../Drivers/CMSIS/Device/ST/STM32F4xx/Include -I../Drivers/CMSIS/Include -O0 -ffunction-sections -fdata-sections -Wall -fstack-usage -fcyclomatic-complexity -MMD -MP -MF"Core/Src/usr/J3_PN532.d" -MT"Core/Src/usr/J3_PN532.o" --specs=nano.specs -mfpu=fpv4-sp-d16 -mfloat-abi=hard -mthumb -o "Core/Src/usr/J3_PN532.o"
arm-none-eabi-gcc "../Core/Src/usr/main_PN532.c" -mcpu=cortex-m4 -std=gnu11 -g3 -DDEBUG -DUSE_HAL_DRIVER -DSTM32F411xE -c -I../Core/Inc -I../Drivers/STM32F4xx_HAL_Driver/Inc -I../Drivers/STM32F4xx_HAL_Driver/Inc/Legacy -I../Drivers/CMSIS/Device/ST/STM32F4xx/Include -I../Drivers/CMSIS/Include -O0 -ffunction-sections -fdata-sections -Wall -fstack-usage -fcyclomatic-complexity -MMD -MP -MF"Core/Src/usr/main_PN532.d" -MT"Core/Src/usr/main_PN532.o" --specs=nano.specs -mfpu=fpv4-sp-d16 -mfloat-abi=hard -mthumb -o "Core/Src/usr/main_PN532.o"
../Core/Src/usr/J3_PN532.c: In function 'j3_PN532_GravaTag':
../Core/Src/usr/J3_PN532.c:44:25: warning: passing argument 2 of 'j3_PN532_Send' makes integer from pointer without a cast [-Wint-conversion]
   44 |   j3_PN532_Send(_pn532, _msg, tam);
      |                         ^~~~
      |                         |
      |                         uint8_t * {aka unsigned char *}
../Core/Src/usr/J3_PN532.c:13:44: note: expected 'uint8_t' {aka 'unsigned char'} but argument is of type 'uint8_t *' {aka 'unsigned char *'}
   13 | void j3_PN532_Send(TPN532* _pn532, uint8_t _cmd)
      |                                    ~~~~~~~~^~~~
../Core/Src/usr/J3_PN532.c:44:3: error: too many arguments to function 'j3_PN532_Send'
   44 |   j3_PN532_Send(_pn532, _msg, tam);
      |   ^~~~~~~~~~~~~
../Core/Src/usr/J3_PN532.c:13:6: note: declared here
   13 | void j3_PN532_Send(TPN532* _pn532, uint8_t _cmd)
      |      ^~~~~~~~~~~~~
../Core/Src/usr/J3_PN532.c:45:1: warning: control reaches end of non-void function [-Wreturn-type]
   45 | }
      | ^
make: *** [Core/Src/usr/subdir.mk:22: Core/Src/usr/J3_PN532.o] Error 1
make: *** Waiting for unfinished jobs....
../Core/Src/usr/main_PN532.c: In function 'main_PN532':
../Core/Src/usr/main_PN532.c:26:35: warning: passing argument 2 of 'j3_PN532_SetSendFunction' from incompatible pointer type [-Wincompatible-pointer-types]
   26 |   j3_PN532_SetSendFunction(pn532, SendI2C);
      |                                   ^~~~~~~
      |                                   |
      |                                   uint8_t (*)(uint8_t,  uint8_t *, uint8_t) {aka unsigned char (*)(unsigned char,  unsigned char *, unsigned char)}
In file included from ../Core/Src/usr/main_PN532.c:2:
../Core/Inc/usr/J3_PN532.h:25:65: note: expected 'int (*)(uint8_t,  uint8_t *, uint8_t)' {aka 'int (*)(unsigned char,  unsigned char *, unsigned char)'} but argument is of type 'uint8_t (*)(uint8_t,  uint8_t *, uint8_t)' {aka 'unsigned char (*)(unsigned char,  unsigned char *, unsigned char)'}
   25 | uint8_t j3_PN532_SetSendFunction(TPN532 *_pn532, TfuncSend_I2C *_ptrFuncSend_I2C);
      |                                                  ~~~~~~~~~~~~~~~^~~~~~~~~~~~~~~~
../Core/Src/usr/main_PN532.c:28:28: warning: pointer targets in passing argument 2 of 'j3_PN532_GravaTag' differ in signedness [-Wpointer-sign]
   28 |   j3_PN532_GravaTag(pn532, "Teste", 5)
      |                            ^~~~~~~
      |                            |
      |                            char *
In file included from ../Core/Src/usr/main_PN532.c:2:
../Core/Inc/usr/J3_PN532.h:27:52: note: expected 'uint8_t *' {aka 'unsigned char *'} but argument is of type 'char *'
   27 | uint8_t j3_PN532_GravaTag(TPN532 *_pn532, uint8_t *_msg, uint8_t tam); /*  */
      |                                           ~~~~~~~~~^~~~
../Core/Src/usr/main_PN532.c:28:39: error: expected ';' before 'while'
   28 |   j3_PN532_GravaTag(pn532, "Teste", 5)
      |                                       ^
      |                                       ;
......
   31 |   while(1)
      |   ~~~~~                                
../Core/Src/usr/main_PN532.c:21:12: warning: unused variable 'tmrLED' [-Wunused-variable]
   21 |   uint32_t tmrLED = HAL_GetTick();
      |            ^~~~~~
../Core/Src/usr/main_PN532.c:44:1: warning: control reaches end of non-void function [-Wreturn-type]
   44 | }
      | ^
make: *** [Core/Src/usr/subdir.mk:22: Core/Src/usr/main_PN532.o] Error 1
"make -j8 all" terminated with exit code 2. Build might be incomplete.
03:34:57 **** Incremental Build of configuration Debug for project PN532 ****
make -j8 all 
arm-none-eabi-gcc "../Core/Src/usr/J3_PN532.c" -mcpu=cortex-m4 -std=gnu11 -g3 -DDEBUG -DUSE_HAL_DRIVER -DSTM32F411xE -c -I../Core/Inc -I../Drivers/STM32F4xx_HAL_Driver/Inc -I../Drivers/STM32F4xx_HAL_Driver/Inc/Legacy -I../Drivers/CMSIS/Device/ST/STM32F4xx/Include -I../Drivers/CMSIS/Include -O0 -ffunction-sections -fdata-sections -Wall -fstack-usage -fcyclomatic-complexity -MMD -MP -MF"Core/Src/usr/J3_PN532.d" -MT"Core/Src/usr/J3_PN532.o" --specs=nano.specs -mfpu=fpv4-sp-d16 -mfloat-abi=hard -mthumb -o "Core/Src/usr/J3_PN532.o"
arm-none-eabi-gcc "../Core/Src/usr/main_PN532.c" -mcpu=cortex-m4 -std=gnu11 -g3 -DDEBUG -DUSE_HAL_DRIVER -DSTM32F411xE -c -I../Core/Inc -I../Drivers/STM32F4xx_HAL_Driver/Inc -I../Drivers/STM32F4xx_HAL_Driver/Inc/Legacy -I../Drivers/CMSIS/Device/ST/STM32F4xx/Include -I../Drivers/CMSIS/Include -O0 -ffunction-sections -fdata-sections -Wall -fstack-usage -fcyclomatic-complexity -MMD -MP -MF"Core/Src/usr/main_PN532.d" -MT"Core/Src/usr/main_PN532.o" --specs=nano.specs -mfpu=fpv4-sp-d16 -mfloat-abi=hard -mthumb -o "Core/Src/usr/main_PN532.o"
../Core/Src/usr/J3_PN532.c: In function 'j3_PN532_GravaTag':
../Core/Src/usr/J3_PN532.c:45:1: warning: control reaches end of non-void function [-Wreturn-type]
   45 | }
      | ^
../Core/Src/usr/main_PN532.c: In function 'main_PN532':
../Core/Src/usr/main_PN532.c:26:35: warning: passing argument 2 of 'j3_PN532_SetSendFunction' from incompatible pointer type [-Wincompatible-pointer-types]
   26 |   j3_PN532_SetSendFunction(pn532, SendI2C);
      |                                   ^~~~~~~
      |                                   |
      |                                   uint8_t (*)(uint8_t,  uint8_t *, uint8_t) {aka unsigned char (*)(unsigned char,  unsigned char *, unsigned char)}
In file included from ../Core/Src/usr/main_PN532.c:2:
../Core/Inc/usr/J3_PN532.h:25:65: note: expected 'int (*)(uint8_t,  uint8_t *, uint8_t)' {aka 'int (*)(unsigned char,  unsigned char *, unsigned char)'} but argument is of type 'uint8_t (*)(uint8_t,  uint8_t *, uint8_t)' {aka 'unsigned char (*)(unsigned char,  unsigned char *, unsigned char)'}
   25 | uint8_t j3_PN532_SetSendFunction(TPN532 *_pn532, TfuncSend_I2C *_ptrFuncSend_I2C);
      |                                                  ~~~~~~~~~~~~~~~^~~~~~~~~~~~~~~~
../Core/Src/usr/main_PN532.c:28:28: warning: pointer targets in passing argument 2 of 'j3_PN532_GravaTag' differ in signedness [-Wpointer-sign]
   28 |   j3_PN532_GravaTag(pn532, "Teste", 5)
      |                            ^~~~~~~
      |                            |
      |                            char *
In file included from ../Core/Src/usr/main_PN532.c:2:
../Core/Inc/usr/J3_PN532.h:27:52: note: expected 'uint8_t *' {aka 'unsigned char *'} but argument is of type 'char *'
   27 | uint8_t j3_PN532_GravaTag(TPN532 *_pn532, uint8_t *_msg, uint8_t tam); /*  */
      |                                           ~~~~~~~~~^~~~
../Core/Src/usr/main_PN532.c:28:39: error: expected ';' before 'while'
   28 |   j3_PN532_GravaTag(pn532, "Teste", 5)
      |                                       ^
      |                                       ;
......
   31 |   while(1)
      |   ~~~~~                                
../Core/Src/usr/main_PN532.c:21:12: warning: unused variable 'tmrLED' [-Wunused-variable]
   21 |   uint32_t tmrLED = HAL_GetTick();
      |            ^~~~~~
../Core/Src/usr/main_PN532.c:44:1: warning: control reaches end of non-void function [-Wreturn-type]
   44 | }
      | ^
make: *** [Core/Src/usr/subdir.mk:22: Core/Src/usr/main_PN532.o] Error 1
make: *** Waiting for unfinished jobs....
"make -j8 all" terminated with exit code 2. Build might be incomplete.
03:35:30 **** Incremental Build of configuration Debug for project PN532 ****
make -j8 all 
arm-none-eabi-gcc "../Core/Src/usr/J3_PN532.c" -mcpu=cortex-m4 -std=gnu11 -g3 -DDEBUG -DUSE_HAL_DRIVER -DSTM32F411xE -c -I../Core/Inc -I../Drivers/STM32F4xx_HAL_Driver/Inc -I../Drivers/STM32F4xx_HAL_Driver/Inc/Legacy -I../Drivers/CMSIS/Device/ST/STM32F4xx/Include -I../Drivers/CMSIS/Include -O0 -ffunction-sections -fdata-sections -Wall -fstack-usage -fcyclomatic-complexity -MMD -MP -MF"Core/Src/usr/J3_PN532.d" -MT"Core/Src/usr/J3_PN532.o" --specs=nano.specs -mfpu=fpv4-sp-d16 -mfloat-abi=hard -mthumb -o "Core/Src/usr/J3_PN532.o"
arm-none-eabi-gcc "../Core/Src/usr/main_PN532.c" -mcpu=cortex-m4 -std=gnu11 -g3 -DDEBUG -DUSE_HAL_DRIVER -DSTM32F411xE -c -I../Core/Inc -I../Drivers/STM32F4xx_HAL_Driver/Inc -I../Drivers/STM32F4xx_HAL_Driver/Inc/Legacy -I../Drivers/CMSIS/Device/ST/STM32F4xx/Include -I../Drivers/CMSIS/Include -O0 -ffunction-sections -fdata-sections -Wall -fstack-usage -fcyclomatic-complexity -MMD -MP -MF"Core/Src/usr/main_PN532.d" -MT"Core/Src/usr/main_PN532.o" --specs=nano.specs -mfpu=fpv4-sp-d16 -mfloat-abi=hard -mthumb -o "Core/Src/usr/main_PN532.o"
../Core/Src/usr/J3_PN532.c: In function 'j3_PN532_GravaTag':
../Core/Src/usr/J3_PN532.c:45:1: warning: control reaches end of non-void function [-Wreturn-type]
   45 | }
      | ^
../Core/Src/usr/main_PN532.c: In function 'main_PN532':
../Core/Src/usr/main_PN532.c:26:35: warning: passing argument 2 of 'j3_PN532_SetSendFunction' from incompatible pointer type [-Wincompatible-pointer-types]
   26 |   j3_PN532_SetSendFunction(pn532, SendI2C);
      |                                   ^~~~~~~
      |                                   |
      |                                   uint8_t (*)(uint8_t,  uint8_t *, uint8_t) {aka unsigned char (*)(unsigned char,  unsigned char *, unsigned char)}
In file included from ../Core/Src/usr/main_PN532.c:2:
../Core/Inc/usr/J3_PN532.h:25:65: note: expected 'int (*)(uint8_t,  uint8_t *, uint8_t)' {aka 'int (*)(unsigned char,  unsigned char *, unsigned char)'} but argument is of type 'uint8_t (*)(uint8_t,  uint8_t *, uint8_t)' {aka 'unsigned char (*)(unsigned char,  unsigned char *, unsigned char)'}
   25 | uint8_t j3_PN532_SetSendFunction(TPN532 *_pn532, TfuncSend_I2C *_ptrFuncSend_I2C);
      |                                                  ~~~~~~~~~~~~~~~^~~~~~~~~~~~~~~~
../Core/Src/usr/main_PN532.c:28:28: warning: pointer targets in passing argument 2 of 'j3_PN532_GravaTag' differ in signedness [-Wpointer-sign]
   28 |   j3_PN532_GravaTag(pn532, "Teste", 5)
      |                            ^~~~~~~
      |                            |
      |                            char *
In file included from ../Core/Src/usr/main_PN532.c:2:
../Core/Inc/usr/J3_PN532.h:27:52: note: expected 'uint8_t *' {aka 'unsigned char *'} but argument is of type 'char *'
   27 | uint8_t j3_PN532_GravaTag(TPN532 *_pn532, uint8_t *_msg, uint8_t _tam); /*  */
      |                                           ~~~~~~~~~^~~~
../Core/Src/usr/main_PN532.c:28:39: error: expected ';' before 'while'
   28 |   j3_PN532_GravaTag(pn532, "Teste", 5)
      |                                       ^
      |                                       ;
......
   31 |   while(1)
      |   ~~~~~                                
../Core/Src/usr/main_PN532.c:21:12: warning: unused variable 'tmrLED' [-Wunused-variable]
   21 |   uint32_t tmrLED = HAL_GetTick();
      |            ^~~~~~
../Core/Src/usr/main_PN532.c:44:1: warning: control reaches end of non-void function [-Wreturn-type]
   44 | }
      | ^
make: *** [Core/Src/usr/subdir.mk:22: Core/Src/usr/main_PN532.o] Error 1
make: *** Waiting for unfinished jobs....
"make -j8 all" terminated with exit code 2. Build might be incomplete.
03:36:09 **** Incremental Build of configuration Debug for project PN532 ****
make -j8 all 
arm-none-eabi-gcc "../Core/Src/usr/J3_PN532.c" -mcpu=cortex-m4 -std=gnu11 -g3 -DDEBUG -DUSE_HAL_DRIVER -DSTM32F411xE -c -I../Core/Inc -I../Drivers/STM32F4xx_HAL_Driver/Inc -I../Drivers/STM32F4xx_HAL_Driver/Inc/Legacy -I../Drivers/CMSIS/Device/ST/STM32F4xx/Include -I../Drivers/CMSIS/Include -O0 -ffunction-sections -fdata-sections -Wall -fstack-usage -fcyclomatic-complexity -MMD -MP -MF"Core/Src/usr/J3_PN532.d" -MT"Core/Src/usr/J3_PN532.o" --specs=nano.specs -mfpu=fpv4-sp-d16 -mfloat-abi=hard -mthumb -o "Core/Src/usr/J3_PN532.o"
arm-none-eabi-gcc "../Core/Src/usr/main_PN532.c" -mcpu=cortex-m4 -std=gnu11 -g3 -DDEBUG -DUSE_HAL_DRIVER -DSTM32F411xE -c -I../Core/Inc -I../Drivers/STM32F4xx_HAL_Driver/Inc -I../Drivers/STM32F4xx_HAL_Driver/Inc/Legacy -I../Drivers/CMSIS/Device/ST/STM32F4xx/Include -I../Drivers/CMSIS/Include -O0 -ffunction-sections -fdata-sections -Wall -fstack-usage -fcyclomatic-complexity -MMD -MP -MF"Core/Src/usr/main_PN532.d" -MT"Core/Src/usr/main_PN532.o" --specs=nano.specs -mfpu=fpv4-sp-d16 -mfloat-abi=hard -mthumb -o "Core/Src/usr/main_PN532.o"
../Core/Src/usr/J3_PN532.c: In function 'j3_PN532_GravaTag':
../Core/Src/usr/J3_PN532.c:45:1: warning: control reaches end of non-void function [-Wreturn-type]
   45 | }
      | ^
../Core/Src/usr/main_PN532.c: In function 'main_PN532':
../Core/Src/usr/main_PN532.c:26:35: warning: passing argument 2 of 'j3_PN532_SetSendFunction' from incompatible pointer type [-Wincompatible-pointer-types]
   26 |   j3_PN532_SetSendFunction(pn532, SendI2C);
      |                                   ^~~~~~~
      |                                   |
      |                                   uint8_t (*)(uint8_t,  uint8_t *, uint8_t) {aka unsigned char (*)(unsigned char,  unsigned char *, unsigned char)}
In file included from ../Core/Src/usr/main_PN532.c:2:
../Core/Inc/usr/J3_PN532.h:25:65: note: expected 'int (*)(uint8_t,  uint8_t *, uint8_t)' {aka 'int (*)(unsigned char,  unsigned char *, unsigned char)'} but argument is of type 'uint8_t (*)(uint8_t,  uint8_t *, uint8_t)' {aka 'unsigned char (*)(unsigned char,  unsigned char *, unsigned char)'}
   25 | uint8_t j3_PN532_SetSendFunction(TPN532 *_pn532, TfuncSend_I2C *_ptrFuncSend_I2C);
      |                                                  ~~~~~~~~~~~~~~~^~~~~~~~~~~~~~~~
../Core/Src/usr/main_PN532.c:28:28: warning: pointer targets in passing argument 2 of 'j3_PN532_GravaTag' differ in signedness [-Wpointer-sign]
   28 |   j3_PN532_GravaTag(pn532, "Teste", 5)
      |                            ^~~~~~~
      |                            |
      |                            char *
In file included from ../Core/Src/usr/main_PN532.c:2:
../Core/Inc/usr/J3_PN532.h:27:52: note: expected 'uint8_t *' {aka 'unsigned char *'} but argument is of type 'char *'
   27 | uint8_t j3_PN532_GravaTag(TPN532 *_pn532, uint8_t *_msg, uint8_t _tam); /*  */
      |                                           ~~~~~~~~~^~~~
../Core/Src/usr/main_PN532.c:28:39: error: expected ';' before 'while'
   28 |   j3_PN532_GravaTag(pn532, "Teste", 5)
      |                                       ^
      |                                       ;
......
   31 |   while(1)
      |   ~~~~~                                
../Core/Src/usr/main_PN532.c:21:12: warning: unused variable 'tmrLED' [-Wunused-variable]
   21 |   uint32_t tmrLED = HAL_GetTick();
      |            ^~~~~~
../Core/Src/usr/main_PN532.c:44:1: warning: control reaches end of non-void function [-Wreturn-type]
   44 | }
      | ^
make: *** [Core/Src/usr/subdir.mk:22: Core/Src/usr/main_PN532.o] Error 1
make: *** Waiting for unfinished jobs....
"make -j8 all" terminated with exit code 2. Build might be incomplete.
03:37:41 **** Incremental Build of configuration Debug for project PN532 ****
make -j8 all 
arm-none-eabi-gcc "../Core/Src/usr/main_PN532.c" -mcpu=cortex-m4 -std=gnu11 -g3 -DDEBUG -DUSE_HAL_DRIVER -DSTM32F411xE -c -I../Core/Inc -I../Drivers/STM32F4xx_HAL_Driver/Inc -I../Drivers/STM32F4xx_HAL_Driver/Inc/Legacy -I../Drivers/CMSIS/Device/ST/STM32F4xx/Include -I../Drivers/CMSIS/Include -O0 -ffunction-sections -fdata-sections -Wall -fstack-usage -fcyclomatic-complexity -MMD -MP -MF"Core/Src/usr/main_PN532.d" -MT"Core/Src/usr/main_PN532.o" --specs=nano.specs -mfpu=fpv4-sp-d16 -mfloat-abi=hard -mthumb -o "Core/Src/usr/main_PN532.o"
../Core/Src/usr/main_PN532.c: In function 'main_PN532':
../Core/Src/usr/main_PN532.c:28:28: warning: pointer targets in passing argument 2 of 'j3_PN532_GravaTag' differ in signedness [-Wpointer-sign]
   28 |   j3_PN532_GravaTag(pn532, "Teste", 5)
      |                            ^~~~~~~
      |                            |
      |                            char *
In file included from ../Core/Src/usr/main_PN532.c:2:
../Core/Inc/usr/J3_PN532.h:27:52: note: expected 'uint8_t *' {aka 'unsigned char *'} but argument is of type 'char *'
   27 | uint8_t j3_PN532_GravaTag(TPN532 *_pn532, uint8_t *_msg, uint8_t _tam); /*  */
      |                                           ~~~~~~~~~^~~~
../Core/Src/usr/main_PN532.c:28:39: error: expected ';' before 'while'
   28 |   j3_PN532_GravaTag(pn532, "Teste", 5)
      |                                       ^
      |                                       ;
......
   31 |   while(1)
      |   ~~~~~                                
../Core/Src/usr/main_PN532.c:21:12: warning: unused variable 'tmrLED' [-Wunused-variable]
   21 |   uint32_t tmrLED = HAL_GetTick();
      |            ^~~~~~
../Core/Src/usr/main_PN532.c:44:1: warning: control reaches end of non-void function [-Wreturn-type]
   44 | }
      | ^
make: *** [Core/Src/usr/subdir.mk:22: Core/Src/usr/main_PN532.o] Error 1
"make -j8 all" terminated with exit code 2. Build might be incomplete.
03:38:47 **** Incremental Build of configuration Debug for project PN532 ****
make -j8 all 
arm-none-eabi-gcc "../Core/Src/usr/J3_PN532.c" -mcpu=cortex-m4 -std=gnu11 -g3 -DDEBUG -DUSE_HAL_DRIVER -DSTM32F411xE -c -I../Core/Inc -I../Drivers/STM32F4xx_HAL_Driver/Inc -I../Drivers/STM32F4xx_HAL_Driver/Inc/Legacy -I../Drivers/CMSIS/Device/ST/STM32F4xx/Include -I../Drivers/CMSIS/Include -O0 -ffunction-sections -fdata-sections -Wall -fstack-usage -fcyclomatic-complexity -MMD -MP -MF"Core/Src/usr/J3_PN532.d" -MT"Core/Src/usr/J3_PN532.o" --specs=nano.specs -mfpu=fpv4-sp-d16 -mfloat-abi=hard -mthumb -o "Core/Src/usr/J3_PN532.o"
arm-none-eabi-gcc "../Core/Src/usr/main_PN532.c" -mcpu=cortex-m4 -std=gnu11 -g3 -DDEBUG -DUSE_HAL_DRIVER -DSTM32F411xE -c -I../Core/Inc -I../Drivers/STM32F4xx_HAL_Driver/Inc -I../Drivers/STM32F4xx_HAL_Driver/Inc/Legacy -I../Drivers/CMSIS/Device/ST/STM32F4xx/Include -I../Drivers/CMSIS/Include -O0 -ffunction-sections -fdata-sections -Wall -fstack-usage -fcyclomatic-complexity -MMD -MP -MF"Core/Src/usr/main_PN532.d" -MT"Core/Src/usr/main_PN532.o" --specs=nano.specs -mfpu=fpv4-sp-d16 -mfloat-abi=hard -mthumb -o "Core/Src/usr/main_PN532.o"
../Core/Src/usr/main_PN532.c: In function 'main_PN532':
../Core/Src/usr/main_PN532.c:28:28: warning: pointer targets in passing argument 2 of 'j3_PN532_GravaTag' differ in signedness [-Wpointer-sign]
   28 |   j3_PN532_GravaTag(pn532, "Teste", 5)
      |                            ^~~~~~~
      |                            |
      |                            char *
In file included from ../Core/Src/usr/main_PN532.c:2:
../Core/Inc/usr/J3_PN532.h:27:52: note: expected 'uint8_t *' {aka 'unsigned char *'} but argument is of type 'char *'
   27 | uint8_t j3_PN532_GravaTag(TPN532 *_pn532, uint8_t *_msg, uint8_t _tam); /*  */
      |                                           ~~~~~~~~~^~~~
../Core/Src/usr/main_PN532.c:28:39: error: expected ';' before 'while'
   28 |   j3_PN532_GravaTag(pn532, "Teste", 5)
      |                                       ^
      |                                       ;
......
   31 |   while(1)
      |   ~~~~~                                
../Core/Src/usr/main_PN532.c:21:12: warning: unused variable 'tmrLED' [-Wunused-variable]
   21 |   uint32_t tmrLED = HAL_GetTick();
      |            ^~~~~~
../Core/Src/usr/main_PN532.c:44:1: warning: control reaches end of non-void function [-Wreturn-type]
   44 | }
      | ^
make: *** [Core/Src/usr/subdir.mk:22: Core/Src/usr/main_PN532.o] Error 1
make: *** Waiting for unfinished jobs....
"make -j8 all" terminated with exit code 2. Build might be incomplete.
03:39:32 **** Incremental Build of configuration Debug for project PN532 ****
make -j8 all 
arm-none-eabi-gcc "../Core/Src/usr/J3_PN532.c" -mcpu=cortex-m4 -std=gnu11 -g3 -DDEBUG -DUSE_HAL_DRIVER -DSTM32F411xE -c -I../Core/Inc -I../Drivers/STM32F4xx_HAL_Driver/Inc -I../Drivers/STM32F4xx_HAL_Driver/Inc/Legacy -I../Drivers/CMSIS/Device/ST/STM32F4xx/Include -I../Drivers/CMSIS/Include -O0 -ffunction-sections -fdata-sections -Wall -fstack-usage -fcyclomatic-complexity -MMD -MP -MF"Core/Src/usr/J3_PN532.d" -MT"Core/Src/usr/J3_PN532.o" --specs=nano.specs -mfpu=fpv4-sp-d16 -mfloat-abi=hard -mthumb -o "Core/Src/usr/J3_PN532.o"
arm-none-eabi-gcc "../Core/Src/usr/main_PN532.c" -mcpu=cortex-m4 -std=gnu11 -g3 -DDEBUG -DUSE_HAL_DRIVER -DSTM32F411xE -c -I../Core/Inc -I../Drivers/STM32F4xx_HAL_Driver/Inc -I../Drivers/STM32F4xx_HAL_Driver/Inc/Legacy -I../Drivers/CMSIS/Device/ST/STM32F4xx/Include -I../Drivers/CMSIS/Include -O0 -ffunction-sections -fdata-sections -Wall -fstack-usage -fcyclomatic-complexity -MMD -MP -MF"Core/Src/usr/main_PN532.d" -MT"Core/Src/usr/main_PN532.o" --specs=nano.specs -mfpu=fpv4-sp-d16 -mfloat-abi=hard -mthumb -o "Core/Src/usr/main_PN532.o"
../Core/Src/usr/main_PN532.c: In function 'main_PN532':
../Core/Src/usr/main_PN532.c:28:28: warning: pointer targets in passing argument 2 of 'j3_PN532_GravaTag' differ in signedness [-Wpointer-sign]
   28 |   j3_PN532_GravaTag(pn532, "Teste", 5);
      |                            ^~~~~~~
      |                            |
      |                            char *
In file included from ../Core/Src/usr/main_PN532.c:2:
../Core/Inc/usr/J3_PN532.h:27:52: note: expected 'uint8_t *' {aka 'unsigned char *'} but argument is of type 'char *'
   27 | uint8_t j3_PN532_GravaTag(TPN532 *_pn532, uint8_t *_msg, uint8_t _tam); /*  */
      |                                           ~~~~~~~~~^~~~
arm-none-eabi-gcc -o "PN532.elf" @"objects.list"   -mcpu=cortex-m4 -T"C:\NelsonLima\Projetos\Github\lib_PN532\CubeIDE\PN532\STM32F411CEUX_FLASH.ld" --specs=nosys.specs -Wl,-Map="PN532.map" -Wl,--gc-sections -static --specs=nano.specs -mfpu=fpv4-sp-d16 -mfloat-abi=hard -mthumb -Wl,--start-group -lc -lm -Wl,--end-group
Finished building target: PN532.elf
 
arm-none-eabi-size  PN532.elf 
arm-none-eabi-objdump -h -S PN532.elf  > "PN532.list"
   text	   data	    bss	    dec	    hex	filename
  14932	    100	   1988	  17020	   427c	PN532.elf
Finished building: default.size.stdout
 
Finished building: PN532.list
 
03:40:28 **** Incremental Build of configuration Debug for project PN532 ****
make -j8 all 
arm-none-eabi-size  PN532.elf 
   text	   data	    bss	    dec	    hex	filename
  14932	    100	   1988	  17020	   427c	PN532.elf
Finished building: default.size.stdout
 
03:41:31 **** Incremental Build of configuration Debug for project PN532 ****
make -j8 all 
arm-none-eabi-gcc "../Core/Src/usr/main_PN532.c" -mcpu=cortex-m4 -std=gnu11 -g3 -DDEBUG -DUSE_HAL_DRIVER -DSTM32F411xE -c -I../Core/Inc -I../Drivers/STM32F4xx_HAL_Driver/Inc -I../Drivers/STM32F4xx_HAL_Driver/Inc/Legacy -I../Drivers/CMSIS/Device/ST/STM32F4xx/Include -I../Drivers/CMSIS/Include -O0 -ffunction-sections -fdata-sections -Wall -fstack-usage -fcyclomatic-complexity -MMD -MP -MF"Core/Src/usr/main_PN532.d" -MT"Core/Src/usr/main_PN532.o" --specs=nano.specs -mfpu=fpv4-sp-d16 -mfloat-abi=hard -mthumb -o "Core/Src/usr/main_PN532.o"
arm-none-eabi-gcc -o "PN532.elf" @"objects.list"   -mcpu=cortex-m4 -T"C:\NelsonLima\Projetos\Github\lib_PN532\CubeIDE\PN532\STM32F411CEUX_FLASH.ld" --specs=nosys.specs -Wl,-Map="PN532.map" -Wl,--gc-sections -static --specs=nano.specs -mfpu=fpv4-sp-d16 -mfloat-abi=hard -mthumb -Wl,--start-group -lc -lm -Wl,--end-group
Finished building target: PN532.elf
 
arm-none-eabi-size  PN532.elf 
arm-none-eabi-objdump -h -S PN532.elf  > "PN532.list"
   text	   data	    bss	    dec	    hex	filename
  14836	    100	   1988	  16924	   421c	PN532.elf
Finished building: default.size.stdout
 
Finished building: PN532.list
 
03:44:57 **** Incremental Build of configuration Debug for project PN532 ****
make -j8 all 
arm-none-eabi-gcc "../Core/Src/usr/J3_PN532.c" -mcpu=cortex-m4 -std=gnu11 -g3 -DDEBUG -DUSE_HAL_DRIVER -DSTM32F411xE -c -I../Core/Inc -I../Drivers/STM32F4xx_HAL_Driver/Inc -I../Drivers/STM32F4xx_HAL_Driver/Inc/Legacy -I../Drivers/CMSIS/Device/ST/STM32F4xx/Include -I../Drivers/CMSIS/Include -O0 -ffunction-sections -fdata-sections -Wall -fstack-usage -fcyclomatic-complexity -MMD -MP -MF"Core/Src/usr/J3_PN532.d" -MT"Core/Src/usr/J3_PN532.o" --specs=nano.specs -mfpu=fpv4-sp-d16 -mfloat-abi=hard -mthumb -o "Core/Src/usr/J3_PN532.o"
arm-none-eabi-gcc "../Core/Src/i2c.c" -mcpu=cortex-m4 -std=gnu11 -g3 -DDEBUG -DUSE_HAL_DRIVER -DSTM32F411xE -c -I../Core/Inc -I../Drivers/STM32F4xx_HAL_Driver/Inc -I../Drivers/STM32F4xx_HAL_Driver/Inc/Legacy -I../Drivers/CMSIS/Device/ST/STM32F4xx/Include -I../Drivers/CMSIS/Include -O0 -ffunction-sections -fdata-sections -Wall -fstack-usage -fcyclomatic-complexity -MMD -MP -MF"Core/Src/i2c.d" -MT"Core/Src/i2c.o" --specs=nano.specs -mfpu=fpv4-sp-d16 -mfloat-abi=hard -mthumb -o "Core/Src/i2c.o"
arm-none-eabi-gcc "../Core/Src/stm32f4xx_it.c" -mcpu=cortex-m4 -std=gnu11 -g3 -DDEBUG -DUSE_HAL_DRIVER -DSTM32F411xE -c -I../Core/Inc -I../Drivers/STM32F4xx_HAL_Driver/Inc -I../Drivers/STM32F4xx_HAL_Driver/Inc/Legacy -I../Drivers/CMSIS/Device/ST/STM32F4xx/Include -I../Drivers/CMSIS/Include -O0 -ffunction-sections -fdata-sections -Wall -fstack-usage -fcyclomatic-complexity -MMD -MP -MF"Core/Src/stm32f4xx_it.d" -MT"Core/Src/stm32f4xx_it.o" --specs=nano.specs -mfpu=fpv4-sp-d16 -mfloat-abi=hard -mthumb -o "Core/Src/stm32f4xx_it.o"
arm-none-eabi-gcc -o "PN532.elf" @"objects.list"   -mcpu=cortex-m4 -T"C:\NelsonLima\Projetos\Github\lib_PN532\CubeIDE\PN532\STM32F411CEUX_FLASH.ld" --specs=nosys.specs -Wl,-Map="PN532.map" -Wl,--gc-sections -static --specs=nano.specs -mfpu=fpv4-sp-d16 -mfloat-abi=hard -mthumb -Wl,--start-group -lc -lm -Wl,--end-group
Finished building target: PN532.elf
 
arm-none-eabi-size  PN532.elf 
arm-none-eabi-objdump -h -S PN532.elf  > "PN532.list"
   text	   data	    bss	    dec	    hex	filename
  14252	    100	   1988	  16340	   3fd4	PN532.elf
Finished building: default.size.stdout
 
Finished building: PN532.list
 
03:45:29 **** Incremental Build of configuration Debug for project PN532 ****
make -j8 all 
arm-none-eabi-gcc "../Core/Src/usr/main_PN532.c" -mcpu=cortex-m4 -std=gnu11 -g3 -DDEBUG -DUSE_HAL_DRIVER -DSTM32F411xE -c -I../Core/Inc -I../Drivers/STM32F4xx_HAL_Driver/Inc -I../Drivers/STM32F4xx_HAL_Driver/Inc/Legacy -I../Drivers/CMSIS/Device/ST/STM32F4xx/Include -I../Drivers/CMSIS/Include -O0 -ffunction-sections -fdata-sections -Wall -fstack-usage -fcyclomatic-complexity -MMD -MP -MF"Core/Src/usr/main_PN532.d" -MT"Core/Src/usr/main_PN532.o" --specs=nano.specs -mfpu=fpv4-sp-d16 -mfloat-abi=hard -mthumb -o "Core/Src/usr/main_PN532.o"
../Core/Src/usr/main_PN532.c: In function 'main_PN532':
../Core/Src/usr/main_PN532.c:28:28: warning: pointer targets in passing argument 2 of 'j3_PN532_GravaTag' differ in signedness [-Wpointer-sign]
   28 |   j3_PN532_GravaTag(pn532, "Teste", 5);
      |                            ^~~~~~~
      |                            |
      |                            char *
In file included from ../Core/Src/usr/main_PN532.c:2:
../Core/Inc/usr/J3_PN532.h:27:52: note: expected 'uint8_t *' {aka 'unsigned char *'} but argument is of type 'char *'
   27 | uint8_t j3_PN532_GravaTag(TPN532 *_pn532, uint8_t *_msg, uint8_t _tam); /*  */
      |                                           ~~~~~~~~~^~~~
arm-none-eabi-gcc -o "PN532.elf" @"objects.list"   -mcpu=cortex-m4 -T"C:\NelsonLima\Projetos\Github\lib_PN532\CubeIDE\PN532\STM32F411CEUX_FLASH.ld" --specs=nosys.specs -Wl,-Map="PN532.map" -Wl,--gc-sections -static --specs=nano.specs -mfpu=fpv4-sp-d16 -mfloat-abi=hard -mthumb -Wl,--start-group -lc -lm -Wl,--end-group
Finished building target: PN532.elf
 
arm-none-eabi-size  PN532.elf 
arm-none-eabi-objdump -h -S PN532.elf  > "PN532.list"
   text	   data	    bss	    dec	    hex	filename
  14348	    100	   1988	  16436	   4034	PN532.elf
Finished building: default.size.stdout
 
Finished building: PN532.list
 
03:46:02 **** Incremental Build of configuration Debug for project PN532 ****
make -j8 all 
arm-none-eabi-gcc "../Core/Src/usr/main_PN532.c" -mcpu=cortex-m4 -std=gnu11 -g3 -DDEBUG -DUSE_HAL_DRIVER -DSTM32F411xE -c -I../Core/Inc -I../Drivers/STM32F4xx_HAL_Driver/Inc -I../Drivers/STM32F4xx_HAL_Driver/Inc/Legacy -I../Drivers/CMSIS/Device/ST/STM32F4xx/Include -I../Drivers/CMSIS/Include -O0 -ffunction-sections -fdata-sections -Wall -fstack-usage -fcyclomatic-complexity -MMD -MP -MF"Core/Src/usr/main_PN532.d" -MT"Core/Src/usr/main_PN532.o" --specs=nano.specs -mfpu=fpv4-sp-d16 -mfloat-abi=hard -mthumb -o "Core/Src/usr/main_PN532.o"
../Core/Src/usr/main_PN532.c: In function 'main_PN532':
../Core/Src/usr/main_PN532.c:28:28: warning: pointer targets in passing argument 2 of 'j3_PN532_GravaTag' differ in signedness [-Wpointer-sign]
   28 |   j3_PN532_GravaTag(pn532, "Teste", 5);
      |                            ^~~~~~~
      |                            |
      |                            char *
In file included from ../Core/Src/usr/main_PN532.c:2:
../Core/Inc/usr/J3_PN532.h:27:52: note: expected 'uint8_t *' {aka 'unsigned char *'} but argument is of type 'char *'
   27 | uint8_t j3_PN532_GravaTag(TPN532 *_pn532, uint8_t *_msg, uint8_t _tam); /*  */
      |                                           ~~~~~~~~~^~~~
arm-none-eabi-gcc -o "PN532.elf" @"objects.list"   -mcpu=cortex-m4 -T"C:\NelsonLima\Projetos\Github\lib_PN532\CubeIDE\PN532\STM32F411CEUX_FLASH.ld" --specs=nosys.specs -Wl,-Map="PN532.map" -Wl,--gc-sections -static --specs=nano.specs -mfpu=fpv4-sp-d16 -mfloat-abi=hard -mthumb -Wl,--start-group -lc -lm -Wl,--end-group
Finished building target: PN532.elf
 
arm-none-eabi-size  PN532.elf 
arm-none-eabi-objdump -h -S PN532.elf  > "PN532.list"
   text	   data	    bss	    dec	    hex	filename
  14000	    100	   1988	  16088	   3ed8	PN532.elf
Finished building: default.size.stdout
 
Finished building: PN532.list
 
03:46:31 **** Incremental Build of configuration Debug for project PN532 ****
make -j8 all 
arm-none-eabi-gcc "../Core/Src/usr/main_PN532.c" -mcpu=cortex-m4 -std=gnu11 -g3 -DDEBUG -DUSE_HAL_DRIVER -DSTM32F411xE -c -I../Core/Inc -I../Drivers/STM32F4xx_HAL_Driver/Inc -I../Drivers/STM32F4xx_HAL_Driver/Inc/Legacy -I../Drivers/CMSIS/Device/ST/STM32F4xx/Include -I../Drivers/CMSIS/Include -O0 -ffunction-sections -fdata-sections -Wall -fstack-usage -fcyclomatic-complexity -MMD -MP -MF"Core/Src/usr/main_PN532.d" -MT"Core/Src/usr/main_PN532.o" --specs=nano.specs -mfpu=fpv4-sp-d16 -mfloat-abi=hard -mthumb -o "Core/Src/usr/main_PN532.o"
../Core/Src/usr/main_PN532.c: In function 'main_PN532':
../Core/Src/usr/main_PN532.c:38:28: warning: pointer targets in passing argument 2 of 'j3_PN532_GravaTag' differ in signedness [-Wpointer-sign]
   38 |   j3_PN532_GravaTag(pn532, "Teste", 5);
      |                            ^~~~~~~
      |                            |
      |                            char *
In file included from ../Core/Src/usr/main_PN532.c:2:
../Core/Inc/usr/J3_PN532.h:27:52: note: expected 'uint8_t *' {aka 'unsigned char *'} but argument is of type 'char *'
   27 | uint8_t j3_PN532_GravaTag(TPN532 *_pn532, uint8_t *_msg, uint8_t _tam); /*  */
      |                                           ~~~~~~~~~^~~~
arm-none-eabi-gcc -o "PN532.elf" @"objects.list"   -mcpu=cortex-m4 -T"C:\NelsonLima\Projetos\Github\lib_PN532\CubeIDE\PN532\STM32F411CEUX_FLASH.ld" --specs=nosys.specs -Wl,-Map="PN532.map" -Wl,--gc-sections -static --specs=nano.specs -mfpu=fpv4-sp-d16 -mfloat-abi=hard -mthumb -Wl,--start-group -lc -lm -Wl,--end-group
Finished building target: PN532.elf
 
arm-none-eabi-size  PN532.elf 
arm-none-eabi-objdump -h -S PN532.elf  > "PN532.list"
   text	   data	    bss	    dec	    hex	filename
  14072	    100	   1988	  16160	   3f20	PN532.elf
Finished building: default.size.stdout
 
Finished building: PN532.list
 
03:47:20 **** Incremental Build of configuration Debug for project PN532 ****
make -j8 all 
arm-none-eabi-gcc "../Core/Src/usr/main_PN532.c" -mcpu=cortex-m4 -std=gnu11 -g3 -DDEBUG -DUSE_HAL_DRIVER -DSTM32F411xE -c -I../Core/Inc -I../Drivers/STM32F4xx_HAL_Driver/Inc -I../Drivers/STM32F4xx_HAL_Driver/Inc/Legacy -I../Drivers/CMSIS/Device/ST/STM32F4xx/Include -I../Drivers/CMSIS/Include -O0 -ffunction-sections -fdata-sections -Wall -fstack-usage -fcyclomatic-complexity -MMD -MP -MF"Core/Src/usr/main_PN532.d" -MT"Core/Src/usr/main_PN532.o" --specs=nano.specs -mfpu=fpv4-sp-d16 -mfloat-abi=hard -mthumb -o "Core/Src/usr/main_PN532.o"
../Core/Src/usr/main_PN532.c: In function 'main_PN532':
../Core/Src/usr/main_PN532.c:46:28: warning: pointer targets in passing argument 2 of 'j3_PN532_GravaTag' differ in signedness [-Wpointer-sign]
   46 |   j3_PN532_GravaTag(pn532, "Teste", 5);
      |                            ^~~~~~~
      |                            |
      |                            char *
In file included from ../Core/Src/usr/main_PN532.c:2:
../Core/Inc/usr/J3_PN532.h:27:52: note: expected 'uint8_t *' {aka 'unsigned char *'} but argument is of type 'char *'
   27 | uint8_t j3_PN532_GravaTag(TPN532 *_pn532, uint8_t *_msg, uint8_t _tam); /*  */
      |                                           ~~~~~~~~~^~~~
arm-none-eabi-gcc -o "PN532.elf" @"objects.list"   -mcpu=cortex-m4 -T"C:\NelsonLima\Projetos\Github\lib_PN532\CubeIDE\PN532\STM32F411CEUX_FLASH.ld" --specs=nosys.specs -Wl,-Map="PN532.map" -Wl,--gc-sections -static --specs=nano.specs -mfpu=fpv4-sp-d16 -mfloat-abi=hard -mthumb -Wl,--start-group -lc -lm -Wl,--end-group
Finished building target: PN532.elf
 
arm-none-eabi-size  PN532.elf 
arm-none-eabi-objdump -h -S PN532.elf  > "PN532.list"
   text	   data	    bss	    dec	    hex	filename
  14124	    100	   1988	  16212	   3f54	PN532.elf
Finished building: default.size.stdout
 
Finished building: PN532.list
 
03:48:16 **** Incremental Build of configuration Debug for project PN532 ****
make -j8 all 
arm-none-eabi-gcc "../Core/Src/usr/main_PN532.c" -mcpu=cortex-m4 -std=gnu11 -g3 -DDEBUG -DUSE_HAL_DRIVER -DSTM32F411xE -c -I../Core/Inc -I../Drivers/STM32F4xx_HAL_Driver/Inc -I../Drivers/STM32F4xx_HAL_Driver/Inc/Legacy -I../Drivers/CMSIS/Device/ST/STM32F4xx/Include -I../Drivers/CMSIS/Include -O0 -ffunction-sections -fdata-sections -Wall -fstack-usage -fcyclomatic-complexity -MMD -MP -MF"Core/Src/usr/main_PN532.d" -MT"Core/Src/usr/main_PN532.o" --specs=nano.specs -mfpu=fpv4-sp-d16 -mfloat-abi=hard -mthumb -o "Core/Src/usr/main_PN532.o"
../Core/Src/usr/main_PN532.c: In function 'main_PN532':
../Core/Src/usr/main_PN532.c:47:28: warning: pointer targets in passing argument 2 of 'j3_PN532_GravaTag' differ in signedness [-Wpointer-sign]
   47 |   j3_PN532_GravaTag(pn532, "Teste", 5);
      |                            ^~~~~~~
      |                            |
      |                            char *
In file included from ../Core/Src/usr/main_PN532.c:2:
../Core/Inc/usr/J3_PN532.h:27:52: note: expected 'uint8_t *' {aka 'unsigned char *'} but argument is of type 'char *'
   27 | uint8_t j3_PN532_GravaTag(TPN532 *_pn532, uint8_t *_msg, uint8_t _tam); /*  */
      |                                           ~~~~~~~~~^~~~
arm-none-eabi-gcc -o "PN532.elf" @"objects.list"   -mcpu=cortex-m4 -T"C:\NelsonLima\Projetos\Github\lib_PN532\CubeIDE\PN532\STM32F411CEUX_FLASH.ld" --specs=nosys.specs -Wl,-Map="PN532.map" -Wl,--gc-sections -static --specs=nano.specs -mfpu=fpv4-sp-d16 -mfloat-abi=hard -mthumb -Wl,--start-group -lc -lm -Wl,--end-group
Finished building target: PN532.elf
 
arm-none-eabi-size  PN532.elf 
arm-none-eabi-objdump -h -S PN532.elf  > "PN532.list"
   text	   data	    bss	    dec	    hex	filename
  14048	    100	   1988	  16136	   3f08	PN532.elf
Finished building: default.size.stdout
 
Finished building: PN532.list
 
03:50:05 **** Incremental Build of configuration Debug for project PN532 ****
make -j8 all 
arm-none-eabi-gcc "../Core/Src/usr/main_PN532.c" -mcpu=cortex-m4 -std=gnu11 -g3 -DDEBUG -DUSE_HAL_DRIVER -DSTM32F411xE -c -I../Core/Inc -I../Drivers/STM32F4xx_HAL_Driver/Inc -I../Drivers/STM32F4xx_HAL_Driver/Inc/Legacy -I../Drivers/CMSIS/Device/ST/STM32F4xx/Include -I../Drivers/CMSIS/Include -O0 -ffunction-sections -fdata-sections -Wall -fstack-usage -fcyclomatic-complexity -MMD -MP -MF"Core/Src/usr/main_PN532.d" -MT"Core/Src/usr/main_PN532.o" --specs=nano.specs -mfpu=fpv4-sp-d16 -mfloat-abi=hard -mthumb -o "Core/Src/usr/main_PN532.o"
../Core/Src/usr/main_PN532.c: In function 'main_PN532':
../Core/Src/usr/main_PN532.c:47:28: warning: pointer targets in passing argument 2 of 'j3_PN532_GravaTag' differ in signedness [-Wpointer-sign]
   47 |   j3_PN532_GravaTag(pn532, "Teste", 5);
      |                            ^~~~~~~
      |                            |
      |                            char *
In file included from ../Core/Src/usr/main_PN532.c:2:
../Core/Inc/usr/J3_PN532.h:27:52: note: expected 'uint8_t *' {aka 'unsigned char *'} but argument is of type 'char *'
   27 | uint8_t j3_PN532_GravaTag(TPN532 *_pn532, uint8_t *_msg, uint8_t _tam); /*  */
      |                                           ~~~~~~~~~^~~~
arm-none-eabi-gcc -o "PN532.elf" @"objects.list"   -mcpu=cortex-m4 -T"C:\NelsonLima\Projetos\Github\lib_PN532\CubeIDE\PN532\STM32F411CEUX_FLASH.ld" --specs=nosys.specs -Wl,-Map="PN532.map" -Wl,--gc-sections -static --specs=nano.specs -mfpu=fpv4-sp-d16 -mfloat-abi=hard -mthumb -Wl,--start-group -lc -lm -Wl,--end-group
Finished building target: PN532.elf
 
arm-none-eabi-size  PN532.elf 
arm-none-eabi-objdump -h -S PN532.elf  > "PN532.list"
   text	   data	    bss	    dec	    hex	filename
  14396	    100	   1988	  16484	   4064	PN532.elf
Finished building: default.size.stdout
 
Finished building: PN532.list
 
03:54:26 **** Incremental Build of configuration Debug for project PN532 ****
make -j8 all 
arm-none-eabi-gcc "../Core/Src/usr/main_PN532.c" -mcpu=cortex-m4 -std=gnu11 -g3 -DDEBUG -DUSE_HAL_DRIVER -DSTM32F411xE -c -I../Core/Inc -I../Drivers/STM32F4xx_HAL_Driver/Inc -I../Drivers/STM32F4xx_HAL_Driver/Inc/Legacy -I../Drivers/CMSIS/Device/ST/STM32F4xx/Include -I../Drivers/CMSIS/Include -O0 -ffunction-sections -fdata-sections -Wall -fstack-usage -fcyclomatic-complexity -MMD -MP -MF"Core/Src/usr/main_PN532.d" -MT"Core/Src/usr/main_PN532.o" --specs=nano.specs -mfpu=fpv4-sp-d16 -mfloat-abi=hard -mthumb -o "Core/Src/usr/main_PN532.o"
../Core/Src/usr/main_PN532.c: In function 'main_PN532':
../Core/Src/usr/main_PN532.c:47:28: warning: pointer targets in passing argument 2 of 'j3_PN532_GravaTag' differ in signedness [-Wpointer-sign]
   47 |   j3_PN532_GravaTag(pn532, "Teste", 5);
      |                            ^~~~~~~
      |                            |
      |                            char *
In file included from ../Core/Src/usr/main_PN532.c:2:
../Core/Inc/usr/J3_PN532.h:27:52: note: expected 'uint8_t *' {aka 'unsigned char *'} but argument is of type 'char *'
   27 | uint8_t j3_PN532_GravaTag(TPN532 *_pn532, uint8_t *_msg, uint8_t _tam); /*  */
      |                                           ~~~~~~~~~^~~~
arm-none-eabi-gcc -o "PN532.elf" @"objects.list"   -mcpu=cortex-m4 -T"C:\NelsonLima\Projetos\Github\lib_PN532\CubeIDE\PN532\STM32F411CEUX_FLASH.ld" --specs=nosys.specs -Wl,-Map="PN532.map" -Wl,--gc-sections -static --specs=nano.specs -mfpu=fpv4-sp-d16 -mfloat-abi=hard -mthumb -Wl,--start-group -lc -lm -Wl,--end-group
Finished building target: PN532.elf
 
arm-none-eabi-size  PN532.elf 
arm-none-eabi-objdump -h -S PN532.elf  > "PN532.list"
   text	   data	    bss	    dec	    hex	filename
  14396	    100	   1988	  16484	   4064	PN532.elf
Finished building: default.size.stdout
 
Finished building: PN532.list
 
03:55:29 **** Incremental Build of configuration Debug for project PN532 ****
make -j8 all 
arm-none-eabi-size  PN532.elf 
   text	   data	    bss	    dec	    hex	filename
  14396	    100	   1988	  16484	   4064	PN532.elf
Finished building: default.size.stdout
 
03:57:13 **** Incremental Build of configuration Debug for project PN532 ****
make -j8 all 
arm-none-eabi-gcc "../Core/Src/usr/main_PN532.c" -mcpu=cortex-m4 -std=gnu11 -g3 -DDEBUG -DUSE_HAL_DRIVER -DSTM32F411xE -c -I../Core/Inc -I../Drivers/STM32F4xx_HAL_Driver/Inc -I../Drivers/STM32F4xx_HAL_Driver/Inc/Legacy -I../Drivers/CMSIS/Device/ST/STM32F4xx/Include -I../Drivers/CMSIS/Include -O0 -ffunction-sections -fdata-sections -Wall -fstack-usage -fcyclomatic-complexity -MMD -MP -MF"Core/Src/usr/main_PN532.d" -MT"Core/Src/usr/main_PN532.o" --specs=nano.specs -mfpu=fpv4-sp-d16 -mfloat-abi=hard -mthumb -o "Core/Src/usr/main_PN532.o"
../Core/Src/usr/main_PN532.c: In function 'main_PN532':
../Core/Src/usr/main_PN532.c:47:28: warning: pointer targets in passing argument 2 of 'j3_PN532_GravaTag' differ in signedness [-Wpointer-sign]
   47 |   j3_PN532_GravaTag(pn532, "Teste", 5);
      |                            ^~~~~~~
      |                            |
      |                            char *
In file included from ../Core/Src/usr/main_PN532.c:2:
../Core/Inc/usr/J3_PN532.h:27:52: note: expected 'uint8_t *' {aka 'unsigned char *'} but argument is of type 'char *'
   27 | uint8_t j3_PN532_GravaTag(TPN532 *_pn532, uint8_t *_msg, uint8_t _tam); /*  */
      |                                           ~~~~~~~~~^~~~
arm-none-eabi-gcc -o "PN532.elf" @"objects.list"   -mcpu=cortex-m4 -T"C:\NelsonLima\Projetos\Github\lib_PN532\CubeIDE\PN532\STM32F411CEUX_FLASH.ld" --specs=nosys.specs -Wl,-Map="PN532.map" -Wl,--gc-sections -static --specs=nano.specs -mfpu=fpv4-sp-d16 -mfloat-abi=hard -mthumb -Wl,--start-group -lc -lm -Wl,--end-group
Finished building target: PN532.elf
 
arm-none-eabi-size  PN532.elf 
arm-none-eabi-objdump -h -S PN532.elf  > "PN532.list"
   text	   data	    bss	    dec	    hex	filename
  14204	    100	   1988	  16292	   3fa4	PN532.elf
Finished building: default.size.stdout
 
Finished building: PN532.list
 
03:57:51 **** Incremental Build of configuration Debug for project PN532 ****
make -j8 all 
arm-none-eabi-gcc "../Core/Src/main.c" -mcpu=cortex-m4 -std=gnu11 -g3 -DDEBUG -DUSE_HAL_DRIVER -DSTM32F411xE -c -I../Core/Inc -I../Drivers/STM32F4xx_HAL_Driver/Inc -I../Drivers/STM32F4xx_HAL_Driver/Inc/Legacy -I../Drivers/CMSIS/Device/ST/STM32F4xx/Include -I../Drivers/CMSIS/Include -O0 -ffunction-sections -fdata-sections -Wall -fstack-usage -fcyclomatic-complexity -MMD -MP -MF"Core/Src/main.d" -MT"Core/Src/main.o" --specs=nano.specs -mfpu=fpv4-sp-d16 -mfloat-abi=hard -mthumb -o "Core/Src/main.o"
arm-none-eabi-gcc -o "PN532.elf" @"objects.list"   -mcpu=cortex-m4 -T"C:\NelsonLima\Projetos\Github\lib_PN532\CubeIDE\PN532\STM32F411CEUX_FLASH.ld" --specs=nosys.specs -Wl,-Map="PN532.map" -Wl,--gc-sections -static --specs=nano.specs -mfpu=fpv4-sp-d16 -mfloat-abi=hard -mthumb -Wl,--start-group -lc -lm -Wl,--end-group
Finished building target: PN532.elf
 
arm-none-eabi-size  PN532.elf 
arm-none-eabi-objdump -h -S PN532.elf  > "PN532.list"
   text	   data	    bss	    dec	    hex	filename
  14396	    100	   1988	  16484	   4064	PN532.elf
Finished building: default.size.stdout
 
Finished building: PN532.list
 
03:58:43 **** Incremental Build of configuration Debug for project PN532 ****
make -j8 all 
arm-none-eabi-gcc "../Core/Src/usr/main_PN532.c" -mcpu=cortex-m4 -std=gnu11 -g3 -DDEBUG -DUSE_HAL_DRIVER -DSTM32F411xE -c -I../Core/Inc -I../Drivers/STM32F4xx_HAL_Driver/Inc -I../Drivers/STM32F4xx_HAL_Driver/Inc/Legacy -I../Drivers/CMSIS/Device/ST/STM32F4xx/Include -I../Drivers/CMSIS/Include -O0 -ffunction-sections -fdata-sections -Wall -fstack-usage -fcyclomatic-complexity -MMD -MP -MF"Core/Src/usr/main_PN532.d" -MT"Core/Src/usr/main_PN532.o" --specs=nano.specs -mfpu=fpv4-sp-d16 -mfloat-abi=hard -mthumb -o "Core/Src/usr/main_PN532.o"
../Core/Src/usr/main_PN532.c: In function 'main_PN532':
../Core/Src/usr/main_PN532.c:47:28: warning: pointer targets in passing argument 2 of 'j3_PN532_GravaTag' differ in signedness [-Wpointer-sign]
   47 |   j3_PN532_GravaTag(pn532, "Teste", 5);
      |                            ^~~~~~~
      |                            |
      |                            char *
In file included from ../Core/Src/usr/main_PN532.c:2:
../Core/Inc/usr/J3_PN532.h:27:52: note: expected 'uint8_t *' {aka 'unsigned char *'} but argument is of type 'char *'
   27 | uint8_t j3_PN532_GravaTag(TPN532 *_pn532, uint8_t *_msg, uint8_t _tam); /*  */
      |                                           ~~~~~~~~~^~~~
arm-none-eabi-gcc -o "PN532.elf" @"objects.list"   -mcpu=cortex-m4 -T"C:\NelsonLima\Projetos\Github\lib_PN532\CubeIDE\PN532\STM32F411CEUX_FLASH.ld" --specs=nosys.specs -Wl,-Map="PN532.map" -Wl,--gc-sections -static --specs=nano.specs -mfpu=fpv4-sp-d16 -mfloat-abi=hard -mthumb -Wl,--start-group -lc -lm -Wl,--end-group
Finished building target: PN532.elf
 
arm-none-eabi-size  PN532.elf 
arm-none-eabi-objdump -h -S PN532.elf  > "PN532.list"
   text	   data	    bss	    dec	    hex	filename
  14396	    100	   1988	  16484	   4064	PN532.elf
Finished building: default.size.stdout
 
Finished building: PN532.list
 
03:59:31 **** Incremental Build of configuration Debug for project PN532 ****
make -j8 all 
arm-none-eabi-gcc "../Core/Src/usr/main_PN532.c" -mcpu=cortex-m4 -std=gnu11 -g3 -DDEBUG -DUSE_HAL_DRIVER -DSTM32F411xE -c -I../Core/Inc -I../Drivers/STM32F4xx_HAL_Driver/Inc -I../Drivers/STM32F4xx_HAL_Driver/Inc/Legacy -I../Drivers/CMSIS/Device/ST/STM32F4xx/Include -I../Drivers/CMSIS/Include -O0 -ffunction-sections -fdata-sections -Wall -fstack-usage -fcyclomatic-complexity -MMD -MP -MF"Core/Src/usr/main_PN532.d" -MT"Core/Src/usr/main_PN532.o" --specs=nano.specs -mfpu=fpv4-sp-d16 -mfloat-abi=hard -mthumb -o "Core/Src/usr/main_PN532.o"
../Core/Src/usr/main_PN532.c: In function 'main_PN532':
../Core/Src/usr/main_PN532.c:47:28: warning: pointer targets in passing argument 2 of 'j3_PN532_GravaTag' differ in signedness [-Wpointer-sign]
   47 |   j3_PN532_GravaTag(pn532, "Teste", 5);
      |                            ^~~~~~~
      |                            |
      |                            char *
In file included from ../Core/Src/usr/main_PN532.c:2:
../Core/Inc/usr/J3_PN532.h:27:52: note: expected 'uint8_t *' {aka 'unsigned char *'} but argument is of type 'char *'
   27 | uint8_t j3_PN532_GravaTag(TPN532 *_pn532, uint8_t *_msg, uint8_t _tam); /*  */
      |                                           ~~~~~~~~~^~~~
arm-none-eabi-gcc -o "PN532.elf" @"objects.list"   -mcpu=cortex-m4 -T"C:\NelsonLima\Projetos\Github\lib_PN532\CubeIDE\PN532\STM32F411CEUX_FLASH.ld" --specs=nosys.specs -Wl,-Map="PN532.map" -Wl,--gc-sections -static --specs=nano.specs -mfpu=fpv4-sp-d16 -mfloat-abi=hard -mthumb -Wl,--start-group -lc -lm -Wl,--end-group
Finished building target: PN532.elf
 
arm-none-eabi-size  PN532.elf 
arm-none-eabi-objdump -h -S PN532.elf  > "PN532.list"
   text	   data	    bss	    dec	    hex	filename
  14396	    100	   1988	  16484	   4064	PN532.elf
Finished building: default.size.stdout
 
Finished building: PN532.list
 
04:00:30 **** Incremental Build of configuration Debug for project PN532 ****
make -j8 all 
arm-none-eabi-size  PN532.elf 
   text	   data	    bss	    dec	    hex	filename
  14396	    100	   1988	  16484	   4064	PN532.elf
Finished building: default.size.stdout
 
04:01:39 **** Incremental Build of configuration Debug for project PN532 ****
make -j8 all 
arm-none-eabi-gcc "../Core/Src/usr/J3_PN532.c" -mcpu=cortex-m4 -std=gnu11 -g3 -DDEBUG -DUSE_HAL_DRIVER -DSTM32F411xE -c -I../Core/Inc -I../Drivers/STM32F4xx_HAL_Driver/Inc -I../Drivers/STM32F4xx_HAL_Driver/Inc/Legacy -I../Drivers/CMSIS/Device/ST/STM32F4xx/Include -I../Drivers/CMSIS/Include -O0 -ffunction-sections -fdata-sections -Wall -fstack-usage -fcyclomatic-complexity -MMD -MP -MF"Core/Src/usr/J3_PN532.d" -MT"Core/Src/usr/J3_PN532.o" --specs=nano.specs -mfpu=fpv4-sp-d16 -mfloat-abi=hard -mthumb -o "Core/Src/usr/J3_PN532.o"
arm-none-eabi-gcc -o "PN532.elf" @"objects.list"   -mcpu=cortex-m4 -T"C:\NelsonLima\Projetos\Github\lib_PN532\CubeIDE\PN532\STM32F411CEUX_FLASH.ld" --specs=nosys.specs -Wl,-Map="PN532.map" -Wl,--gc-sections -static --specs=nano.specs -mfpu=fpv4-sp-d16 -mfloat-abi=hard -mthumb -Wl,--start-group -lc -lm -Wl,--end-group
Finished building target: PN532.elf
 
arm-none-eabi-size  PN532.elf 
arm-none-eabi-objdump -h -S PN532.elf  > "PN532.list"
   text	   data	    bss	    dec	    hex	filename
  14396	    100	   1988	  16484	   4064	PN532.elf
Finished building: default.size.stdout
 
Finished building: PN532.list
 
04:19:29 **** Incremental Build of configuration Debug for project PN532 ****
make -j8 all 
arm-none-eabi-gcc "../Core/Src/usr/J3_PN532.c" -mcpu=cortex-m4 -std=gnu11 -g3 -DDEBUG -DUSE_HAL_DRIVER -DSTM32F411xE -c -I../Core/Inc -I../Drivers/STM32F4xx_HAL_Driver/Inc -I../Drivers/STM32F4xx_HAL_Driver/Inc/Legacy -I../Drivers/CMSIS/Device/ST/STM32F4xx/Include -I../Drivers/CMSIS/Include -O0 -ffunction-sections -fdata-sections -Wall -fstack-usage -fcyclomatic-complexity -MMD -MP -MF"Core/Src/usr/J3_PN532.d" -MT"Core/Src/usr/J3_PN532.o" --specs=nano.specs -mfpu=fpv4-sp-d16 -mfloat-abi=hard -mthumb -o "Core/Src/usr/J3_PN532.o"
arm-none-eabi-gcc -o "PN532.elf" @"objects.list"   -mcpu=cortex-m4 -T"C:\NelsonLima\Projetos\Github\lib_PN532\CubeIDE\PN532\STM32F411CEUX_FLASH.ld" --specs=nosys.specs -Wl,-Map="PN532.map" -Wl,--gc-sections -static --specs=nano.specs -mfpu=fpv4-sp-d16 -mfloat-abi=hard -mthumb -Wl,--start-group -lc -lm -Wl,--end-group
Finished building target: PN532.elf
 
arm-none-eabi-size  PN532.elf 
arm-none-eabi-objdump -h -S PN532.elf  > "PN532.list"
   text	   data	    bss	    dec	    hex	filename
  14396	    100	   1988	  16484	   4064	PN532.elf
Finished building: default.size.stdout
 
Finished building: PN532.list
 
04:20:36 **** Incremental Build of configuration Debug for project PN532 ****
make -j8 all 
arm-none-eabi-gcc "../Core/Src/usr/main_PN532.c" -mcpu=cortex-m4 -std=gnu11 -g3 -DDEBUG -DUSE_HAL_DRIVER -DSTM32F411xE -c -I../Core/Inc -I../Drivers/STM32F4xx_HAL_Driver/Inc -I../Drivers/STM32F4xx_HAL_Driver/Inc/Legacy -I../Drivers/CMSIS/Device/ST/STM32F4xx/Include -I../Drivers/CMSIS/Include -O0 -ffunction-sections -fdata-sections -Wall -fstack-usage -fcyclomatic-complexity -MMD -MP -MF"Core/Src/usr/main_PN532.d" -MT"Core/Src/usr/main_PN532.o" --specs=nano.specs -mfpu=fpv4-sp-d16 -mfloat-abi=hard -mthumb -o "Core/Src/usr/main_PN532.o"
../Core/Src/usr/main_PN532.c: In function 'main_PN532':
../Core/Src/usr/main_PN532.c:47:28: warning: pointer targets in passing argument 2 of 'j3_PN532_GravaTag' differ in signedness [-Wpointer-sign]
   47 |   j3_PN532_GravaTag(pn532, "Teste", 5);
      |                            ^~~~~~~
      |                            |
      |                            char *
In file included from ../Core/Src/usr/main_PN532.c:2:
../Core/Inc/usr/J3_PN532.h:27:52: note: expected 'uint8_t *' {aka 'unsigned char *'} but argument is of type 'char *'
   27 | uint8_t j3_PN532_GravaTag(TPN532 *_pn532, uint8_t *_msg, uint8_t _tam); /*  */
      |                                           ~~~~~~~~~^~~~
arm-none-eabi-gcc -o "PN532.elf" @"objects.list"   -mcpu=cortex-m4 -T"C:\NelsonLima\Projetos\Github\lib_PN532\CubeIDE\PN532\STM32F411CEUX_FLASH.ld" --specs=nosys.specs -Wl,-Map="PN532.map" -Wl,--gc-sections -static --specs=nano.specs -mfpu=fpv4-sp-d16 -mfloat-abi=hard -mthumb -Wl,--start-group -lc -lm -Wl,--end-group
Finished building target: PN532.elf
 
arm-none-eabi-size  PN532.elf 
arm-none-eabi-objdump -h -S PN532.elf  > "PN532.list"
   text	   data	    bss	    dec	    hex	filename
  14172	    100	   1988	  16260	   3f84	PN532.elf
Finished building: default.size.stdout
 
Finished building: PN532.list
 
04:21:07 **** Incremental Build of configuration Debug for project PN532 ****
make -j8 all 
arm-none-eabi-gcc "../Core/Src/usr/J3_PN532.c" -mcpu=cortex-m4 -std=gnu11 -g3 -DDEBUG -DUSE_HAL_DRIVER -DSTM32F411xE -c -I../Core/Inc -I../Drivers/STM32F4xx_HAL_Driver/Inc -I../Drivers/STM32F4xx_HAL_Driver/Inc/Legacy -I../Drivers/CMSIS/Device/ST/STM32F4xx/Include -I../Drivers/CMSIS/Include -O0 -ffunction-sections -fdata-sections -Wall -fstack-usage -fcyclomatic-complexity -MMD -MP -MF"Core/Src/usr/J3_PN532.d" -MT"Core/Src/usr/J3_PN532.o" --specs=nano.specs -mfpu=fpv4-sp-d16 -mfloat-abi=hard -mthumb -o "Core/Src/usr/J3_PN532.o"
arm-none-eabi-gcc -o "PN532.elf" @"objects.list"   -mcpu=cortex-m4 -T"C:\NelsonLima\Projetos\Github\lib_PN532\CubeIDE\PN532\STM32F411CEUX_FLASH.ld" --specs=nosys.specs -Wl,-Map="PN532.map" -Wl,--gc-sections -static --specs=nano.specs -mfpu=fpv4-sp-d16 -mfloat-abi=hard -mthumb -Wl,--start-group -lc -lm -Wl,--end-group
Finished building target: PN532.elf
 
arm-none-eabi-size  PN532.elf 
arm-none-eabi-objdump -h -S PN532.elf  > "PN532.list"
   text	   data	    bss	    dec	    hex	filename
  14172	    100	   1988	  16260	   3f84	PN532.elf
Finished building: default.size.stdout
 
Finished building: PN532.list
 
04:30:12 **** Incremental Build of configuration Debug for project PN532 ****
make -j8 all 
arm-none-eabi-gcc "../Core/Src/usr/J3_PN532.c" -mcpu=cortex-m4 -std=gnu11 -g3 -DDEBUG -DUSE_HAL_DRIVER -DSTM32F411xE -c -I../Core/Inc -I../Drivers/STM32F4xx_HAL_Driver/Inc -I../Drivers/STM32F4xx_HAL_Driver/Inc/Legacy -I../Drivers/CMSIS/Device/ST/STM32F4xx/Include -I../Drivers/CMSIS/Include -O0 -ffunction-sections -fdata-sections -Wall -fstack-usage -fcyclomatic-complexity -MMD -MP -MF"Core/Src/usr/J3_PN532.d" -MT"Core/Src/usr/J3_PN532.o" --specs=nano.specs -mfpu=fpv4-sp-d16 -mfloat-abi=hard -mthumb -o "Core/Src/usr/J3_PN532.o"
../Core/Src/usr/J3_PN532.c: In function 'j3_PN532_Send':
../Core/Src/usr/J3_PN532.c:15:12: error: expected identifier before '*' token
   15 |   (_pn532->*ptrFuncSend_I2C)(_pn532->address, _msg, _tam);
      |            ^
make: *** [Core/Src/usr/subdir.mk:22: Core/Src/usr/J3_PN532.o] Error 1
"make -j8 all" terminated with exit code 2. Build might be incomplete.
04:30:19 **** Incremental Build of configuration Debug for project PN532 ****
make -j8 all 
arm-none-eabi-gcc "../Core/Src/usr/J3_PN532.c" -mcpu=cortex-m4 -std=gnu11 -g3 -DDEBUG -DUSE_HAL_DRIVER -DSTM32F411xE -c -I../Core/Inc -I../Drivers/STM32F4xx_HAL_Driver/Inc -I../Drivers/STM32F4xx_HAL_Driver/Inc/Legacy -I../Drivers/CMSIS/Device/ST/STM32F4xx/Include -I../Drivers/CMSIS/Include -O0 -ffunction-sections -fdata-sections -Wall -fstack-usage -fcyclomatic-complexity -MMD -MP -MF"Core/Src/usr/J3_PN532.d" -MT"Core/Src/usr/J3_PN532.o" --specs=nano.specs -mfpu=fpv4-sp-d16 -mfloat-abi=hard -mthumb -o "Core/Src/usr/J3_PN532.o"
../Core/Src/usr/J3_PN532.c: In function 'j3_PN532_Send':
../Core/Src/usr/J3_PN532.c:15:12: error: expected identifier before '*' token
   15 |   (_pn532->*ptrFuncSend_I2C)(_pn532->address, _msg, _tam);
      |            ^
make: *** [Core/Src/usr/subdir.mk:22: Core/Src/usr/J3_PN532.o] Error 1
"make -j8 all" terminated with exit code 2. Build might be incomplete.
04:34:01 **** Incremental Build of configuration Debug for project PN532 ****
make -j8 all 
arm-none-eabi-gcc "../Core/Src/usr/J3_PN532.c" -mcpu=cortex-m4 -std=gnu11 -g3 -DDEBUG -DUSE_HAL_DRIVER -DSTM32F411xE -c -I../Core/Inc -I../Drivers/STM32F4xx_HAL_Driver/Inc -I../Drivers/STM32F4xx_HAL_Driver/Inc/Legacy -I../Drivers/CMSIS/Device/ST/STM32F4xx/Include -I../Drivers/CMSIS/Include -O0 -ffunction-sections -fdata-sections -Wall -fstack-usage -fcyclomatic-complexity -MMD -MP -MF"Core/Src/usr/J3_PN532.d" -MT"Core/Src/usr/J3_PN532.o" --specs=nano.specs -mfpu=fpv4-sp-d16 -mfloat-abi=hard -mthumb -o "Core/Src/usr/J3_PN532.o"
../Core/Src/usr/J3_PN532.c: In function 'j3_PN532_Send':
../Core/Src/usr/J3_PN532.c:15:3: error: invalid type argument of unary '*' (have 'int')
   15 |   *(_pn532->ptrFuncSend_I2C)(_pn532->address, _msg, _tam);
      |   ^~~~~~~~~~~~~~~~~~~~~~~~~~~~~~~~~~~~~~~~~~~~~~~~~~~~~~~
make: *** [Core/Src/usr/subdir.mk:22: Core/Src/usr/J3_PN532.o] Error 1
"make -j8 all" terminated with exit code 2. Build might be incomplete.
04:34:07 **** Incremental Build of configuration Debug for project PN532 ****
make -j8 all 
arm-none-eabi-gcc "../Core/Src/usr/J3_PN532.c" -mcpu=cortex-m4 -std=gnu11 -g3 -DDEBUG -DUSE_HAL_DRIVER -DSTM32F411xE -c -I../Core/Inc -I../Drivers/STM32F4xx_HAL_Driver/Inc -I../Drivers/STM32F4xx_HAL_Driver/Inc/Legacy -I../Drivers/CMSIS/Device/ST/STM32F4xx/Include -I../Drivers/CMSIS/Include -O0 -ffunction-sections -fdata-sections -Wall -fstack-usage -fcyclomatic-complexity -MMD -MP -MF"Core/Src/usr/J3_PN532.d" -MT"Core/Src/usr/J3_PN532.o" --specs=nano.specs -mfpu=fpv4-sp-d16 -mfloat-abi=hard -mthumb -o "Core/Src/usr/J3_PN532.o"
../Core/Src/usr/J3_PN532.c: In function 'j3_PN532_Send':
../Core/Src/usr/J3_PN532.c:15:3: error: invalid type argument of unary '*' (have 'int')
   15 |   *(_pn532->ptrFuncSend_I2C)(_pn532->address, _msg, _tam);
      |   ^~~~~~~~~~~~~~~~~~~~~~~~~~~~~~~~~~~~~~~~~~~~~~~~~~~~~~~
make: *** [Core/Src/usr/subdir.mk:22: Core/Src/usr/J3_PN532.o] Error 1
"make -j8 all" terminated with exit code 2. Build might be incomplete.
04:34:27 **** Incremental Build of configuration Debug for project PN532 ****
make -j8 all 
arm-none-eabi-gcc "../Core/Src/usr/J3_PN532.c" -mcpu=cortex-m4 -std=gnu11 -g3 -DDEBUG -DUSE_HAL_DRIVER -DSTM32F411xE -c -I../Core/Inc -I../Drivers/STM32F4xx_HAL_Driver/Inc -I../Drivers/STM32F4xx_HAL_Driver/Inc/Legacy -I../Drivers/CMSIS/Device/ST/STM32F4xx/Include -I../Drivers/CMSIS/Include -O0 -ffunction-sections -fdata-sections -Wall -fstack-usage -fcyclomatic-complexity -MMD -MP -MF"Core/Src/usr/J3_PN532.d" -MT"Core/Src/usr/J3_PN532.o" --specs=nano.specs -mfpu=fpv4-sp-d16 -mfloat-abi=hard -mthumb -o "Core/Src/usr/J3_PN532.o"
../Core/Src/usr/J3_PN532.c: In function 'j3_PN532_Send':
../Core/Src/usr/J3_PN532.c:15:45: warning: left-hand operand of comma expression has no effect [-Wunused-value]
   15 |   (_pn532->ptrFuncSend_I2C)*(_pn532->address, _msg, _tam);
      |                                             ^
../Core/Src/usr/J3_PN532.c:15:51: warning: left-hand operand of comma expression has no effect [-Wunused-value]
   15 |   (_pn532->ptrFuncSend_I2C)*(_pn532->address, _msg, _tam);
      |                                                   ^
../Core/Src/usr/J3_PN532.c:15:28: error: invalid operands to binary * (have 'int (*)(uint8_t,  uint8_t *, uint8_t)' {aka 'int (*)(unsigned char,  unsigned char *, unsigned char)'} and 'int')
   15 |   (_pn532->ptrFuncSend_I2C)*(_pn532->address, _msg, _tam);
      |   ~~~~~~~~~~~~~~~~~~~~~~~~~^~~~~~~~~~~~~~~~~~~~~~~~~~~~~~
      |          |                                        |
      |          |                                        uint8_t {aka unsigned char}
      |          int (*)(uint8_t,  uint8_t *, uint8_t) {aka int (*)(unsigned char,  unsigned char *, unsigned char)}
make: *** [Core/Src/usr/subdir.mk:22: Core/Src/usr/J3_PN532.o] Error 1
"make -j8 all" terminated with exit code 2. Build might be incomplete.
04:40:09 **** Incremental Build of configuration Debug for project PN532 ****
make -j8 all 
arm-none-eabi-gcc "../Core/Src/usr/J3_PN532.c" -mcpu=cortex-m4 -std=gnu11 -g3 -DDEBUG -DUSE_HAL_DRIVER -DSTM32F411xE -c -I../Core/Inc -I../Drivers/STM32F4xx_HAL_Driver/Inc -I../Drivers/STM32F4xx_HAL_Driver/Inc/Legacy -I../Drivers/CMSIS/Device/ST/STM32F4xx/Include -I../Drivers/CMSIS/Include -O0 -ffunction-sections -fdata-sections -Wall -fstack-usage -fcyclomatic-complexity -MMD -MP -MF"Core/Src/usr/J3_PN532.d" -MT"Core/Src/usr/J3_PN532.o" --specs=nano.specs -mfpu=fpv4-sp-d16 -mfloat-abi=hard -mthumb -o "Core/Src/usr/J3_PN532.o"
arm-none-eabi-gcc "../Core/Src/usr/main_PN532.c" -mcpu=cortex-m4 -std=gnu11 -g3 -DDEBUG -DUSE_HAL_DRIVER -DSTM32F411xE -c -I../Core/Inc -I../Drivers/STM32F4xx_HAL_Driver/Inc -I../Drivers/STM32F4xx_HAL_Driver/Inc/Legacy -I../Drivers/CMSIS/Device/ST/STM32F4xx/Include -I../Drivers/CMSIS/Include -O0 -ffunction-sections -fdata-sections -Wall -fstack-usage -fcyclomatic-complexity -MMD -MP -MF"Core/Src/usr/main_PN532.d" -MT"Core/Src/usr/main_PN532.o" --specs=nano.specs -mfpu=fpv4-sp-d16 -mfloat-abi=hard -mthumb -o "Core/Src/usr/main_PN532.o"
In file included from ../Core/Src/usr/J3_PN532.c:7:
../Core/Inc/usr/J3_PN532.h:12:1: warning: data definition has no type or storage class
   12 | (*TfuncSend_I2C)(uint8_t _endereco, uint8_t *_msg, uint8_t _tam);
      | ^
../Core/Inc/usr/J3_PN532.h:12:3: warning: type defaults to 'int' in declaration of 'TfuncSend_I2C' [-Wimplicit-int]
   12 | (*TfuncSend_I2C)(uint8_t _endereco, uint8_t *_msg, uint8_t _tam);
      |   ^~~~~~~~~~~~~
../Core/Inc/usr/J3_PN532.h:18:5: error: expected specifier-qualifier-list before 'TfuncSend_I2C'
   18 |     TfuncSend_I2C *ptrFuncSend_I2C;
      |     ^~~~~~~~~~~~~
../Core/Inc/usr/J3_PN532.h:25:50: error: expected declaration specifiers or '...' before 'TfuncSend_I2C'
   25 | uint8_t j3_PN532_SetSendFunction(TPN532 *_pn532, TfuncSend_I2C *_ptrFuncSend_I2C);
      |                                                  ^~~~~~~~~~~~~
../Core/Src/usr/J3_PN532.c: In function 'j3_PN532_Send':
../Core/Src/usr/J3_PN532.c:15:10: error: 'TPN532' has no member named 'ptrFuncSend_I2C'
   15 |   (_pn532->ptrFuncSend_I2C)(_pn532->address, _msg, _tam);
      |          ^~
../Core/Src/usr/J3_PN532.c: At top level:
../Core/Src/usr/J3_PN532.c:36:50: error: expected declaration specifiers or '...' before 'TfuncSend_I2C'
   36 | uint8_t j3_PN532_SetSendFunction(TPN532 *_pn532, TfuncSend_I2C *_ptrFuncSend_I2C)
      |                                                  ^~~~~~~~~~~~~
make: *** [Core/Src/usr/subdir.mk:22: Core/Src/usr/J3_PN532.o] Error 1
make: *** Waiting for unfinished jobs....
In file included from ../Core/Src/usr/main_PN532.c:2:
../Core/Inc/usr/J3_PN532.h:12:1: warning: data definition has no type or storage class
   12 | (*TfuncSend_I2C)(uint8_t _endereco, uint8_t *_msg, uint8_t _tam);
      | ^
../Core/Inc/usr/J3_PN532.h:12:3: warning: type defaults to 'int' in declaration of 'TfuncSend_I2C' [-Wimplicit-int]
   12 | (*TfuncSend_I2C)(uint8_t _endereco, uint8_t *_msg, uint8_t _tam);
      |   ^~~~~~~~~~~~~
../Core/Inc/usr/J3_PN532.h:18:5: error: expected specifier-qualifier-list before 'TfuncSend_I2C'
   18 |     TfuncSend_I2C *ptrFuncSend_I2C;
      |     ^~~~~~~~~~~~~
../Core/Inc/usr/J3_PN532.h:25:50: error: expected declaration specifiers or '...' before 'TfuncSend_I2C'
   25 | uint8_t j3_PN532_SetSendFunction(TPN532 *_pn532, TfuncSend_I2C *_ptrFuncSend_I2C);
      |                                                  ^~~~~~~~~~~~~
../Core/Src/usr/main_PN532.c: In function 'main_PN532':
../Core/Src/usr/main_PN532.c:45:3: warning: implicit declaration of function 'j3_PN532_SetSendFunction' [-Wimplicit-function-declaration]
   45 |   j3_PN532_SetSendFunction(pn532, SendI2C);
      |   ^~~~~~~~~~~~~~~~~~~~~~~~
../Core/Src/usr/main_PN532.c:47:28: warning: pointer targets in passing argument 2 of 'j3_PN532_GravaTag' differ in signedness [-Wpointer-sign]
   47 |   j3_PN532_GravaTag(pn532, "Teste", 5);
      |                            ^~~~~~~
      |                            |
      |                            char *
In file included from ../Core/Src/usr/main_PN532.c:2:
../Core/Inc/usr/J3_PN532.h:27:52: note: expected 'uint8_t *' {aka 'unsigned char *'} but argument is of type 'char *'
   27 | uint8_t j3_PN532_GravaTag(TPN532 *_pn532, uint8_t *_msg, uint8_t _tam); /*  */
      |                                           ~~~~~~~~~^~~~
make: *** [Core/Src/usr/subdir.mk:22: Core/Src/usr/main_PN532.o] Error 1
"make -j8 all" terminated with exit code 2. Build might be incomplete.
04:41:06 **** Incremental Build of configuration Debug for project PN532 ****
make -j8 all 
arm-none-eabi-gcc "../Core/Src/usr/J3_PN532.c" -mcpu=cortex-m4 -std=gnu11 -g3 -DDEBUG -DUSE_HAL_DRIVER -DSTM32F411xE -c -I../Core/Inc -I../Drivers/STM32F4xx_HAL_Driver/Inc -I../Drivers/STM32F4xx_HAL_Driver/Inc/Legacy -I../Drivers/CMSIS/Device/ST/STM32F4xx/Include -I../Drivers/CMSIS/Include -O0 -ffunction-sections -fdata-sections -Wall -fstack-usage -fcyclomatic-complexity -MMD -MP -MF"Core/Src/usr/J3_PN532.d" -MT"Core/Src/usr/J3_PN532.o" --specs=nano.specs -mfpu=fpv4-sp-d16 -mfloat-abi=hard -mthumb -o "Core/Src/usr/J3_PN532.o"
arm-none-eabi-gcc "../Core/Src/usr/main_PN532.c" -mcpu=cortex-m4 -std=gnu11 -g3 -DDEBUG -DUSE_HAL_DRIVER -DSTM32F411xE -c -I../Core/Inc -I../Drivers/STM32F4xx_HAL_Driver/Inc -I../Drivers/STM32F4xx_HAL_Driver/Inc/Legacy -I../Drivers/CMSIS/Device/ST/STM32F4xx/Include -I../Drivers/CMSIS/Include -O0 -ffunction-sections -fdata-sections -Wall -fstack-usage -fcyclomatic-complexity -MMD -MP -MF"Core/Src/usr/main_PN532.d" -MT"Core/Src/usr/main_PN532.o" --specs=nano.specs -mfpu=fpv4-sp-d16 -mfloat-abi=hard -mthumb -o "Core/Src/usr/main_PN532.o"
In file included from ../Core/Src/usr/J3_PN532.c:7:
../Core/Inc/usr/J3_PN532.h:12:9: warning: type defaults to 'int' in declaration of 'TfuncSend_I2C' [-Wimplicit-int]
   12 | typedef TfuncSend_I2C(uint8_t _endereco, uint8_t *_msg, uint8_t _tam);
      |         ^~~~~~~~~~~~~
In file included from ../Core/Src/usr/main_PN532.c:2:
../Core/Inc/usr/J3_PN532.h:12:9: warning: type defaults to 'int' in declaration of 'TfuncSend_I2C' [-Wimplicit-int]
   12 | typedef TfuncSend_I2C(uint8_t _endereco, uint8_t *_msg, uint8_t _tam);
      |         ^~~~~~~~~~~~~
../Core/Src/usr/main_PN532.c: In function 'main_PN532':
../Core/Src/usr/main_PN532.c:47:28: warning: pointer targets in passing argument 2 of 'j3_PN532_GravaTag' differ in signedness [-Wpointer-sign]
   47 |   j3_PN532_GravaTag(pn532, "Teste", 5);
      |                            ^~~~~~~
      |                            |
      |                            char *
In file included from ../Core/Src/usr/main_PN532.c:2:
../Core/Inc/usr/J3_PN532.h:27:52: note: expected 'uint8_t *' {aka 'unsigned char *'} but argument is of type 'char *'
   27 | uint8_t j3_PN532_GravaTag(TPN532 *_pn532, uint8_t *_msg, uint8_t _tam); /*  */
      |                                           ~~~~~~~~~^~~~
arm-none-eabi-gcc -o "PN532.elf" @"objects.list"   -mcpu=cortex-m4 -T"C:\NelsonLima\Projetos\Github\lib_PN532\CubeIDE\PN532\STM32F411CEUX_FLASH.ld" --specs=nosys.specs -Wl,-Map="PN532.map" -Wl,--gc-sections -static --specs=nano.specs -mfpu=fpv4-sp-d16 -mfloat-abi=hard -mthumb -Wl,--start-group -lc -lm -Wl,--end-group
Finished building target: PN532.elf
 
arm-none-eabi-size  PN532.elf 
arm-none-eabi-objdump -h -S PN532.elf  > "PN532.list"
   text	   data	    bss	    dec	    hex	filename
  14172	    100	   1988	  16260	   3f84	PN532.elf
Finished building: default.size.stdout
 
Finished building: PN532.list
 
04:41:40 **** Incremental Build of configuration Debug for project PN532 ****
make -j8 all 
arm-none-eabi-gcc "../Core/Src/usr/J3_PN532.c" -mcpu=cortex-m4 -std=gnu11 -g3 -DDEBUG -DUSE_HAL_DRIVER -DSTM32F411xE -c -I../Core/Inc -I../Drivers/STM32F4xx_HAL_Driver/Inc -I../Drivers/STM32F4xx_HAL_Driver/Inc/Legacy -I../Drivers/CMSIS/Device/ST/STM32F4xx/Include -I../Drivers/CMSIS/Include -O0 -ffunction-sections -fdata-sections -Wall -fstack-usage -fcyclomatic-complexity -MMD -MP -MF"Core/Src/usr/J3_PN532.d" -MT"Core/Src/usr/J3_PN532.o" --specs=nano.specs -mfpu=fpv4-sp-d16 -mfloat-abi=hard -mthumb -o "Core/Src/usr/J3_PN532.o"
arm-none-eabi-gcc "../Core/Src/usr/main_PN532.c" -mcpu=cortex-m4 -std=gnu11 -g3 -DDEBUG -DUSE_HAL_DRIVER -DSTM32F411xE -c -I../Core/Inc -I../Drivers/STM32F4xx_HAL_Driver/Inc -I../Drivers/STM32F4xx_HAL_Driver/Inc/Legacy -I../Drivers/CMSIS/Device/ST/STM32F4xx/Include -I../Drivers/CMSIS/Include -O0 -ffunction-sections -fdata-sections -Wall -fstack-usage -fcyclomatic-complexity -MMD -MP -MF"Core/Src/usr/main_PN532.d" -MT"Core/Src/usr/main_PN532.o" --specs=nano.specs -mfpu=fpv4-sp-d16 -mfloat-abi=hard -mthumb -o "Core/Src/usr/main_PN532.o"
../Core/Src/usr/main_PN532.c: In function 'main_PN532':
../Core/Src/usr/main_PN532.c:47:28: warning: pointer targets in passing argument 2 of 'j3_PN532_GravaTag' differ in signedness [-Wpointer-sign]
   47 |   j3_PN532_GravaTag(pn532, "Teste", 5);
      |                            ^~~~~~~
      |                            |
      |                            char *
In file included from ../Core/Src/usr/main_PN532.c:2:
../Core/Inc/usr/J3_PN532.h:27:52: note: expected 'uint8_t *' {aka 'unsigned char *'} but argument is of type 'char *'
   27 | uint8_t j3_PN532_GravaTag(TPN532 *_pn532, uint8_t *_msg, uint8_t _tam); /*  */
      |                                           ~~~~~~~~~^~~~
arm-none-eabi-gcc -o "PN532.elf" @"objects.list"   -mcpu=cortex-m4 -T"C:\NelsonLima\Projetos\Github\lib_PN532\CubeIDE\PN532\STM32F411CEUX_FLASH.ld" --specs=nosys.specs -Wl,-Map="PN532.map" -Wl,--gc-sections -static --specs=nano.specs -mfpu=fpv4-sp-d16 -mfloat-abi=hard -mthumb -Wl,--start-group -lc -lm -Wl,--end-group
Finished building target: PN532.elf
 
arm-none-eabi-size  PN532.elf 
arm-none-eabi-objdump -h -S PN532.elf  > "PN532.list"
   text	   data	    bss	    dec	    hex	filename
  14172	    100	   1988	  16260	   3f84	PN532.elf
Finished building: default.size.stdout
 
Finished building: PN532.list
 
04:43:49 **** Incremental Build of configuration Debug for project PN532 ****
make -j8 all 
arm-none-eabi-size  PN532.elf 
   text	   data	    bss	    dec	    hex	filename
  14172	    100	   1988	  16260	   3f84	PN532.elf
Finished building: default.size.stdout
 
04:44:54 **** Incremental Build of configuration Debug for project PN532 ****
make -j8 all 
arm-none-eabi-gcc "../Core/Src/usr/J3_PN532.c" -mcpu=cortex-m4 -std=gnu11 -g3 -DDEBUG -DUSE_HAL_DRIVER -DSTM32F411xE -c -I../Core/Inc -I../Drivers/STM32F4xx_HAL_Driver/Inc -I../Drivers/STM32F4xx_HAL_Driver/Inc/Legacy -I../Drivers/CMSIS/Device/ST/STM32F4xx/Include -I../Drivers/CMSIS/Include -O0 -ffunction-sections -fdata-sections -Wall -fstack-usage -fcyclomatic-complexity -MMD -MP -MF"Core/Src/usr/J3_PN532.d" -MT"Core/Src/usr/J3_PN532.o" --specs=nano.specs -mfpu=fpv4-sp-d16 -mfloat-abi=hard -mthumb -o "Core/Src/usr/J3_PN532.o"
arm-none-eabi-gcc "../Core/Src/usr/main_PN532.c" -mcpu=cortex-m4 -std=gnu11 -g3 -DDEBUG -DUSE_HAL_DRIVER -DSTM32F411xE -c -I../Core/Inc -I../Drivers/STM32F4xx_HAL_Driver/Inc -I../Drivers/STM32F4xx_HAL_Driver/Inc/Legacy -I../Drivers/CMSIS/Device/ST/STM32F4xx/Include -I../Drivers/CMSIS/Include -O0 -ffunction-sections -fdata-sections -Wall -fstack-usage -fcyclomatic-complexity -MMD -MP -MF"Core/Src/usr/main_PN532.d" -MT"Core/Src/usr/main_PN532.o" --specs=nano.specs -mfpu=fpv4-sp-d16 -mfloat-abi=hard -mthumb -o "Core/Src/usr/main_PN532.o"
In file included from ../Core/Src/usr/J3_PN532.c:7:
../Core/Inc/usr/J3_PN532.h:18:19: error: field 'ptrFuncSend_I2C' declared as a function
   18 |     TfuncSend_I2C ptrFuncSend_I2C;
      |                   ^~~~~~~~~~~~~~~
make: *** [Core/Src/usr/subdir.mk:22: Core/Src/usr/J3_PN532.o] Error 1
make: *** Waiting for unfinished jobs....
In file included from ../Core/Src/usr/main_PN532.c:2:
../Core/Inc/usr/J3_PN532.h:18:19: error: field 'ptrFuncSend_I2C' declared as a function
   18 |     TfuncSend_I2C ptrFuncSend_I2C;
      |                   ^~~~~~~~~~~~~~~
../Core/Src/usr/main_PN532.c: In function 'main_PN532':
../Core/Src/usr/main_PN532.c:47:28: warning: pointer targets in passing argument 2 of 'j3_PN532_GravaTag' differ in signedness [-Wpointer-sign]
   47 |   j3_PN532_GravaTag(pn532, "Teste", 5);
      |                            ^~~~~~~
      |                            |
      |                            char *
In file included from ../Core/Src/usr/main_PN532.c:2:
../Core/Inc/usr/J3_PN532.h:27:52: note: expected 'uint8_t *' {aka 'unsigned char *'} but argument is of type 'char *'
   27 | uint8_t j3_PN532_GravaTag(TPN532 *_pn532, uint8_t *_msg, uint8_t _tam); /*  */
      |                                           ~~~~~~~~~^~~~
make: *** [Core/Src/usr/subdir.mk:22: Core/Src/usr/main_PN532.o] Error 1
"make -j8 all" terminated with exit code 2. Build might be incomplete.
04:45:12 **** Incremental Build of configuration Debug for project PN532 ****
make -j8 all 
arm-none-eabi-gcc "../Core/Src/usr/J3_PN532.c" -mcpu=cortex-m4 -std=gnu11 -g3 -DDEBUG -DUSE_HAL_DRIVER -DSTM32F411xE -c -I../Core/Inc -I../Drivers/STM32F4xx_HAL_Driver/Inc -I../Drivers/STM32F4xx_HAL_Driver/Inc/Legacy -I../Drivers/CMSIS/Device/ST/STM32F4xx/Include -I../Drivers/CMSIS/Include -O0 -ffunction-sections -fdata-sections -Wall -fstack-usage -fcyclomatic-complexity -MMD -MP -MF"Core/Src/usr/J3_PN532.d" -MT"Core/Src/usr/J3_PN532.o" --specs=nano.specs -mfpu=fpv4-sp-d16 -mfloat-abi=hard -mthumb -o "Core/Src/usr/J3_PN532.o"
arm-none-eabi-gcc "../Core/Src/usr/main_PN532.c" -mcpu=cortex-m4 -std=gnu11 -g3 -DDEBUG -DUSE_HAL_DRIVER -DSTM32F411xE -c -I../Core/Inc -I../Drivers/STM32F4xx_HAL_Driver/Inc -I../Drivers/STM32F4xx_HAL_Driver/Inc/Legacy -I../Drivers/CMSIS/Device/ST/STM32F4xx/Include -I../Drivers/CMSIS/Include -O0 -ffunction-sections -fdata-sections -Wall -fstack-usage -fcyclomatic-complexity -MMD -MP -MF"Core/Src/usr/main_PN532.d" -MT"Core/Src/usr/main_PN532.o" --specs=nano.specs -mfpu=fpv4-sp-d16 -mfloat-abi=hard -mthumb -o "Core/Src/usr/main_PN532.o"
../Core/Src/usr/main_PN532.c: In function 'main_PN532':
../Core/Src/usr/main_PN532.c:47:28: warning: pointer targets in passing argument 2 of 'j3_PN532_GravaTag' differ in signedness [-Wpointer-sign]
   47 |   j3_PN532_GravaTag(pn532, "Teste", 5);
      |                            ^~~~~~~
      |                            |
      |                            char *
In file included from ../Core/Src/usr/main_PN532.c:2:
../Core/Inc/usr/J3_PN532.h:27:52: note: expected 'uint8_t *' {aka 'unsigned char *'} but argument is of type 'char *'
   27 | uint8_t j3_PN532_GravaTag(TPN532 *_pn532, uint8_t *_msg, uint8_t _tam); /*  */
      |                                           ~~~~~~~~~^~~~
arm-none-eabi-gcc -o "PN532.elf" @"objects.list"   -mcpu=cortex-m4 -T"C:\NelsonLima\Projetos\Github\lib_PN532\CubeIDE\PN532\STM32F411CEUX_FLASH.ld" --specs=nosys.specs -Wl,-Map="PN532.map" -Wl,--gc-sections -static --specs=nano.specs -mfpu=fpv4-sp-d16 -mfloat-abi=hard -mthumb -Wl,--start-group -lc -lm -Wl,--end-group
Finished building target: PN532.elf
 
arm-none-eabi-size  PN532.elf 
arm-none-eabi-objdump -h -S PN532.elf  > "PN532.list"
   text	   data	    bss	    dec	    hex	filename
  14172	    100	   1988	  16260	   3f84	PN532.elf
Finished building: default.size.stdout
 
Finished building: PN532.list
 
04:50:18 **** Incremental Build of configuration Debug for project PN532 ****
make -j8 all 
arm-none-eabi-gcc "../Core/Src/usr/J3_PN532.c" -mcpu=cortex-m4 -std=gnu11 -g3 -DDEBUG -DUSE_HAL_DRIVER -DSTM32F411xE -c -I../Core/Inc -I../Drivers/STM32F4xx_HAL_Driver/Inc -I../Drivers/STM32F4xx_HAL_Driver/Inc/Legacy -I../Drivers/CMSIS/Device/ST/STM32F4xx/Include -I../Drivers/CMSIS/Include -O0 -ffunction-sections -fdata-sections -Wall -fstack-usage -fcyclomatic-complexity -MMD -MP -MF"Core/Src/usr/J3_PN532.d" -MT"Core/Src/usr/J3_PN532.o" --specs=nano.specs -mfpu=fpv4-sp-d16 -mfloat-abi=hard -mthumb -o "Core/Src/usr/J3_PN532.o"
arm-none-eabi-gcc "../Core/Src/usr/main_PN532.c" -mcpu=cortex-m4 -std=gnu11 -g3 -DDEBUG -DUSE_HAL_DRIVER -DSTM32F411xE -c -I../Core/Inc -I../Drivers/STM32F4xx_HAL_Driver/Inc -I../Drivers/STM32F4xx_HAL_Driver/Inc/Legacy -I../Drivers/CMSIS/Device/ST/STM32F4xx/Include -I../Drivers/CMSIS/Include -O0 -ffunction-sections -fdata-sections -Wall -fstack-usage -fcyclomatic-complexity -MMD -MP -MF"Core/Src/usr/main_PN532.d" -MT"Core/Src/usr/main_PN532.o" --specs=nano.specs -mfpu=fpv4-sp-d16 -mfloat-abi=hard -mthumb -o "Core/Src/usr/main_PN532.o"
../Core/Src/usr/main_PN532.c: In function 'main_PN532':
../Core/Src/usr/main_PN532.c:47:28: warning: pointer targets in passing argument 2 of 'j3_PN532_GravaTag' differ in signedness [-Wpointer-sign]
   47 |   j3_PN532_GravaTag(pn532, "Teste", 5);
      |                            ^~~~~~~
      |                            |
      |                            char *
In file included from ../Core/Src/usr/main_PN532.c:2:
../Core/Inc/usr/J3_PN532.h:27:52: note: expected 'uint8_t *' {aka 'unsigned char *'} but argument is of type 'char *'
   27 | uint8_t j3_PN532_GravaTag(TPN532 *_pn532, uint8_t *_msg, uint8_t _tam); /*  */
      |                                           ~~~~~~~~~^~~~
arm-none-eabi-gcc -o "PN532.elf" @"objects.list"   -mcpu=cortex-m4 -T"C:\NelsonLima\Projetos\Github\lib_PN532\CubeIDE\PN532\STM32F411CEUX_FLASH.ld" --specs=nosys.specs -Wl,-Map="PN532.map" -Wl,--gc-sections -static --specs=nano.specs -mfpu=fpv4-sp-d16 -mfloat-abi=hard -mthumb -Wl,--start-group -lc -lm -Wl,--end-group
Finished building target: PN532.elf
 
arm-none-eabi-size  PN532.elf 
arm-none-eabi-objdump -h -S PN532.elf  > "PN532.list"
   text	   data	    bss	    dec	    hex	filename
  14172	    100	   1988	  16260	   3f84	PN532.elf
Finished building: default.size.stdout
 
Finished building: PN532.list
 
04:50:23 **** Incremental Build of configuration Debug for project PN532 ****
make -j8 all 
arm-none-eabi-size  PN532.elf 
   text	   data	    bss	    dec	    hex	filename
  14172	    100	   1988	  16260	   3f84	PN532.elf
Finished building: default.size.stdout
 
04:51:10 **** Incremental Build of configuration Debug for project PN532 ****
make -j8 all 
arm-none-eabi-gcc "../Core/Src/usr/main_PN532.c" -mcpu=cortex-m4 -std=gnu11 -g3 -DDEBUG -DUSE_HAL_DRIVER -DSTM32F411xE -c -I../Core/Inc -I../Drivers/STM32F4xx_HAL_Driver/Inc -I../Drivers/STM32F4xx_HAL_Driver/Inc/Legacy -I../Drivers/CMSIS/Device/ST/STM32F4xx/Include -I../Drivers/CMSIS/Include -O0 -ffunction-sections -fdata-sections -Wall -fstack-usage -fcyclomatic-complexity -MMD -MP -MF"Core/Src/usr/main_PN532.d" -MT"Core/Src/usr/main_PN532.o" --specs=nano.specs -mfpu=fpv4-sp-d16 -mfloat-abi=hard -mthumb -o "Core/Src/usr/main_PN532.o"
../Core/Src/usr/main_PN532.c: In function 'main_PN532':
../Core/Src/usr/main_PN532.c:49:28: warning: pointer targets in passing argument 2 of 'j3_PN532_GravaTag' differ in signedness [-Wpointer-sign]
   49 |   j3_PN532_GravaTag(pn532, "Teste", 5);
      |                            ^~~~~~~
      |                            |
      |                            char *
In file included from ../Core/Src/usr/main_PN532.c:2:
../Core/Inc/usr/J3_PN532.h:27:52: note: expected 'uint8_t *' {aka 'unsigned char *'} but argument is of type 'char *'
   27 | uint8_t j3_PN532_GravaTag(TPN532 *_pn532, uint8_t *_msg, uint8_t _tam); /*  */
      |                                           ~~~~~~~~~^~~~
arm-none-eabi-gcc -o "PN532.elf" @"objects.list"   -mcpu=cortex-m4 -T"C:\NelsonLima\Projetos\Github\lib_PN532\CubeIDE\PN532\STM32F411CEUX_FLASH.ld" --specs=nosys.specs -Wl,-Map="PN532.map" -Wl,--gc-sections -static --specs=nano.specs -mfpu=fpv4-sp-d16 -mfloat-abi=hard -mthumb -Wl,--start-group -lc -lm -Wl,--end-group
Finished building target: PN532.elf
 
arm-none-eabi-size  PN532.elf 
arm-none-eabi-objdump -h -S PN532.elf  > "PN532.list"
   text	   data	    bss	    dec	    hex	filename
  14396	    100	   1988	  16484	   4064	PN532.elf
Finished building: default.size.stdout
 
Finished building: PN532.list
 
05:10:38 **** Incremental Build of configuration Debug for project PN532 ****
make -j8 all 
arm-none-eabi-gcc "../Core/Src/usr/J3_PN532.c" -mcpu=cortex-m4 -std=gnu11 -g3 -DDEBUG -DUSE_HAL_DRIVER -DSTM32F411xE -c -I../Core/Inc -I../Drivers/STM32F4xx_HAL_Driver/Inc -I../Drivers/STM32F4xx_HAL_Driver/Inc/Legacy -I../Drivers/CMSIS/Device/ST/STM32F4xx/Include -I../Drivers/CMSIS/Include -O0 -ffunction-sections -fdata-sections -Wall -fstack-usage -fcyclomatic-complexity -MMD -MP -MF"Core/Src/usr/J3_PN532.d" -MT"Core/Src/usr/J3_PN532.o" --specs=nano.specs -mfpu=fpv4-sp-d16 -mfloat-abi=hard -mthumb -o "Core/Src/usr/J3_PN532.o"
../Core/Src/usr/J3_PN532.c: In function 'j3_PN532_Send':
../Core/Src/usr/J3_PN532.c:15:3: error: invalid type argument of unary '*' (have 'int')
   15 |   *(_pn532->ptrFuncSend_I2C)(_pn532->address, _msg, _tam);
      |   ^~~~~~~~~~~~~~~~~~~~~~~~~~~~~~~~~~~~~~~~~~~~~~~~~~~~~~~
make: *** [Core/Src/usr/subdir.mk:22: Core/Src/usr/J3_PN532.o] Error 1
"make -j8 all" terminated with exit code 2. Build might be incomplete.
05:10:44 **** Incremental Build of configuration Debug for project PN532 ****
make -j8 all 
arm-none-eabi-gcc "../Core/Src/usr/J3_PN532.c" -mcpu=cortex-m4 -std=gnu11 -g3 -DDEBUG -DUSE_HAL_DRIVER -DSTM32F411xE -c -I../Core/Inc -I../Drivers/STM32F4xx_HAL_Driver/Inc -I../Drivers/STM32F4xx_HAL_Driver/Inc/Legacy -I../Drivers/CMSIS/Device/ST/STM32F4xx/Include -I../Drivers/CMSIS/Include -O0 -ffunction-sections -fdata-sections -Wall -fstack-usage -fcyclomatic-complexity -MMD -MP -MF"Core/Src/usr/J3_PN532.d" -MT"Core/Src/usr/J3_PN532.o" --specs=nano.specs -mfpu=fpv4-sp-d16 -mfloat-abi=hard -mthumb -o "Core/Src/usr/J3_PN532.o"
../Core/Src/usr/J3_PN532.c: In function 'j3_PN532_Send':
../Core/Src/usr/J3_PN532.c:15:3: error: invalid type argument of unary '*' (have 'int')
   15 |   *(_pn532->ptrFuncSend_I2C)(_pn532->address, _msg, _tam);
      |   ^~~~~~~~~~~~~~~~~~~~~~~~~~~~~~~~~~~~~~~~~~~~~~~~~~~~~~~
make: *** [Core/Src/usr/subdir.mk:22: Core/Src/usr/J3_PN532.o] Error 1
"make -j8 all" terminated with exit code 2. Build might be incomplete.
05:11:30 **** Incremental Build of configuration Debug for project PN532 ****
make -j8 all 
arm-none-eabi-gcc "../Core/Src/usr/J3_PN532.c" -mcpu=cortex-m4 -std=gnu11 -g3 -DDEBUG -DUSE_HAL_DRIVER -DSTM32F411xE -c -I../Core/Inc -I../Drivers/STM32F4xx_HAL_Driver/Inc -I../Drivers/STM32F4xx_HAL_Driver/Inc/Legacy -I../Drivers/CMSIS/Device/ST/STM32F4xx/Include -I../Drivers/CMSIS/Include -O0 -ffunction-sections -fdata-sections -Wall -fstack-usage -fcyclomatic-complexity -MMD -MP -MF"Core/Src/usr/J3_PN532.d" -MT"Core/Src/usr/J3_PN532.o" --specs=nano.specs -mfpu=fpv4-sp-d16 -mfloat-abi=hard -mthumb -o "Core/Src/usr/J3_PN532.o"
../Core/Src/usr/J3_PN532.c: In function 'j3_PN532_Send':
../Core/Src/usr/J3_PN532.c:15:3: error: invalid type argument of unary '*' (have 'int')
   15 |   *(_pn532->ptrFuncSend_I2C)(_pn532->address, _msg, _tam);
      |   ^~~~~~~~~~~~~~~~~~~~~~~~~~~~~~~~~~~~~~~~~~~~~~~~~~~~~~~
make: *** [Core/Src/usr/subdir.mk:22: Core/Src/usr/J3_PN532.o] Error 1
"make -j8 all" terminated with exit code 2. Build might be incomplete.
05:12:04 **** Incremental Build of configuration Debug for project PN532 ****
make -j8 all 
arm-none-eabi-gcc "../Core/Src/usr/J3_PN532.c" -mcpu=cortex-m4 -std=gnu11 -g3 -DDEBUG -DUSE_HAL_DRIVER -DSTM32F411xE -c -I../Core/Inc -I../Drivers/STM32F4xx_HAL_Driver/Inc -I../Drivers/STM32F4xx_HAL_Driver/Inc/Legacy -I../Drivers/CMSIS/Device/ST/STM32F4xx/Include -I../Drivers/CMSIS/Include -O0 -ffunction-sections -fdata-sections -Wall -fstack-usage -fcyclomatic-complexity -MMD -MP -MF"Core/Src/usr/J3_PN532.d" -MT"Core/Src/usr/J3_PN532.o" --specs=nano.specs -mfpu=fpv4-sp-d16 -mfloat-abi=hard -mthumb -o "Core/Src/usr/J3_PN532.o"
arm-none-eabi-gcc -o "PN532.elf" @"objects.list"   -mcpu=cortex-m4 -T"C:\NelsonLima\Projetos\Github\lib_PN532\CubeIDE\PN532\STM32F411CEUX_FLASH.ld" --specs=nosys.specs -Wl,-Map="PN532.map" -Wl,--gc-sections -static --specs=nano.specs -mfpu=fpv4-sp-d16 -mfloat-abi=hard -mthumb -Wl,--start-group -lc -lm -Wl,--end-group
Finished building target: PN532.elf
 
arm-none-eabi-size  PN532.elf 
arm-none-eabi-objdump -h -S PN532.elf  > "PN532.list"
   text	   data	    bss	    dec	    hex	filename
  14396	    100	   1988	  16484	   4064	PN532.elf
Finished building: default.size.stdout
 
Finished building: PN532.list
 
05:18:56 **** Incremental Build of configuration Debug for project PN532 ****
make -j8 all 
arm-none-eabi-gcc "../Core/Src/usr/J3_PN532.c" -mcpu=cortex-m4 -std=gnu11 -g3 -DDEBUG -DUSE_HAL_DRIVER -DSTM32F411xE -c -I../Core/Inc -I../Drivers/STM32F4xx_HAL_Driver/Inc -I../Drivers/STM32F4xx_HAL_Driver/Inc/Legacy -I../Drivers/CMSIS/Device/ST/STM32F4xx/Include -I../Drivers/CMSIS/Include -O0 -ffunction-sections -fdata-sections -Wall -fstack-usage -fcyclomatic-complexity -MMD -MP -MF"Core/Src/usr/J3_PN532.d" -MT"Core/Src/usr/J3_PN532.o" --specs=nano.specs -mfpu=fpv4-sp-d16 -mfloat-abi=hard -mthumb -o "Core/Src/usr/J3_PN532.o"
arm-none-eabi-gcc -o "PN532.elf" @"objects.list"   -mcpu=cortex-m4 -T"C:\NelsonLima\Projetos\Github\lib_PN532\CubeIDE\PN532\STM32F411CEUX_FLASH.ld" --specs=nosys.specs -Wl,-Map="PN532.map" -Wl,--gc-sections -static --specs=nano.specs -mfpu=fpv4-sp-d16 -mfloat-abi=hard -mthumb -Wl,--start-group -lc -lm -Wl,--end-group
Finished building target: PN532.elf
 
arm-none-eabi-size  PN532.elf 
arm-none-eabi-objdump -h -S PN532.elf  > "PN532.list"
   text	   data	    bss	    dec	    hex	filename
  14396	    100	   1988	  16484	   4064	PN532.elf
Finished building: default.size.stdout
 
Finished building: PN532.list
 
05:19:17 **** Incremental Build of configuration Debug for project PN532 ****
make -j8 all 
arm-none-eabi-size  PN532.elf 
   text	   data	    bss	    dec	    hex	filename
  14396	    100	   1988	  16484	   4064	PN532.elf
Finished building: default.size.stdout
 
05:20:50 **** Incremental Build of configuration Debug for project PN532 ****
make -j8 all 
arm-none-eabi-gcc "../Core/Src/usr/main_PN532.c" -mcpu=cortex-m4 -std=gnu11 -g3 -DDEBUG -DUSE_HAL_DRIVER -DSTM32F411xE -c -I../Core/Inc -I../Drivers/STM32F4xx_HAL_Driver/Inc -I../Drivers/STM32F4xx_HAL_Driver/Inc/Legacy -I../Drivers/CMSIS/Device/ST/STM32F4xx/Include -I../Drivers/CMSIS/Include -O0 -ffunction-sections -fdata-sections -Wall -fstack-usage -fcyclomatic-complexity -MMD -MP -MF"Core/Src/usr/main_PN532.d" -MT"Core/Src/usr/main_PN532.o" --specs=nano.specs -mfpu=fpv4-sp-d16 -mfloat-abi=hard -mthumb -o "Core/Src/usr/main_PN532.o"
../Core/Src/usr/main_PN532.c: In function 'main_PN532':
../Core/Src/usr/main_PN532.c:50:28: warning: pointer targets in passing argument 2 of 'j3_PN532_GravaTag' differ in signedness [-Wpointer-sign]
   50 |   j3_PN532_GravaTag(pn532, "Teste", 5);
      |                            ^~~~~~~
      |                            |
      |                            char *
In file included from ../Core/Src/usr/main_PN532.c:2:
../Core/Inc/usr/J3_PN532.h:27:52: note: expected 'uint8_t *' {aka 'unsigned char *'} but argument is of type 'char *'
   27 | uint8_t j3_PN532_GravaTag(TPN532 *_pn532, uint8_t *_msg, uint8_t _tam); /*  */
      |                                           ~~~~~~~~~^~~~
arm-none-eabi-gcc -o "PN532.elf" @"objects.list"   -mcpu=cortex-m4 -T"C:\NelsonLima\Projetos\Github\lib_PN532\CubeIDE\PN532\STM32F411CEUX_FLASH.ld" --specs=nosys.specs -Wl,-Map="PN532.map" -Wl,--gc-sections -static --specs=nano.specs -mfpu=fpv4-sp-d16 -mfloat-abi=hard -mthumb -Wl,--start-group -lc -lm -Wl,--end-group
Finished building target: PN532.elf
 
arm-none-eabi-size  PN532.elf 
arm-none-eabi-objdump -h -S PN532.elf  > "PN532.list"
   text	   data	    bss	    dec	    hex	filename
  15788	    100	   1988	  17876	   45d4	PN532.elf
Finished building: default.size.stdout
 
Finished building: PN532.list
 
05:32:48 **** Incremental Build of configuration Debug for project PN532 ****
make -j8 all 
arm-none-eabi-gcc "../Core/Src/usr/J3_PN532.c" -mcpu=cortex-m4 -std=gnu11 -g3 -DDEBUG -DUSE_HAL_DRIVER -DSTM32F411xE -c -I../Core/Inc -I../Drivers/STM32F4xx_HAL_Driver/Inc -I../Drivers/STM32F4xx_HAL_Driver/Inc/Legacy -I../Drivers/CMSIS/Device/ST/STM32F4xx/Include -I../Drivers/CMSIS/Include -O0 -ffunction-sections -fdata-sections -Wall -fstack-usage -fcyclomatic-complexity -MMD -MP -MF"Core/Src/usr/J3_PN532.d" -MT"Core/Src/usr/J3_PN532.o" --specs=nano.specs -mfpu=fpv4-sp-d16 -mfloat-abi=hard -mthumb -o "Core/Src/usr/J3_PN532.o"
arm-none-eabi-gcc "../Core/Src/usr/main_PN532.c" -mcpu=cortex-m4 -std=gnu11 -g3 -DDEBUG -DUSE_HAL_DRIVER -DSTM32F411xE -c -I../Core/Inc -I../Drivers/STM32F4xx_HAL_Driver/Inc -I../Drivers/STM32F4xx_HAL_Driver/Inc/Legacy -I../Drivers/CMSIS/Device/ST/STM32F4xx/Include -I../Drivers/CMSIS/Include -O0 -ffunction-sections -fdata-sections -Wall -fstack-usage -fcyclomatic-complexity -MMD -MP -MF"Core/Src/usr/main_PN532.d" -MT"Core/Src/usr/main_PN532.o" --specs=nano.specs -mfpu=fpv4-sp-d16 -mfloat-abi=hard -mthumb -o "Core/Src/usr/main_PN532.o"
../Core/Src/usr/J3_PN532.c: In function 'j3_PN532_Send':
../Core/Src/usr/J3_PN532.c:19:15: error: 'cmd' undeclared (first use in this function)
   19 |   packet[1] = cmd;                 // Comando
      |               ^~~
../Core/Src/usr/J3_PN532.c:19:15: note: each undeclared identifier is reported only once for each function it appears in
../Core/Src/usr/J3_PN532.c:28:12: warning: implicit declaration of function 'i2c_write' [-Wimplicit-function-declaration]
   28 |     return i2c_write(PN532_ADDRESS, packet, PN532_DATA_PACKET_SIZE);
      |            ^~~~~~~~~
../Core/Src/usr/J3_PN532.c:28:22: error: 'PN532_ADDRESS' undeclared (first use in this function)
   28 |     return i2c_write(PN532_ADDRESS, packet, PN532_DATA_PACKET_SIZE);
      |                      ^~~~~~~~~~~~~
../Core/Src/usr/J3_PN532.c:28:12: warning: 'return' with a value, in function returning void [-Wreturn-type]
   28 |     return i2c_write(PN532_ADDRESS, packet, PN532_DATA_PACKET_SIZE);
      |            ^~~~~~~~~
../Core/Src/usr/J3_PN532.c:13:6: note: declared here
   13 | void j3_PN532_Send(TPN532* _pn532, uint8_t *_msg,  uint8_t _tam)
      |      ^~~~~~~~~~~~~
make: *** [Core/Src/usr/subdir.mk:22: Core/Src/usr/J3_PN532.o] Error 1
make: *** Waiting for unfinished jobs....
../Core/Src/usr/main_PN532.c: In function 'main_PN532':
../Core/Src/usr/main_PN532.c:50:28: warning: pointer targets in passing argument 2 of 'j3_PN532_GravaTag' differ in signedness [-Wpointer-sign]
   50 |   j3_PN532_GravaTag(pn532, "0x00", 1);
      |                            ^~~~~~
      |                            |
      |                            char *
In file included from ../Core/Src/usr/main_PN532.c:2:
../Core/Inc/usr/J3_PN532.h:30:52: note: expected 'uint8_t *' {aka 'unsigned char *'} but argument is of type 'char *'
   30 | uint8_t j3_PN532_GravaTag(TPN532 *_pn532, uint8_t *_msg, uint8_t _tam); /*  */
      |                                           ~~~~~~~~~^~~~
"make -j8 all" terminated with exit code 2. Build might be incomplete.
05:32:56 **** Incremental Build of configuration Debug for project PN532 ****
make -j8 all 
arm-none-eabi-gcc "../Core/Src/usr/J3_PN532.c" -mcpu=cortex-m4 -std=gnu11 -g3 -DDEBUG -DUSE_HAL_DRIVER -DSTM32F411xE -c -I../Core/Inc -I../Drivers/STM32F4xx_HAL_Driver/Inc -I../Drivers/STM32F4xx_HAL_Driver/Inc/Legacy -I../Drivers/CMSIS/Device/ST/STM32F4xx/Include -I../Drivers/CMSIS/Include -O0 -ffunction-sections -fdata-sections -Wall -fstack-usage -fcyclomatic-complexity -MMD -MP -MF"Core/Src/usr/J3_PN532.d" -MT"Core/Src/usr/J3_PN532.o" --specs=nano.specs -mfpu=fpv4-sp-d16 -mfloat-abi=hard -mthumb -o "Core/Src/usr/J3_PN532.o"
../Core/Src/usr/J3_PN532.c: In function 'j3_PN532_Send':
../Core/Src/usr/J3_PN532.c:19:15: error: 'cmd' undeclared (first use in this function)
   19 |   packet[1] = cmd;                 // Comando
      |               ^~~
../Core/Src/usr/J3_PN532.c:19:15: note: each undeclared identifier is reported only once for each function it appears in
../Core/Src/usr/J3_PN532.c:28:12: warning: implicit declaration of function 'i2c_write' [-Wimplicit-function-declaration]
   28 |     return i2c_write(PN532_ADDRESS, packet, PN532_DATA_PACKET_SIZE);
      |            ^~~~~~~~~
../Core/Src/usr/J3_PN532.c:28:22: error: 'PN532_ADDRESS' undeclared (first use in this function)
   28 |     return i2c_write(PN532_ADDRESS, packet, PN532_DATA_PACKET_SIZE);
      |                      ^~~~~~~~~~~~~
../Core/Src/usr/J3_PN532.c:28:12: warning: 'return' with a value, in function returning void [-Wreturn-type]
   28 |     return i2c_write(PN532_ADDRESS, packet, PN532_DATA_PACKET_SIZE);
      |            ^~~~~~~~~
../Core/Src/usr/J3_PN532.c:13:6: note: declared here
   13 | void j3_PN532_Send(TPN532* _pn532, uint8_t *_msg,  uint8_t _tam)
      |      ^~~~~~~~~~~~~
make: *** [Core/Src/usr/subdir.mk:22: Core/Src/usr/J3_PN532.o] Error 1
"make -j8 all" terminated with exit code 2. Build might be incomplete.
05:34:51 **** Incremental Build of configuration Debug for project PN532 ****
make -j8 all 
arm-none-eabi-gcc "../Core/Src/usr/J3_PN532.c" -mcpu=cortex-m4 -std=gnu11 -g3 -DDEBUG -DUSE_HAL_DRIVER -DSTM32F411xE -c -I../Core/Inc -I../Drivers/STM32F4xx_HAL_Driver/Inc -I../Drivers/STM32F4xx_HAL_Driver/Inc/Legacy -I../Drivers/CMSIS/Device/ST/STM32F4xx/Include -I../Drivers/CMSIS/Include -O0 -ffunction-sections -fdata-sections -Wall -fstack-usage -fcyclomatic-complexity -MMD -MP -MF"Core/Src/usr/J3_PN532.d" -MT"Core/Src/usr/J3_PN532.o" --specs=nano.specs -mfpu=fpv4-sp-d16 -mfloat-abi=hard -mthumb -o "Core/Src/usr/J3_PN532.o"
../Core/Src/usr/J3_PN532.c: In function 'j3_PN532_Send':
../Core/Src/usr/J3_PN532.c:28:12: warning: implicit declaration of function 'i2c_write' [-Wimplicit-function-declaration]
   28 |     return i2c_write(PN532_ADDRESS, packet, PN532_DATA_PACKET_SIZE);
      |            ^~~~~~~~~
../Core/Src/usr/J3_PN532.c:28:22: error: 'PN532_ADDRESS' undeclared (first use in this function)
   28 |     return i2c_write(PN532_ADDRESS, packet, PN532_DATA_PACKET_SIZE);
      |                      ^~~~~~~~~~~~~
../Core/Src/usr/J3_PN532.c:28:22: note: each undeclared identifier is reported only once for each function it appears in
../Core/Src/usr/J3_PN532.c:28:12: warning: 'return' with a value, in function returning void [-Wreturn-type]
   28 |     return i2c_write(PN532_ADDRESS, packet, PN532_DATA_PACKET_SIZE);
      |            ^~~~~~~~~
../Core/Src/usr/J3_PN532.c:13:6: note: declared here
   13 | void j3_PN532_Send(TPN532* _pn532, uint8_t _cmd,  uint8_t *_msg,  uint8_t _tam)
      |      ^~~~~~~~~~~~~
make: *** [Core/Src/usr/subdir.mk:22: Core/Src/usr/J3_PN532.o] Error 1
"make -j8 all" terminated with exit code 2. Build might be incomplete.
05:35:17 **** Incremental Build of configuration Debug for project PN532 ****
make -j8 all 
arm-none-eabi-gcc "../Core/Src/usr/J3_PN532.c" -mcpu=cortex-m4 -std=gnu11 -g3 -DDEBUG -DUSE_HAL_DRIVER -DSTM32F411xE -c -I../Core/Inc -I../Drivers/STM32F4xx_HAL_Driver/Inc -I../Drivers/STM32F4xx_HAL_Driver/Inc/Legacy -I../Drivers/CMSIS/Device/ST/STM32F4xx/Include -I../Drivers/CMSIS/Include -O0 -ffunction-sections -fdata-sections -Wall -fstack-usage -fcyclomatic-complexity -MMD -MP -MF"Core/Src/usr/J3_PN532.d" -MT"Core/Src/usr/J3_PN532.o" --specs=nano.specs -mfpu=fpv4-sp-d16 -mfloat-abi=hard -mthumb -o "Core/Src/usr/J3_PN532.o"
arm-none-eabi-gcc -o "PN532.elf" @"objects.list"   -mcpu=cortex-m4 -T"C:\NelsonLima\Projetos\Github\lib_PN532\CubeIDE\PN532\STM32F411CEUX_FLASH.ld" --specs=nosys.specs -Wl,-Map="PN532.map" -Wl,--gc-sections -static --specs=nano.specs -mfpu=fpv4-sp-d16 -mfloat-abi=hard -mthumb -Wl,--start-group -lc -lm -Wl,--end-group
Finished building target: PN532.elf
 
arm-none-eabi-size  PN532.elf 
arm-none-eabi-objdump -h -S PN532.elf  > "PN532.list"
   text	   data	    bss	    dec	    hex	filename
  15856	    100	   1988	  17944	   4618	PN532.elf
Finished building: default.size.stdout
 
Finished building: PN532.list
 
05:35:21 **** Incremental Build of configuration Debug for project PN532 ****
make -j8 all 
arm-none-eabi-size  PN532.elf 
   text	   data	    bss	    dec	    hex	filename
  15856	    100	   1988	  17944	   4618	PN532.elf
Finished building: default.size.stdout
 
05:37:03 **** Incremental Build of configuration Debug for project PN532 ****
make -j8 all 
arm-none-eabi-gcc "../Core/Src/usr/J3_PN532.c" -mcpu=cortex-m4 -std=gnu11 -g3 -DDEBUG -DUSE_HAL_DRIVER -DSTM32F411xE -c -I../Core/Inc -I../Drivers/STM32F4xx_HAL_Driver/Inc -I../Drivers/STM32F4xx_HAL_Driver/Inc/Legacy -I../Drivers/CMSIS/Device/ST/STM32F4xx/Include -I../Drivers/CMSIS/Include -O0 -ffunction-sections -fdata-sections -Wall -fstack-usage -fcyclomatic-complexity -MMD -MP -MF"Core/Src/usr/J3_PN532.d" -MT"Core/Src/usr/J3_PN532.o" --specs=nano.specs -mfpu=fpv4-sp-d16 -mfloat-abi=hard -mthumb -o "Core/Src/usr/J3_PN532.o"
arm-none-eabi-gcc "../Core/Src/usr/main_PN532.c" -mcpu=cortex-m4 -std=gnu11 -g3 -DDEBUG -DUSE_HAL_DRIVER -DSTM32F411xE -c -I../Core/Inc -I../Drivers/STM32F4xx_HAL_Driver/Inc -I../Drivers/STM32F4xx_HAL_Driver/Inc/Legacy -I../Drivers/CMSIS/Device/ST/STM32F4xx/Include -I../Drivers/CMSIS/Include -O0 -ffunction-sections -fdata-sections -Wall -fstack-usage -fcyclomatic-complexity -MMD -MP -MF"Core/Src/usr/main_PN532.d" -MT"Core/Src/usr/main_PN532.o" --specs=nano.specs -mfpu=fpv4-sp-d16 -mfloat-abi=hard -mthumb -o "Core/Src/usr/main_PN532.o"
../Core/Src/usr/main_PN532.c: In function 'main_PN532':
../Core/Src/usr/main_PN532.c:50:28: warning: pointer targets in passing argument 2 of 'j3_PN532_GravaTag' differ in signedness [-Wpointer-sign]
   50 |   j3_PN532_GravaTag(pn532, "0x00", 1);
      |                            ^~~~~~
      |                            |
      |                            char *
In file included from ../Core/Src/usr/main_PN532.c:2:
../Core/Inc/usr/J3_PN532.h:32:52: note: expected 'uint8_t *' {aka 'unsigned char *'} but argument is of type 'char *'
   32 | uint8_t j3_PN532_GravaTag(TPN532 *_pn532, uint8_t *_msg, uint8_t _tam); /*  */
      |                                           ~~~~~~~~~^~~~
arm-none-eabi-gcc -o "PN532.elf" @"objects.list"   -mcpu=cortex-m4 -T"C:\NelsonLima\Projetos\Github\lib_PN532\CubeIDE\PN532\STM32F411CEUX_FLASH.ld" --specs=nosys.specs -Wl,-Map="PN532.map" -Wl,--gc-sections -static --specs=nano.specs -mfpu=fpv4-sp-d16 -mfloat-abi=hard -mthumb -Wl,--start-group -lc -lm -Wl,--end-group
Finished building target: PN532.elf
 
arm-none-eabi-size  PN532.elf 
arm-none-eabi-objdump -h -S PN532.elf  > "PN532.list"
   text	   data	    bss	    dec	    hex	filename
  15856	    100	   1988	  17944	   4618	PN532.elf
Finished building: default.size.stdout
 
Finished building: PN532.list
 
05:40:08 **** Incremental Build of configuration Debug for project PN532 ****
make -j8 all 
arm-none-eabi-gcc "../Core/Src/usr/main_PN532.c" -mcpu=cortex-m4 -std=gnu11 -g3 -DDEBUG -DUSE_HAL_DRIVER -DSTM32F411xE -c -I../Core/Inc -I../Drivers/STM32F4xx_HAL_Driver/Inc -I../Drivers/STM32F4xx_HAL_Driver/Inc/Legacy -I../Drivers/CMSIS/Device/ST/STM32F4xx/Include -I../Drivers/CMSIS/Include -O0 -ffunction-sections -fdata-sections -Wall -fstack-usage -fcyclomatic-complexity -MMD -MP -MF"Core/Src/usr/main_PN532.d" -MT"Core/Src/usr/main_PN532.o" --specs=nano.specs -mfpu=fpv4-sp-d16 -mfloat-abi=hard -mthumb -o "Core/Src/usr/main_PN532.o"
../Core/Src/usr/main_PN532.c: In function 'SendI2C':
../Core/Src/usr/main_PN532.c:16:45: warning: pointer targets in passing argument 3 of 'HAL_I2C_Master_Receive' differ in signedness [-Wpointer-sign]
   16 |   HAL_I2C_Master_Receive(&hi2c1, _endereco, rxBuffer, 4, 100);
      |                                             ^~~~~~~~
      |                                             |
      |                                             char *
In file included from ../Core/Inc/stm32f4xx_hal_conf.h:363,
                 from ../Drivers/STM32F4xx_HAL_Driver/Inc/stm32f4xx_hal.h:29,
                 from ../Core/Inc/main.h:30,
                 from ../Core/Inc/usr/main_PN532.h:10,
                 from ../Core/Src/usr/main_PN532.c:1:
../Drivers/STM32F4xx_HAL_Driver/Inc/stm32f4xx_hal_i2c.h:567:97: note: expected 'uint8_t *' {aka 'unsigned char *'} but argument is of type 'char *'
  567 | HAL_StatusTypeDef HAL_I2C_Master_Receive(I2C_HandleTypeDef *hi2c, uint16_t DevAddress, uint8_t *pData, uint16_t Size, uint32_t Timeout);
      |                                                                                        ~~~~~~~~~^~~~~
../Core/Src/usr/main_PN532.c: In function 'main_PN532':
../Core/Src/usr/main_PN532.c:54:28: warning: pointer targets in passing argument 2 of 'j3_PN532_GravaTag' differ in signedness [-Wpointer-sign]
   54 |   j3_PN532_GravaTag(pn532, "0x00", 1);
      |                            ^~~~~~
      |                            |
      |                            char *
In file included from ../Core/Src/usr/main_PN532.c:2:
../Core/Inc/usr/J3_PN532.h:32:52: note: expected 'uint8_t *' {aka 'unsigned char *'} but argument is of type 'char *'
   32 | uint8_t j3_PN532_GravaTag(TPN532 *_pn532, uint8_t *_msg, uint8_t _tam); /*  */
      |                                           ~~~~~~~~~^~~~
arm-none-eabi-gcc -o "PN532.elf" @"objects.list"   -mcpu=cortex-m4 -T"C:\NelsonLima\Projetos\Github\lib_PN532\CubeIDE\PN532\STM32F411CEUX_FLASH.ld" --specs=nosys.specs -Wl,-Map="PN532.map" -Wl,--gc-sections -static --specs=nano.specs -mfpu=fpv4-sp-d16 -mfloat-abi=hard -mthumb -Wl,--start-group -lc -lm -Wl,--end-group
Finished building target: PN532.elf
 
arm-none-eabi-size  PN532.elf 
arm-none-eabi-objdump -h -S PN532.elf  > "PN532.list"
   text	   data	    bss	    dec	    hex	filename
  17600	    100	   1988	  19688	   4ce8	PN532.elf
Finished building: default.size.stdout
 
Finished building: PN532.list
 
05:40:24 **** Incremental Build of configuration Debug for project PN532 ****
make -j8 all 
arm-none-eabi-size  PN532.elf 
   text	   data	    bss	    dec	    hex	filename
  17600	    100	   1988	  19688	   4ce8	PN532.elf
Finished building: default.size.stdout
 
05:41:14 **** Incremental Build of configuration Debug for project PN532 ****
make -j8 all 
arm-none-eabi-gcc "../Core/Src/usr/main_PN532.c" -mcpu=cortex-m4 -std=gnu11 -g3 -DDEBUG -DUSE_HAL_DRIVER -DSTM32F411xE -c -I../Core/Inc -I../Drivers/STM32F4xx_HAL_Driver/Inc -I../Drivers/STM32F4xx_HAL_Driver/Inc/Legacy -I../Drivers/CMSIS/Device/ST/STM32F4xx/Include -I../Drivers/CMSIS/Include -O0 -ffunction-sections -fdata-sections -Wall -fstack-usage -fcyclomatic-complexity -MMD -MP -MF"Core/Src/usr/main_PN532.d" -MT"Core/Src/usr/main_PN532.o" --specs=nano.specs -mfpu=fpv4-sp-d16 -mfloat-abi=hard -mthumb -o "Core/Src/usr/main_PN532.o"
../Core/Src/usr/main_PN532.c: In function 'SendI2C':
../Core/Src/usr/main_PN532.c:16:45: warning: pointer targets in passing argument 3 of 'HAL_I2C_Master_Receive' differ in signedness [-Wpointer-sign]
   16 |   HAL_I2C_Master_Receive(&hi2c1, _endereco, rxBuffer, 4, 100);
      |                                             ^~~~~~~~
      |                                             |
      |                                             char *
In file included from ../Core/Inc/stm32f4xx_hal_conf.h:363,
                 from ../Drivers/STM32F4xx_HAL_Driver/Inc/stm32f4xx_hal.h:29,
                 from ../Core/Inc/main.h:30,
                 from ../Core/Inc/usr/main_PN532.h:10,
                 from ../Core/Src/usr/main_PN532.c:1:
../Drivers/STM32F4xx_HAL_Driver/Inc/stm32f4xx_hal_i2c.h:567:97: note: expected 'uint8_t *' {aka 'unsigned char *'} but argument is of type 'char *'
  567 | HAL_StatusTypeDef HAL_I2C_Master_Receive(I2C_HandleTypeDef *hi2c, uint16_t DevAddress, uint8_t *pData, uint16_t Size, uint32_t Timeout);
      |                                                                                        ~~~~~~~~~^~~~~
../Core/Src/usr/main_PN532.c:18:3: warning: implicit declaration of function 'printf' [-Wimplicit-function-declaration]
   18 |   printf(rxBuffer);
      |   ^~~~~~
../Core/Src/usr/main_PN532.c:5:1: note: include '<stdio.h>' or provide a declaration of 'printf'
    4 | #include "i2c.h"
  +++ |+#include <stdio.h>
    5 | 
../Core/Src/usr/main_PN532.c:18:3: warning: incompatible implicit declaration of built-in function 'printf' [-Wbuiltin-declaration-mismatch]
   18 |   printf(rxBuffer);
      |   ^~~~~~
../Core/Src/usr/main_PN532.c:18:3: note: include '<stdio.h>' or provide a declaration of 'printf'
../Core/Src/usr/main_PN532.c: In function 'main_PN532':
../Core/Src/usr/main_PN532.c:56:28: warning: pointer targets in passing argument 2 of 'j3_PN532_GravaTag' differ in signedness [-Wpointer-sign]
   56 |   j3_PN532_GravaTag(pn532, "0x00", 1);
      |                            ^~~~~~
      |                            |
      |                            char *
In file included from ../Core/Src/usr/main_PN532.c:2:
../Core/Inc/usr/J3_PN532.h:32:52: note: expected 'uint8_t *' {aka 'unsigned char *'} but argument is of type 'char *'
   32 | uint8_t j3_PN532_GravaTag(TPN532 *_pn532, uint8_t *_msg, uint8_t _tam); /*  */
      |                                           ~~~~~~~~~^~~~
arm-none-eabi-gcc -o "PN532.elf" @"objects.list"   -mcpu=cortex-m4 -T"C:\NelsonLima\Projetos\Github\lib_PN532\CubeIDE\PN532\STM32F411CEUX_FLASH.ld" --specs=nosys.specs -Wl,-Map="PN532.map" -Wl,--gc-sections -static --specs=nano.specs -mfpu=fpv4-sp-d16 -mfloat-abi=hard -mthumb -Wl,--start-group -lc -lm -Wl,--end-group
Finished building target: PN532.elf
 
arm-none-eabi-size  PN532.elf 
arm-none-eabi-objdump -h -S PN532.elf  > "PN532.list"
   text	   data	    bss	    dec	    hex	filename
  21256	    112	   1992	  23360	   5b40	PN532.elf
Finished building: default.size.stdout
 
Finished building: PN532.list
 
05:42:58 **** Incremental Build of configuration Debug for project PN532 ****
make -j8 all 
arm-none-eabi-size  PN532.elf 
   text	   data	    bss	    dec	    hex	filename
  21256	    112	   1992	  23360	   5b40	PN532.elf
Finished building: default.size.stdout
 
05:45:19 **** Incremental Build of configuration Debug for project PN532 ****
make -j8 all 
arm-none-eabi-gcc "../Core/Src/usr/main_PN532.c" -mcpu=cortex-m4 -std=gnu11 -g3 -DDEBUG -DUSE_HAL_DRIVER -DSTM32F411xE -c -I../Core/Inc -I../Drivers/STM32F4xx_HAL_Driver/Inc -I../Drivers/STM32F4xx_HAL_Driver/Inc/Legacy -I../Drivers/CMSIS/Device/ST/STM32F4xx/Include -I../Drivers/CMSIS/Include -O0 -ffunction-sections -fdata-sections -Wall -fstack-usage -fcyclomatic-complexity -MMD -MP -MF"Core/Src/usr/main_PN532.d" -MT"Core/Src/usr/main_PN532.o" --specs=nano.specs -mfpu=fpv4-sp-d16 -mfloat-abi=hard -mthumb -o "Core/Src/usr/main_PN532.o"
../Core/Src/usr/main_PN532.c: In function 'SendI2C':
../Core/Src/usr/main_PN532.c:16:45: warning: pointer targets in passing argument 3 of 'HAL_I2C_Master_Receive' differ in signedness [-Wpointer-sign]
   16 |   HAL_I2C_Master_Receive(&hi2c1, _endereco, rxBuffer, 10, 500);
      |                                             ^~~~~~~~
      |                                             |
      |                                             char *
In file included from ../Core/Inc/stm32f4xx_hal_conf.h:363,
                 from ../Drivers/STM32F4xx_HAL_Driver/Inc/stm32f4xx_hal.h:29,
                 from ../Core/Inc/main.h:30,
                 from ../Core/Inc/usr/main_PN532.h:10,
                 from ../Core/Src/usr/main_PN532.c:1:
../Drivers/STM32F4xx_HAL_Driver/Inc/stm32f4xx_hal_i2c.h:567:97: note: expected 'uint8_t *' {aka 'unsigned char *'} but argument is of type 'char *'
  567 | HAL_StatusTypeDef HAL_I2C_Master_Receive(I2C_HandleTypeDef *hi2c, uint16_t DevAddress, uint8_t *pData, uint16_t Size, uint32_t Timeout);
      |                                                                                        ~~~~~~~~~^~~~~
../Core/Src/usr/main_PN532.c:18:3: warning: implicit declaration of function 'printf' [-Wimplicit-function-declaration]
   18 |   printf(rxBuffer);
      |   ^~~~~~
../Core/Src/usr/main_PN532.c:5:1: note: include '<stdio.h>' or provide a declaration of 'printf'
    4 | #include "i2c.h"
  +++ |+#include <stdio.h>
    5 | 
../Core/Src/usr/main_PN532.c:18:3: warning: incompatible implicit declaration of built-in function 'printf' [-Wbuiltin-declaration-mismatch]
   18 |   printf(rxBuffer);
      |   ^~~~~~
../Core/Src/usr/main_PN532.c:18:3: note: include '<stdio.h>' or provide a declaration of 'printf'
../Core/Src/usr/main_PN532.c: In function 'main_PN532':
../Core/Src/usr/main_PN532.c:56:28: warning: pointer targets in passing argument 2 of 'j3_PN532_GravaTag' differ in signedness [-Wpointer-sign]
   56 |   j3_PN532_GravaTag(pn532, "0x00", 1);
      |                            ^~~~~~
      |                            |
      |                            char *
In file included from ../Core/Src/usr/main_PN532.c:2:
../Core/Inc/usr/J3_PN532.h:32:52: note: expected 'uint8_t *' {aka 'unsigned char *'} but argument is of type 'char *'
   32 | uint8_t j3_PN532_GravaTag(TPN532 *_pn532, uint8_t *_msg, uint8_t _tam); /*  */
      |                                           ~~~~~~~~~^~~~
arm-none-eabi-gcc -o "PN532.elf" @"objects.list"   -mcpu=cortex-m4 -T"C:\NelsonLima\Projetos\Github\lib_PN532\CubeIDE\PN532\STM32F411CEUX_FLASH.ld" --specs=nosys.specs -Wl,-Map="PN532.map" -Wl,--gc-sections -static --specs=nano.specs -mfpu=fpv4-sp-d16 -mfloat-abi=hard -mthumb -Wl,--start-group -lc -lm -Wl,--end-group
Finished building target: PN532.elf
 
arm-none-eabi-size  PN532.elf 
arm-none-eabi-objdump -h -S PN532.elf  > "PN532.list"
   text	   data	    bss	    dec	    hex	filename
  21260	    112	   1992	  23364	   5b44	PN532.elf
Finished building: default.size.stdout
 
Finished building: PN532.list
 
05:46:43 **** Incremental Build of configuration Debug for project PN532 ****
make -j8 all 
arm-none-eabi-gcc "../Core/Src/i2c.c" -mcpu=cortex-m4 -std=gnu11 -g3 -DDEBUG -DUSE_HAL_DRIVER -DSTM32F411xE -c -I../Core/Inc -I../Drivers/STM32F4xx_HAL_Driver/Inc -I../Drivers/STM32F4xx_HAL_Driver/Inc/Legacy -I../Drivers/CMSIS/Device/ST/STM32F4xx/Include -I../Drivers/CMSIS/Include -O0 -ffunction-sections -fdata-sections -Wall -fstack-usage -fcyclomatic-complexity -MMD -MP -MF"Core/Src/i2c.d" -MT"Core/Src/i2c.o" --specs=nano.specs -mfpu=fpv4-sp-d16 -mfloat-abi=hard -mthumb -o "Core/Src/i2c.o"
arm-none-eabi-gcc "../Core/Src/stm32f4xx_it.c" -mcpu=cortex-m4 -std=gnu11 -g3 -DDEBUG -DUSE_HAL_DRIVER -DSTM32F411xE -c -I../Core/Inc -I../Drivers/STM32F4xx_HAL_Driver/Inc -I../Drivers/STM32F4xx_HAL_Driver/Inc/Legacy -I../Drivers/CMSIS/Device/ST/STM32F4xx/Include -I../Drivers/CMSIS/Include -O0 -ffunction-sections -fdata-sections -Wall -fstack-usage -fcyclomatic-complexity -MMD -MP -MF"Core/Src/stm32f4xx_it.d" -MT"Core/Src/stm32f4xx_it.o" --specs=nano.specs -mfpu=fpv4-sp-d16 -mfloat-abi=hard -mthumb -o "Core/Src/stm32f4xx_it.o"
arm-none-eabi-gcc -o "PN532.elf" @"objects.list"   -mcpu=cortex-m4 -T"C:\NelsonLima\Projetos\Github\lib_PN532\CubeIDE\PN532\STM32F411CEUX_FLASH.ld" --specs=nosys.specs -Wl,-Map="PN532.map" -Wl,--gc-sections -static --specs=nano.specs -mfpu=fpv4-sp-d16 -mfloat-abi=hard -mthumb -Wl,--start-group -lc -lm -Wl,--end-group
Finished building target: PN532.elf
 
arm-none-eabi-size  PN532.elf 
arm-none-eabi-objdump -h -S PN532.elf  > "PN532.list"
   text	   data	    bss	    dec	    hex	filename
  14784	    112	   1992	  16888	   41f8	PN532.elf
Finished building: default.size.stdout
 
Finished building: PN532.list
 
05:49:30 **** Incremental Build of configuration Debug for project PN532 ****
make -j8 all 
arm-none-eabi-gcc "../Core/Src/usr/main_PN532.c" -mcpu=cortex-m4 -std=gnu11 -g3 -DDEBUG -DUSE_HAL_DRIVER -DSTM32F411xE -c -I../Core/Inc -I../Drivers/STM32F4xx_HAL_Driver/Inc -I../Drivers/STM32F4xx_HAL_Driver/Inc/Legacy -I../Drivers/CMSIS/Device/ST/STM32F4xx/Include -I../Drivers/CMSIS/Include -O0 -ffunction-sections -fdata-sections -Wall -fstack-usage -fcyclomatic-complexity -MMD -MP -MF"Core/Src/usr/main_PN532.d" -MT"Core/Src/usr/main_PN532.o" --specs=nano.specs -mfpu=fpv4-sp-d16 -mfloat-abi=hard -mthumb -o "Core/Src/usr/main_PN532.o"
../Core/Src/usr/main_PN532.c: In function 'SendI2C':
../Core/Src/usr/main_PN532.c:16:45: warning: pointer targets in passing argument 3 of 'HAL_I2C_Master_Receive' differ in signedness [-Wpointer-sign]
   16 |   HAL_I2C_Master_Receive(&hi2c1, _endereco, rxBuffer, 10, 500);
      |                                             ^~~~~~~~
      |                                             |
      |                                             char *
In file included from ../Core/Inc/stm32f4xx_hal_conf.h:363,
                 from ../Drivers/STM32F4xx_HAL_Driver/Inc/stm32f4xx_hal.h:29,
                 from ../Core/Inc/main.h:30,
                 from ../Core/Inc/usr/main_PN532.h:10,
                 from ../Core/Src/usr/main_PN532.c:1:
../Drivers/STM32F4xx_HAL_Driver/Inc/stm32f4xx_hal_i2c.h:567:97: note: expected 'uint8_t *' {aka 'unsigned char *'} but argument is of type 'char *'
  567 | HAL_StatusTypeDef HAL_I2C_Master_Receive(I2C_HandleTypeDef *hi2c, uint16_t DevAddress, uint8_t *pData, uint16_t Size, uint32_t Timeout);
      |                                                                                        ~~~~~~~~~^~~~~
../Core/Src/usr/main_PN532.c:18:3: warning: implicit declaration of function 'printf' [-Wimplicit-function-declaration]
   18 |   printf(rxBuffer);
      |   ^~~~~~
../Core/Src/usr/main_PN532.c:5:1: note: include '<stdio.h>' or provide a declaration of 'printf'
    4 | #include "i2c.h"
  +++ |+#include <stdio.h>
    5 | 
../Core/Src/usr/main_PN532.c:18:3: warning: incompatible implicit declaration of built-in function 'printf' [-Wbuiltin-declaration-mismatch]
   18 |   printf(rxBuffer);
      |   ^~~~~~
../Core/Src/usr/main_PN532.c:18:3: note: include '<stdio.h>' or provide a declaration of 'printf'
../Core/Src/usr/main_PN532.c: In function 'main_PN532':
../Core/Src/usr/main_PN532.c:56:28: warning: pointer targets in passing argument 2 of 'j3_PN532_GravaTag' differ in signedness [-Wpointer-sign]
   56 |   j3_PN532_GravaTag(pn532, "0x00", 1);
      |                            ^~~~~~
      |                            |
      |                            char *
In file included from ../Core/Src/usr/main_PN532.c:2:
../Core/Inc/usr/J3_PN532.h:32:52: note: expected 'uint8_t *' {aka 'unsigned char *'} but argument is of type 'char *'
   32 | uint8_t j3_PN532_GravaTag(TPN532 *_pn532, uint8_t *_msg, uint8_t _tam); /*  */
      |                                           ~~~~~~~~~^~~~
arm-none-eabi-gcc -o "PN532.elf" @"objects.list"   -mcpu=cortex-m4 -T"C:\NelsonLima\Projetos\Github\lib_PN532\CubeIDE\PN532\STM32F411CEUX_FLASH.ld" --specs=nosys.specs -Wl,-Map="PN532.map" -Wl,--gc-sections -static --specs=nano.specs -mfpu=fpv4-sp-d16 -mfloat-abi=hard -mthumb -Wl,--start-group -lc -lm -Wl,--end-group
Finished building target: PN532.elf
 
arm-none-eabi-size  PN532.elf 
arm-none-eabi-objdump -h -S PN532.elf  > "PN532.list"
   text	   data	    bss	    dec	    hex	filename
  14784	    112	   1992	  16888	   41f8	PN532.elf
Finished building: default.size.stdout
 
Finished building: PN532.list
 
